----------------------------------------------------------------------------------------------------------------------------------------------------------------------------
      name:  <unnamed>
       log:  E:\alex\nsaids-covid-research\analysis\arthritis_log_sens3\06b_an_models_arthritis.log
  log type:  text
 opened on:  15 Jul 2020, 13:25:47

. 
. * Open Stata dataset
. use $tempdir\analysis_dataset_STSET_$outcome, clear

. 
. /* Sense check outcomes=======================================================*/ 
. 
. tab exposure $outcome, missing row

+----------------+
| Key            |
|----------------|
|   frequency    |
| row percentage |
+----------------+

                      |   Failure/censoring
                      |     indicator for
      NSAID Treatment |  outcome: ONS covid
 Exposure in past two |         death
               months |         0          1 |     Total
----------------------+----------------------+----------
non-current NSAID use | 1,577,442      2,475 | 1,579,917 
                      |     99.84       0.16 |    100.00 
----------------------+----------------------+----------
    current NSAID use |   131,046         89 |   131,135 
                      |     99.93       0.07 |    100.00 
----------------------+----------------------+----------
                Total | 1,708,488      2,564 | 1,711,052 
                      |     99.85       0.15 |    100.00 

. 
. /* Main Model=================================================================*/
. 
. /* Univariable model */ 
. 
. stcox i.exposure 

         failure _d:  onscoviddeath
   analysis time _t:  (stime_onscoviddeath-origin)
             origin:  time enter_date
  enter on or after:  time enter_date
                 id:  patient_id

Iteration 0:   log likelihood = -36758.737
Iteration 1:   log likelihood = -36720.582
Iteration 2:   log likelihood = -36717.667
Iteration 3:   log likelihood = -36717.635
Iteration 4:   log likelihood = -36717.635
Refining estimates:
Iteration 0:   log likelihood = -36717.635

Cox regression -- Breslow method for ties

No. of subjects =    1,711,052                  Number of obs    =   1,711,052
No. of failures =        2,564
Time at risk    =    176820188
                                                LR chi2(1)       =       82.20
Log likelihood  =   -36717.635                  Prob > chi2      =      0.0000

------------------------------------------------------------------------------------
                _t | Haz. Ratio   Std. Err.      z    P>|z|     [95% Conf. Interval]
-------------------+----------------------------------------------------------------
          exposure |
current NSAID use  |   .4265934   .0460247    -7.90   0.000      .345286     .527047
------------------------------------------------------------------------------------

. estimates save ./$tempdir/univar, replace 
file ./arthritis_tempdata_sens3/univar.ster saved

. 
. /* Multivariable models */ 
. 
. * Age and Gender 
. * Age fit as spline in first instance, categorical below 
. 
. stcox i.exposure i.male age1 age2 age3 

         failure _d:  onscoviddeath
   analysis time _t:  (stime_onscoviddeath-origin)
             origin:  time enter_date
  enter on or after:  time enter_date
                 id:  patient_id

Iteration 0:   log likelihood = -36758.737
Iteration 1:   log likelihood = -34953.711
Iteration 2:   log likelihood = -34470.904
Iteration 3:   log likelihood = -34466.255
Iteration 4:   log likelihood = -34465.954
Iteration 5:   log likelihood = -34465.952
Iteration 6:   log likelihood = -34465.952
Refining estimates:
Iteration 0:   log likelihood = -34465.952

Cox regression -- Breslow method for ties

No. of subjects =    1,711,052                  Number of obs    =   1,711,052
No. of failures =        2,564
Time at risk    =    176820188
                                                LR chi2(5)       =     4585.57
Log likelihood  =   -34465.952                  Prob > chi2      =      0.0000

------------------------------------------------------------------------------------
                _t | Haz. Ratio   Std. Err.      z    P>|z|     [95% Conf. Interval]
-------------------+----------------------------------------------------------------
          exposure |
current NSAID use  |   .8155869   .0885965    -1.88   0.061     .6591815    1.009103
            1.male |   1.666212   .0671861    12.66   0.000     1.539599    1.803238
              age1 |   1.077284   .0205985     3.89   0.000     1.037659    1.118422
              age2 |   1.044282   .0386192     1.17   0.241     .9712676    1.122785
              age3 |   .9518332   .1156594    -0.41   0.685     .7501178    1.207792
------------------------------------------------------------------------------------

. estimates save ./$tempdir/multivar1, replace 
file ./arthritis_tempdata_sens3/multivar1.ster saved

. 
. * Age, Gender and Comorbidities (note: diabetes variable is diabcat)
. stcox i.exposure i.male age1 age2 age3  i.obese4cat                                     ///
>                                                                                 i.smoke_nomiss                          ///
>                                                                                 i.imd                                           ///
>                                                                                 i.ckd                                           ///             
>                                                                                 i.hypertension                          ///             
>                                                                                 i.heart_failure                         ///             
>                                                                                 i.other_heart_disease           ///             
>                                                                                 i.diabcat                                       ///     
>                                                                                 i.copd                      ///
>                                                                                 i.other_respiratory         ///
>                                                                                 i.immunodef_any                         ///
>                                                                                 i.cancer                                ///     
>                                                                             i.arthritis_type                    ///     
>                                                                                 i.statin                                        ///     
>                                                                                 i.ppi                       ///
>                                                                                 i.steroid_prednisolone      ///
>                                                                                 i.hydroxychloroquine        ///
>                                                                                 i.dmards_primary_care       ///
>                                                                                 i.flu_vaccine                           ///     
>                                                                                 i.pneumococcal_vaccine, strata(stp)                             

         failure _d:  onscoviddeath
   analysis time _t:  (stime_onscoviddeath-origin)
             origin:  time enter_date
  enter on or after:  time enter_date
                 id:  patient_id

Iteration 0:   log likelihood = -28512.712
Iteration 1:   log likelihood = -26345.042
Iteration 2:   log likelihood =  -25753.68
Iteration 3:   log likelihood = -25745.329
Iteration 4:   log likelihood = -25745.132
Iteration 5:   log likelihood = -25745.132
Iteration 6:   log likelihood = -25745.132
Refining estimates:
Iteration 0:   log likelihood = -25745.132

Stratified Cox regr. -- Breslow method for ties

No. of subjects =    1,711,052                  Number of obs    =   1,711,052
No. of failures =        2,564
Time at risk    =    176820188
                                                LR chi2(34)      =     5535.16
Log likelihood  =   -25745.132                  Prob > chi2      =      0.0000

---------------------------------------------------------------------------------------------
                         _t | Haz. Ratio   Std. Err.      z    P>|z|     [95% Conf. Interval]
----------------------------+----------------------------------------------------------------
                   exposure |
         current NSAID use  |     .75774   .0842988    -2.49   0.013     .6092895    .9423596
                     1.male |   1.656924   .0688133    12.16   0.000     1.527395    1.797437
                       age1 |   1.084957   .0211641     4.18   0.000     1.044259    1.127241
                       age2 |   1.033143   .0389696     0.86   0.387     .9595188    1.112416
                       age3 |   .9663558   .1198373    -0.28   0.783     .7578443    1.232237
                            |
                  obese4cat |
         Obese I (30-34.9)  |   .9818078   .0553177    -0.33   0.745     .8791591    1.096442
        Obese II (35-39.9)  |    1.35078   .1081226     3.76   0.000     1.154651    1.580224
           Obese III (40+)  |   1.982548   .2064175     6.57   0.000     1.616587    2.431356
                            |
               smoke_nomiss |
                    Former  |   1.171766   .0507789     3.66   0.000      1.07635     1.27564
                   Current  |    1.07164   .1018406     0.73   0.467     .8895231    1.291043
                            |
                        imd |
                         2  |   1.206176   .0819404     2.76   0.006     1.055808    1.377959
                         3  |   1.289078   .0875424     3.74   0.000     1.128427    1.472601
                         4  |   1.535275   .1020767     6.45   0.000     1.347696    1.748963
           5 most deprived  |   1.915413   .1273397     9.78   0.000     1.681408    2.181984
                            |
                        ckd |
                       CKD  |   1.235205   .0567534     4.60   0.000     1.128832    1.351602
             1.hypertension |   1.062543   .0467735     1.38   0.168     .9747116    1.158288
            1.heart_failure |   1.445451    .097869     5.44   0.000     1.265814     1.65058
      1.other_heart_disease |   1.108291   .0804595     1.42   0.157      .961299     1.27776
                            |
                    diabcat |
       Controlled diabetes  |   1.395549   .0735435     6.32   0.000     1.258601    1.547399
     Uncontrolled diabetes  |   2.240167   .1715249    10.53   0.000     1.927994    2.602886
Diabetes, no hba1c measure  |   .8421516     .34492    -0.42   0.675     .3773668     1.87939
                            |
                     1.copd |   1.183493   .0791939     2.52   0.012     1.038023    1.349348
        1.other_respiratory |   1.859719   .1357517     8.50   0.000     1.611808    2.145762
            1.immunodef_any |   1.593214   .3428847     2.16   0.030     1.044918    2.429216
                   1.cancer |   1.298159   .0627162     5.40   0.000     1.180878    1.427088
                            |
             arthritis_type |
            Osteoarthritis  |   .6354604   .0773114    -3.73   0.000     .5006446      .80658
              Both RA & OA  |   .8395096   .1187991    -1.24   0.216     .6361683    1.107846
                            |
                   1.statin |   .6459794   .0309316    -9.13   0.000     .5881124    .7095402
                      1.ppi |   1.247897    .053147     5.20   0.000      1.14796    1.356534
     1.steroid_prednisolone |   1.526028   .1060519     6.08   0.000     1.331704    1.748707
       1.hydroxychloroquine |    1.20776   .2231334     1.02   0.307     .8408558    1.734763
      1.dmards_primary_care |   1.190724   .1450389     1.43   0.152     .9378399    1.511798
              1.flu_vaccine |   .9884361   .0484868    -0.24   0.813     .8978292    1.088187
     1.pneumococcal_vaccine |   1.038771   .0730745     0.54   0.589     .9049825    1.192338
---------------------------------------------------------------------------------------------
                                                             Stratified by stp

.                                                                                 
. estimates save ./$tempdir/multivar2, replace 
file ./arthritis_tempdata_sens3/multivar2.ster saved

. 
. * Age, Gender and Comorbidities (note: changed diabetes category: grouped no HbA1c to uncontrolled DM after first run because diab causing the model not to converge)
. stcox i.exposure i.male age1 age2 age3  $varlist, strata(stp)

         failure _d:  onscoviddeath
   analysis time _t:  (stime_onscoviddeath-origin)
             origin:  time enter_date
  enter on or after:  time enter_date
                 id:  patient_id

Iteration 0:   log likelihood = -28512.712
Iteration 1:   log likelihood = -26349.938
Iteration 2:   log likelihood = -25757.547
Iteration 3:   log likelihood = -25749.157
Iteration 4:   log likelihood = -25748.961
Iteration 5:   log likelihood =  -25748.96
Iteration 6:   log likelihood =  -25748.96
Refining estimates:
Iteration 0:   log likelihood =  -25748.96

Stratified Cox regr. -- Breslow method for ties

No. of subjects =    1,711,052                  Number of obs    =   1,711,052
No. of failures =        2,564
Time at risk    =    176820188
                                                LR chi2(33)      =     5527.50
Log likelihood  =    -25748.96                  Prob > chi2      =      0.0000

----------------------------------------------------------------------------------------
                    _t | Haz. Ratio   Std. Err.      z    P>|z|     [95% Conf. Interval]
-----------------------+----------------------------------------------------------------
              exposure |
    current NSAID use  |   .7571899   .0842394    -2.50   0.012     .6088445    .9416798
                1.male |   1.658593   .0688762    12.18   0.000     1.528946    1.799234
                  age1 |   1.084916   .0211557     4.18   0.000     1.044234    1.127183
                  age2 |   1.033135    .038959     0.86   0.387     .9595303    1.112386
                  age3 |   .9661637   .1197882    -0.28   0.781     .7577325    1.231929
                       |
             obese4cat |
    Obese I (30-34.9)  |   .9840069   .0554264    -0.29   0.775     .8811549    1.098864
   Obese II (35-39.9)  |   1.356124   .1085149     3.81   0.000     1.159278    1.586394
      Obese III (40+)  |   1.994096    .207544     6.63   0.000     1.626124    2.445336
                       |
          smoke_nomiss |
               Former  |   1.173173   .0508342     3.69   0.000     1.077654     1.27716
              Current  |    1.07234   .1019055     0.73   0.462     .8901062    1.291882
                       |
                   imd |
                    2  |   1.207438   .0820257     2.77   0.006     1.056914    1.379399
                    3  |   1.289797   .0875911     3.75   0.000     1.129056    1.473422
                    4  |   1.537264   .1022114     6.47   0.000     1.349437    1.751234
      5 most deprived  |    1.91706   .1274501     9.79   0.000     1.682853    2.183863
                       |
                   ckd |
                  CKD  |   1.239129   .0568999     4.67   0.000     1.132478    1.355823
        1.hypertension |   1.063005   .0467942     1.39   0.165      .975135    1.158792
       1.heart_failure |   1.447338   .0979833     5.46   0.000      1.26749    1.652706
 1.other_heart_disease |   1.108016   .0804411     1.41   0.158     .9610573    1.277446
                       |
          diab_control |
  Controlled diabetes  |   1.392155   .0733529     6.28   0.000     1.255561     1.54361
Uncontrolled diabetes  |   2.133436   .1606794    10.06   0.000     1.840651    2.472793
                       |
                1.copd |   1.183611   .0791968     2.52   0.012     1.038136    1.349472
   1.other_respiratory |   1.857917   .1356118     8.49   0.000      1.61026    2.143664
       1.immunodef_any |   1.594894   .3432364     2.17   0.030     1.046032    2.431747
              1.cancer |   1.298102    .062713     5.40   0.000     1.180827    1.427025
                       |
        arthritis_type |
       Osteoarthritis  |   .6358338   .0773535    -3.72   0.000     .5009439    .8070457
         Both RA & OA  |   .8387426   .1186907    -1.24   0.214     .6355869    1.106834
                       |
              1.statin |   .6485808   .0310266    -9.05   0.000     .5905336    .7123338
                 1.ppi |    1.24881   .0531855     5.22   0.000     1.148801    1.357527
1.steroid_prednisolone |   1.527491   .1061571     6.10   0.000     1.332975    1.750391
  1.hydroxychloroquine |   1.206976   .2229826     1.02   0.309     .8403175    1.733619
 1.dmards_primary_care |   1.190245   .1449903     1.43   0.153     .9374471    1.511214
         1.flu_vaccine |   .9897347    .048556    -0.21   0.833     .8989989    1.089628
1.pneumococcal_vaccine |    1.03795   .0730202     0.53   0.596     .9042613    1.191403
----------------------------------------------------------------------------------------
                                                             Stratified by stp

. 
. estimates save ./$tempdir/multivar3, replace 
file ./arthritis_tempdata_sens3/multivar3.ster saved

. 
. /* Print table================================================================*/ 
. *  Print the results for the main model 
. 
. cap file close tablecontent

. file open tablecontent using ./$outdir/table2.txt, write text replace

. 
. * Column headings 
. file write tablecontent ("Table 2: Association between current NSAID use and $tableoutcome - $population Population") _n

. file write tablecontent _tab ("Number of events") _tab ("Total person-weeks") _tab ("Rate per 1,000") _tab ("Univariable") _tab _tab ("Age/Sex Adjusted") _tab _tab ///
>                                                 ("Age/Sex and Comorbidity Adjusted") _tab _tab ///
>                                                 ("Age/Sex and Comorbidity (diabetes regroup)") _tab _tab _n

. file write tablecontent _tab _tab _tab _tab ("HR") _tab ("95% CI") _tab ("HR") _tab ///
>                                                 ("95% CI") _tab ("HR") _tab ("95% CI") _tab ("HR") _tab ("95% CI") _n

. file write tablecontent ("Main Analysis") _n                                    

. 
. * Row headings 
. local lab0: label exposure 0

. local lab1: label exposure 1

.  
. /* Counts */
.  
. * First row, exposure = 0 (reference)
. 
.         safecount if exposure == 0 & $outcome == 1
  2,475

.         local event = r(N)

.     bysort exposure: egen total_follow_up = total(_t)

.         su total_follow_up if exposure == 0

    Variable |        Obs        Mean    Std. Dev.       Min        Max
-------------+---------------------------------------------------------
total_foll~p |  1,579,917    1.63e+08           0   1.63e+08   1.63e+08

.         local person_week = r(mean)/7

.         local rate = 1000*(`event'/`person_week')

.         
.         file write tablecontent ("`lab0'") _tab

.         file write tablecontent (`event') _tab %10.0f (`person_week') _tab %3.2f (`rate') _tab

.         file write tablecontent ("1.00 (ref)") _tab _tab ("1.00 (ref)") _tab _tab ("1.00 (ref)") _n

.         
. * Second row, exposure = 1 (NSAID)
. 
. file write tablecontent ("`lab1'") _tab  

. 
.         safecount if exposure == 1 & $outcome == 1
  89

.         local event = r(N)

.         su total_follow_up if exposure == 1

    Variable |        Obs        Mean    Std. Dev.       Min        Max
-------------+---------------------------------------------------------
total_foll~p |    131,135    1.37e+07           0   1.37e+07   1.37e+07

.         local person_week = r(mean)/7

.         local rate = 1000*(`event'/`person_week')

.         file write tablecontent (`event') _tab %10.0f (`person_week') _tab %3.2f (`rate') _tab

. 
. /* Main Model */ 
. estimates use ./$tempdir/univar 

. lincom 1.exposure, eform

 ( 1)  1.exposure = 0

------------------------------------------------------------------------------
          _t |     exp(b)   Std. Err.      z    P>|z|     [95% Conf. Interval]
-------------+----------------------------------------------------------------
         (1) |   .4265934   .0460247    -7.90   0.000      .345286     .527047
------------------------------------------------------------------------------

. file write tablecontent %4.2f (r(estimate)) _tab %4.2f (r(lb)) (" - ") %4.2f (r(ub)) _tab 

. 
. estimates use ./$tempdir/multivar1 

. lincom 1.exposure, eform

 ( 1)  1.exposure = 0

------------------------------------------------------------------------------
          _t |     exp(b)   Std. Err.      z    P>|z|     [95% Conf. Interval]
-------------+----------------------------------------------------------------
         (1) |   .8155869   .0885965    -1.88   0.061     .6591815    1.009103
------------------------------------------------------------------------------

. file write tablecontent %4.2f (r(estimate)) _tab %4.2f (r(lb)) (" - ") %4.2f (r(ub)) _tab 

. 
. estimates use ./$tempdir/multivar2  

. lincom 1.exposure, eform

 ( 1)  1.exposure = 0

------------------------------------------------------------------------------
          _t |     exp(b)   Std. Err.      z    P>|z|     [95% Conf. Interval]
-------------+----------------------------------------------------------------
         (1) |     .75774   .0842988    -2.49   0.013     .6092895    .9423596
------------------------------------------------------------------------------

. file write tablecontent %4.2f (r(estimate)) _tab %4.2f (r(lb)) (" - ") %4.2f (r(ub)) _tab 

. 
. estimates use ./$tempdir/multivar3

. lincom 1.exposure, eform

 ( 1)  1.exposure = 0

------------------------------------------------------------------------------
          _t |     exp(b)   Std. Err.      z    P>|z|     [95% Conf. Interval]
-------------+----------------------------------------------------------------
         (1) |   .7571899   .0842394    -2.50   0.012     .6088445    .9416798
------------------------------------------------------------------------------

. file write tablecontent %4.2f (r(estimate)) _tab %4.2f (r(lb)) (" - ") %4.2f (r(ub)) _n 

. 
. file write tablecontent _n

. file close tablecontent

. 
. 
. * Close log file 
. log close
      name:  <unnamed>
       log:  E:\alex\nsaids-covid-research\analysis\arthritis_log_sens3\06b_an_models_arthritis.log
  log type:  text
 closed on:  15 Jul 2020, 13:33:42
----------------------------------------------------------------------------------------------------------------------------------------------------------------------------
