----------------------------------------------------------------------------------------------------------------------------------------------------------------------------
      name:  <unnamed>
       log:  E:\alex\nsaids-covid-research\analysis\arthritis_log_sens3\08_an_model_checks.log
  log type:  text
 opened on:  15 Jul 2020, 13:33:42

. 
. * Open Stata dataset
. use $tempdir\analysis_dataset_STSET_$outcome, clear

. 
. /* Quietly run models, perform test and store results in local macro==========*/
. 
. qui stcox i.exposure 

. estat phtest, detail

      Test of proportional-hazards assumption

      Time:  Time
      ----------------------------------------------------------------
                  |       rho            chi2       df       Prob>chi2
      ------------+---------------------------------------------------
      0b.exposure |            .            .        1             .
      1.exposure  |     -0.00085         0.00        1         0.9657
      ------------+---------------------------------------------------
      global test |                      0.00        1         0.9657
      ----------------------------------------------------------------

. local univar_p = round(r(p),0.001)

. di `univar_p'
.966

.  
. estat phtest, plot(1.exposure) ///
>                           graphregion(fcolor(white)) ///
>                           ylabel(, nogrid labsize(small)) ///
>                           xlabel(, labsize(small)) ///
>                           xtitle("Time", size(small)) ///
>                           ytitle("Scaled Schoenfeld Residuals", size(small)) ///
>                           msize(small) ///
>                           mcolor(gs6) ///
>                           msymbol(circle_hollow) ///
>                           scheme(s1mono) ///
>                           title ("Schoenfeld residuals against time, univariable", position(11) size(medsmall)) 

. 
. graph export "$outdir/schoenplot1.svg", as(svg) replace
(file arthritis_output_sens3/schoenplot1.svg written in SVG format)

. 
. * Close window 
. graph close  

.                           
. stcox i.exposure i.male age1 age2 age3 

         failure _d:  onscoviddeath
   analysis time _t:  (stime_onscoviddeath-origin)
             origin:  time enter_date
  enter on or after:  time enter_date
                 id:  patient_id

Iteration 0:   log likelihood = -36758.737
Iteration 1:   log likelihood = -34953.711
Iteration 2:   log likelihood = -34470.904
Iteration 3:   log likelihood = -34466.255
Iteration 4:   log likelihood = -34465.954
Iteration 5:   log likelihood = -34465.952
Iteration 6:   log likelihood = -34465.952
Refining estimates:
Iteration 0:   log likelihood = -34465.952

Cox regression -- Breslow method for ties

No. of subjects =    1,711,052                  Number of obs    =   1,711,052
No. of failures =        2,564
Time at risk    =    176820188
                                                LR chi2(5)       =     4585.57
Log likelihood  =   -34465.952                  Prob > chi2      =      0.0000

------------------------------------------------------------------------------------
                _t | Haz. Ratio   Std. Err.      z    P>|z|     [95% Conf. Interval]
-------------------+----------------------------------------------------------------
          exposure |
current NSAID use  |   .8155869   .0885965    -1.88   0.061     .6591815    1.009103
            1.male |   1.666212   .0671861    12.66   0.000     1.539599    1.803238
              age1 |   1.077284   .0205985     3.89   0.000     1.037659    1.118422
              age2 |   1.044282   .0386192     1.17   0.241     .9712676    1.122785
              age3 |   .9518332   .1156594    -0.41   0.685     .7501178    1.207792
------------------------------------------------------------------------------------

. estat phtest, detail

      Test of proportional-hazards assumption

      Time:  Time
      ----------------------------------------------------------------
                  |       rho            chi2       df       Prob>chi2
      ------------+---------------------------------------------------
      0b.exposure |            .            .        1             .
      1.exposure  |      0.01820         0.85        1         0.3577
      0b.male     |            .            .        1             .
      1.male      |     -0.06946        12.29        1         0.0005
      age1        |     -0.02016         0.83        1         0.3619
      age2        |      0.02415         1.26        1         0.2611
      age3        |     -0.01673         0.63        1         0.4290
      ------------+---------------------------------------------------
      global test |                     86.63        5         0.0000
      ----------------------------------------------------------------

. local multivar1_p = round(r(phtest)[2,4],0.001)

.  
. estat phtest, plot(1.exposure) ///
>                           graphregion(fcolor(white)) ///
>                           ylabel(, nogrid labsize(small)) ///
>                           xlabel(, labsize(small)) ///
>                           xtitle("Time", size(small)) ///
>                           ytitle("Scaled Schoenfeld Residuals", size(small)) ///
>                           msize(small) ///
>                           mcolor(gs6) ///
>                           msymbol(circle_hollow) ///
>                           scheme(s1mono) ///
>                           title ("Schoenfeld residuals against time, age and sex adjusted", position(11) size(medsmall))                          

. 
. graph export "$outdir/schoenplot2.svg", as(svg) replace
(file arthritis_output_sens3/schoenplot2.svg written in SVG format)

. 
. * Close window 
. graph close

.                   
. stcox i.exposure i.male age1 age2 age3 $varlist, strata(stp)

         failure _d:  onscoviddeath
   analysis time _t:  (stime_onscoviddeath-origin)
             origin:  time enter_date
  enter on or after:  time enter_date
                 id:  patient_id

Iteration 0:   log likelihood = -28512.712
Iteration 1:   log likelihood = -26349.938
Iteration 2:   log likelihood = -25757.547
Iteration 3:   log likelihood = -25749.157
Iteration 4:   log likelihood = -25748.961
Iteration 5:   log likelihood =  -25748.96
Iteration 6:   log likelihood =  -25748.96
Refining estimates:
Iteration 0:   log likelihood =  -25748.96

Stratified Cox regr. -- Breslow method for ties

No. of subjects =    1,711,052                  Number of obs    =   1,711,052
No. of failures =        2,564
Time at risk    =    176820188
                                                LR chi2(33)      =     5527.50
Log likelihood  =    -25748.96                  Prob > chi2      =      0.0000

----------------------------------------------------------------------------------------
                    _t | Haz. Ratio   Std. Err.      z    P>|z|     [95% Conf. Interval]
-----------------------+----------------------------------------------------------------
              exposure |
    current NSAID use  |   .7571899   .0842394    -2.50   0.012     .6088445    .9416798
                1.male |   1.658593   .0688762    12.18   0.000     1.528946    1.799234
                  age1 |   1.084916   .0211557     4.18   0.000     1.044234    1.127183
                  age2 |   1.033135    .038959     0.86   0.387     .9595303    1.112386
                  age3 |   .9661637   .1197882    -0.28   0.781     .7577325    1.231929
                       |
             obese4cat |
    Obese I (30-34.9)  |   .9840069   .0554264    -0.29   0.775     .8811549    1.098864
   Obese II (35-39.9)  |   1.356124   .1085149     3.81   0.000     1.159278    1.586394
      Obese III (40+)  |   1.994096    .207544     6.63   0.000     1.626124    2.445336
                       |
          smoke_nomiss |
               Former  |   1.173173   .0508342     3.69   0.000     1.077654     1.27716
              Current  |    1.07234   .1019055     0.73   0.462     .8901062    1.291882
                       |
                   imd |
                    2  |   1.207438   .0820257     2.77   0.006     1.056914    1.379399
                    3  |   1.289797   .0875911     3.75   0.000     1.129056    1.473422
                    4  |   1.537264   .1022114     6.47   0.000     1.349437    1.751234
      5 most deprived  |    1.91706   .1274501     9.79   0.000     1.682853    2.183863
                       |
                   ckd |
                  CKD  |   1.239129   .0568999     4.67   0.000     1.132478    1.355823
        1.hypertension |   1.063005   .0467942     1.39   0.165      .975135    1.158792
       1.heart_failure |   1.447338   .0979833     5.46   0.000      1.26749    1.652706
 1.other_heart_disease |   1.108016   .0804411     1.41   0.158     .9610573    1.277446
                       |
          diab_control |
  Controlled diabetes  |   1.392155   .0733529     6.28   0.000     1.255561     1.54361
Uncontrolled diabetes  |   2.133436   .1606794    10.06   0.000     1.840651    2.472793
                       |
                1.copd |   1.183611   .0791968     2.52   0.012     1.038136    1.349472
   1.other_respiratory |   1.857917   .1356118     8.49   0.000      1.61026    2.143664
       1.immunodef_any |   1.594894   .3432364     2.17   0.030     1.046032    2.431747
              1.cancer |   1.298102    .062713     5.40   0.000     1.180827    1.427025
                       |
        arthritis_type |
       Osteoarthritis  |   .6358338   .0773535    -3.72   0.000     .5009439    .8070457
         Both RA & OA  |   .8387426   .1186907    -1.24   0.214     .6355869    1.106834
                       |
              1.statin |   .6485808   .0310266    -9.05   0.000     .5905336    .7123338
                 1.ppi |    1.24881   .0531855     5.22   0.000     1.148801    1.357527
1.steroid_prednisolone |   1.527491   .1061571     6.10   0.000     1.332975    1.750391
  1.hydroxychloroquine |   1.206976   .2229826     1.02   0.309     .8403175    1.733619
 1.dmards_primary_care |   1.190245   .1449903     1.43   0.153     .9374471    1.511214
         1.flu_vaccine |   .9897347    .048556    -0.21   0.833     .8989989    1.089628
1.pneumococcal_vaccine |    1.03795   .0730202     0.53   0.596     .9042613    1.191403
----------------------------------------------------------------------------------------
                                                             Stratified by stp

. estat phtest, detail

      Test of proportional-hazards assumption

      Time:  Time
      ----------------------------------------------------------------
                  |       rho            chi2       df       Prob>chi2
      ------------+---------------------------------------------------
      0b.exposure |            .            .        1             .
      1.exposure  |      0.02135         1.17        1         0.2793
      0b.male     |            .            .        1             .
      1.male      |     -0.07129        13.01        1         0.0003
      age1        |     -0.01455         0.45        1         0.5041
      age2        |      0.02414         1.30        1         0.2536
      age3        |     -0.01983         0.91        1         0.3394
      1b.obese4cat|            .            .        1             .
      2.obese4cat |     -0.03780         3.58        1         0.0584
      3.obese4cat |     -0.02656         1.79        1         0.1815
      4.obese4cat |     -0.02215         1.22        1         0.2689
      1b.smoke_n~s|            .            .        1             .
      2.smoke_no~s|     -0.00209         0.01        1         0.9167
      3.smoke_no~s|      0.04988         6.31        1         0.0120
      1b.imd      |            .            .        1             .
      2.imd       |      0.01055         0.29        1         0.5930
      3.imd       |      0.01888         0.91        1         0.3399
      4.imd       |     -0.00565         0.08        1         0.7746
      5.imd       |     -0.01533         0.60        1         0.4393
      0b.ckd      |            .            .        1             .
      1.ckd       |     -0.01023         0.29        1         0.5916
      0b.hyperte~n|            .            .        1             .
      1.hyperten~n|      0.02748         2.01        1         0.1563
      0b.heart_~re|            .            .        1             .
      1.heart_f~re|     -0.00485         0.06        1         0.8038
      0b.other_~se|            .            .        1             .
      1.other_h~se|     -0.01712         0.76        1         0.3834
      1b.diab_co~l|            .            .        1             .
      2.diab_con~l|      0.00191         0.01        1         0.9227
      3.diab_con~l|     -0.01946         0.95        1         0.3302
      0b.copd     |            .            .        1             .
      1.copd      |     -0.02469         1.44        1         0.2301
      0b.other_r~y|            .            .        1             .
      1.other_re~y|     -0.01463         0.52        1         0.4699
      0b.immunod~y|            .            .        1             .
      1.immunode~y|     -0.01866         0.89        1         0.3464
      0b.cancer   |            .            .        1             .
      1.cancer    |      0.03239         2.77        1         0.0962
      1b.arthrit~e|            .            .        1             .
      2.arthriti~e|     -0.01220         0.41        1         0.5245
      3.arthriti~e|     -0.02078         1.11        1         0.2924
      0b.statin   |            .            .        1             .
      1.statin    |     -0.05753         8.32        1         0.0039
      0b.ppi      |            .            .        1             .
      1.ppi       |     -0.01723         0.76        1         0.3837
      0b.steroi~ne|            .            .        1             .
      1.steroid~ne|     -0.03237         2.63        1         0.1048
      0b.hydrox~ne|            .            .        1             .
      1.hydroxy~ne|     -0.00804         0.17        1         0.6798
      0b.dmards~re|            .            .        1             .
      1.dmards_~re|     -0.00497         0.07        1         0.7879
      0b.flu_vac~e|            .            .        1             .
      1.flu_vacc~e|     -0.03153         2.75        1         0.0971
      0b.pneumoc~e|            .            .        1             .
      1.pneumoco~e|     -0.03270         2.73        1         0.0982
      ------------+---------------------------------------------------
      global test |                    153.97       33         0.0000
      ----------------------------------------------------------------

. local multivar2_p = round(r(phtest)[2,4],0.001)

.  
. estat phtest, plot(1.exposure) ///
>                           graphregion(fcolor(white)) ///
>                           ylabel(, nogrid labsize(small)) ///
>                           xlabel(, labsize(small)) ///
>                           xtitle("Time", size(small)) ///
>                           ytitle("Scaled Schoenfeld Residuals", size(small)) ///
>                           msize(small) ///
>                           mcolor(gs6) ///
>                           msymbol(circle_hollow) ///
>                           scheme(s1mono) ///
>                           title ("Schoenfeld residuals against time, fully adjusted", position(11) size(medsmall))                

.                           
. graph export "$outdir/schoenplot3.svg", as(svg) replace
(file arthritis_output_sens3/schoenplot3.svg written in SVG format)

. 
. * Close window 
. graph close

. 
. * Print table of results======================================================*/        
. 
. 
. cap file close tablecontent

. file open tablecontent using ./$outdir/table4.txt, write text replace

. 
. * Column headings 
. file write tablecontent ("Table 4: Testing the PH assumption - $population Population") _n

. file write tablecontent _tab ("Univariable") _tab ("Age/Sex Adjusted") _tab ///
>                                                 ("Age/Sex and Comorbidity Adjusted") _tab _n

.                                                 
. file write tablecontent _tab ("p-value") _tab ("p-value") _tab ("p-value") _tab _n

. 
. * Row heading and content  
. file write tablecontent ("Treatment Exposure") _tab

. file write tablecontent ("`univar_p'") _tab ("`multivar1_p'") _tab ("`multivar2_p'")

. 
. file write tablecontent _n

. file close tablecontent

. 
. * Close log file 
. log close
      name:  <unnamed>
       log:  E:\alex\nsaids-covid-research\analysis\arthritis_log_sens3\08_an_model_checks.log
  log type:  text
 closed on:  15 Jul 2020, 13:50:03
----------------------------------------------------------------------------------------------------------------------------------------------------------------------------
