----------------------------------------------------------------------------------------------------------------------------------------------------------------------------
      name:  <unnamed>
       log:  E:\alex\nsaids-covid-research\analysis\arthritis_log_sens6\06b_an_models_arthritis.log
  log type:  text
 opened on:  15 Jul 2020, 15:57:27

. 
. * Open Stata dataset
. use $tempdir\analysis_dataset_STSET_$outcome, clear

. 
. /* Sense check outcomes=======================================================*/ 
. 
. tab exposure $outcome, missing row

+----------------+
| Key            |
|----------------|
|   frequency    |
| row percentage |
+----------------+

                      |   Failure/censoring
                      |     indicator for
                      |  outcome: ONS covid
      NSAID Treatment |         death
             Exposure |         0          1 |     Total
----------------------+----------------------+----------
non-current NSAID use | 1,532,976      2,455 | 1,535,431 
                      |     99.84       0.16 |    100.00 
----------------------+----------------------+----------
    current NSAID use |   175,508        123 |   175,631 
                      |     99.93       0.07 |    100.00 
----------------------+----------------------+----------
                Total | 1,708,484      2,578 | 1,711,062 
                      |     99.85       0.15 |    100.00 

. 
. /* Main Model=================================================================*/
. 
. /* Univariable model */ 
. 
. stcox i.exposure 

         failure _d:  onscoviddeath
   analysis time _t:  (stime_onscoviddeath-origin)
             origin:  time enter_date
  enter on or after:  time enter_date
                 id:  patient_id

Iteration 0:   log likelihood = -36992.092
Iteration 1:   log likelihood = -36943.532
Iteration 2:   log likelihood =  -36940.24
Iteration 3:   log likelihood = -36940.211
Iteration 4:   log likelihood = -36940.211
Refining estimates:
Iteration 0:   log likelihood = -36940.211

Cox regression -- Breslow method for ties

No. of subjects =    1,711,062                  Number of obs    =   1,711,062
No. of failures =        2,578
Time at risk    =    179053615
                                                LR chi2(1)       =      103.76
Log likelihood  =   -36940.211                  Prob > chi2      =      0.0000

------------------------------------------------------------------------------------
                _t | Haz. Ratio   Std. Err.      z    P>|z|     [95% Conf. Interval]
-------------------+----------------------------------------------------------------
          exposure |
current NSAID use  |   .4372525   .0404013    -8.95   0.000     .3648236    .5240609
------------------------------------------------------------------------------------

. estimates save ./$tempdir/univar, replace 
file ./arthritis_tempdata_sens6/univar.ster saved

. 
. /* Multivariable models */ 
. 
. * Age and Gender 
. * Age fit as spline in first instance, categorical below 
. 
. stcox i.exposure i.male age1 age2 age3 

         failure _d:  onscoviddeath
   analysis time _t:  (stime_onscoviddeath-origin)
             origin:  time enter_date
  enter on or after:  time enter_date
                 id:  patient_id

Iteration 0:   log likelihood = -36992.092
Iteration 1:   log likelihood =  -35182.81
Iteration 2:   log likelihood =  -34689.27
Iteration 3:   log likelihood = -34684.755
Iteration 4:   log likelihood = -34684.478
Iteration 5:   log likelihood = -34684.477
Iteration 6:   log likelihood = -34684.477
Refining estimates:
Iteration 0:   log likelihood = -34684.477

Cox regression -- Breslow method for ties

No. of subjects =    1,711,062                  Number of obs    =   1,711,062
No. of failures =        2,578
Time at risk    =    179053615
                                                LR chi2(5)       =     4615.23
Log likelihood  =   -34684.477                  Prob > chi2      =      0.0000

------------------------------------------------------------------------------------
                _t | Haz. Ratio   Std. Err.      z    P>|z|     [95% Conf. Interval]
-------------------+----------------------------------------------------------------
          exposure |
current NSAID use  |   .8366517    .078011    -1.91   0.056     .6969105    1.004413
            1.male |   1.665744   .0669767    12.69   0.000     1.539511    1.802327
              age1 |   1.076685   .0203846     3.90   0.000     1.037464    1.117389
              age2 |   1.045311   .0383345     1.21   0.227     .9728137    1.123211
              age3 |   .9487676   .1144198    -0.44   0.663     .7490424    1.201748
------------------------------------------------------------------------------------

. estimates save ./$tempdir/multivar1, replace 
file ./arthritis_tempdata_sens6/multivar1.ster saved

. 
. * Age, Gender and Comorbidities (note: diabetes variable is diabcat)
. stcox i.exposure i.male age1 age2 age3  i.obese4cat                                     ///
>                                                                                 i.smoke_nomiss                          ///
>                                                                                 i.imd                                           ///
>                                                                                 i.ckd                                           ///             
>                                                                                 i.hypertension                          ///             
>                                                                                 i.heart_failure                         ///             
>                                                                                 i.other_heart_disease           ///             
>                                                                                 i.diabcat                                       ///     
>                                                                                 i.copd                      ///
>                                                                                 i.other_respiratory         ///
>                                                                                 i.immunodef_any                         ///
>                                                                                 i.cancer                                ///     
>                                                                             i.arthritis_type                    ///     
>                                                                                 i.statin                                        ///     
>                                                                                 i.ppi                       ///
>                                                                                 i.steroid_prednisolone      ///
>                                                                                 i.hydroxychloroquine        ///
>                                                                                 i.dmards_primary_care       ///
>                                                                                 i.flu_vaccine                           ///     
>                                                                                 i.pneumococcal_vaccine, strata(stp)                             

         failure _d:  onscoviddeath
   analysis time _t:  (stime_onscoviddeath-origin)
             origin:  time enter_date
  enter on or after:  time enter_date
                 id:  patient_id

Iteration 0:   log likelihood = -28702.966
Iteration 1:   log likelihood = -26529.403
Iteration 2:   log likelihood = -25925.735
Iteration 3:   log likelihood = -25917.341
Iteration 4:   log likelihood = -25917.164
Iteration 5:   log likelihood = -25917.163
Iteration 6:   log likelihood = -25917.163
Refining estimates:
Iteration 0:   log likelihood = -25917.163

Stratified Cox regr. -- Breslow method for ties

No. of subjects =    1,711,062                  Number of obs    =   1,711,062
No. of failures =        2,578
Time at risk    =    179053615
                                                LR chi2(34)      =     5571.61
Log likelihood  =   -25917.163                  Prob > chi2      =      0.0000

---------------------------------------------------------------------------------------------
                         _t | Haz. Ratio   Std. Err.      z    P>|z|     [95% Conf. Interval]
----------------------------+----------------------------------------------------------------
                   exposure |
         current NSAID use  |   .7816755   .0752006    -2.56   0.010     .6473471    .9438778
                     1.male |   1.655219   .0685462    12.17   0.000     1.526179     1.79517
                       age1 |    1.08431   .0209429     4.19   0.000      1.04403    1.126144
                       age2 |   1.033961    .038675     0.89   0.372     .9608716     1.11261
                       age3 |   .9643486   .1186946    -0.29   0.768     .7576452    1.227446
                            |
                  obese4cat |
         Obese I (30-34.9)  |   .9834286   .0552195    -0.30   0.766      .880943    1.097837
        Obese II (35-39.9)  |   1.356696   .1080543     3.83   0.000     1.160616    1.585903
           Obese III (40+)  |   1.969985   .2050333     6.51   0.000     1.606464    2.415765
                            |
               smoke_nomiss |
                    Former  |   1.171617   .0506349     3.66   0.000     1.076462    1.275184
                   Current  |   1.060912   .1007703     0.62   0.534     .8807007    1.277999
                            |
                        imd |
                         2  |   1.208616   .0818771     2.80   0.005     1.058337    1.380234
                         3  |    1.29127   .0874489     3.77   0.000     1.130762    1.474562
                         4  |   1.539534   .1020565     6.51   0.000     1.351957    1.753137
           5 most deprived  |   1.912583   .1268778     9.77   0.000     1.679395    2.178149
                            |
                        ckd |
                       CKD  |   1.230903   .0564626     4.53   0.000     1.125067    1.346695
             1.hypertension |   1.055973   .0463179     1.24   0.214     .9689841    1.150771
            1.heart_failure |   1.442084   .0976172     5.41   0.000     1.262907    1.646683
      1.other_heart_disease |   1.110852   .0804713     1.45   0.147     .9638159    1.280318
                            |
                    diabcat |
       Controlled diabetes  |   1.392983   .0732992     6.30   0.000     1.256479    1.544316
     Uncontrolled diabetes  |   2.251489   .1716414    10.65   0.000     1.939004    2.614332
Diabetes, no hba1c measure  |   .8404643   .3442198    -0.42   0.671     .3766188    1.875584
                            |
                     1.copd |   1.190765   .0793674     2.62   0.009      1.04494     1.35694
        1.other_respiratory |   1.862166   .1354362     8.55   0.000     1.614768    2.147468
            1.immunodef_any |   1.579846   .3399943     2.13   0.034     1.036167    2.408793
                   1.cancer |    1.30469   .0627881     5.53   0.000     1.187253    1.433743
                            |
             arthritis_type |
            Osteoarthritis  |   .6379745   .0773261    -3.71   0.000     .5030752    .8090471
              Both RA & OA  |   .8462445   .1189242    -1.19   0.235     .6425028    1.114594
                            |
                   1.statin |   .6468322   .0308902    -9.12   0.000     .5890357    .7102998
                      1.ppi |   1.250643   .0534738     5.23   0.000     1.150108    1.359967
     1.steroid_prednisolone |   1.518029   .1052924     6.02   0.000     1.325072    1.739083
       1.hydroxychloroquine |   1.180305   .2179063     0.90   0.369     .8219524    1.694892
      1.dmards_primary_care |   1.219394   .1470832     1.64   0.100      .962658    1.544599
              1.flu_vaccine |    .990328   .0484707    -0.20   0.843     .8997416    1.090035
     1.pneumococcal_vaccine |   1.038938   .0727958     0.55   0.586     .9056247    1.191877
---------------------------------------------------------------------------------------------
                                                             Stratified by stp

.                                                                                 
. estimates save ./$tempdir/multivar2, replace 
file ./arthritis_tempdata_sens6/multivar2.ster saved

. 
. * Age, Gender and Comorbidities (note: changed diabetes category: grouped no HbA1c to uncontrolled DM after first run because diab causing the model not to converge)
. stcox i.exposure i.male age1 age2 age3  $varlist, strata(stp)

         failure _d:  onscoviddeath
   analysis time _t:  (stime_onscoviddeath-origin)
             origin:  time enter_date
  enter on or after:  time enter_date
                 id:  patient_id

Iteration 0:   log likelihood = -28702.966
Iteration 1:   log likelihood = -26534.404
Iteration 2:   log likelihood = -25929.671
Iteration 3:   log likelihood = -25921.237
Iteration 4:   log likelihood = -25921.059
Iteration 5:   log likelihood = -25921.059
Iteration 6:   log likelihood = -25921.059
Refining estimates:
Iteration 0:   log likelihood = -25921.059

Stratified Cox regr. -- Breslow method for ties

No. of subjects =    1,711,062                  Number of obs    =   1,711,062
No. of failures =        2,578
Time at risk    =    179053615
                                                LR chi2(33)      =     5563.81
Log likelihood  =   -25921.059                  Prob > chi2      =      0.0000

----------------------------------------------------------------------------------------
                    _t | Haz. Ratio   Std. Err.      z    P>|z|     [95% Conf. Interval]
-----------------------+----------------------------------------------------------------
              exposure |
    current NSAID use  |   .7807419   .0751124    -2.57   0.010     .6465714    .9427543
                1.male |   1.656958   .0686116    12.20   0.000     1.527794    1.797042
                  age1 |   1.084269   .0209348     4.19   0.000     1.044004    1.126086
                  age2 |   1.033949   .0386646     0.89   0.372     .9608784    1.112577
                  age3 |   .9641692   .1186485    -0.30   0.767     .7575413    1.227157
                       |
             obese4cat |
    Obese I (30-34.9)  |   .9856304   .0553281    -0.26   0.797     .8829418    1.100262
   Obese II (35-39.9)  |   1.362128   .1084512     3.88   0.000     1.165322    1.592171
      Obese III (40+)  |   1.981594   .2061663     6.57   0.000     1.616051    2.429821
                       |
          smoke_nomiss |
               Former  |   1.173065   .0506917     3.69   0.000     1.077802    1.276748
              Current  |   1.061654   .1008391     0.63   0.529     .8813192    1.278888
                       |
                   imd |
                    2  |   1.209871   .0819616     2.81   0.005     1.059438    1.381666
                    3  |   1.292005   .0874985     3.78   0.000     1.131406    1.475402
                    4  |   1.541582   .1021947     6.53   0.000      1.35375    1.755474
      5 most deprived  |   1.914253   .1269894     9.79   0.000     1.680861    2.180053
                       |
                   ckd |
                  CKD  |   1.234815   .0566085     4.60   0.000     1.128703    1.350902
        1.hypertension |   1.056434   .0463386     1.25   0.211     .9694066    1.151275
       1.heart_failure |   1.443996   .0977328     5.43   0.000     1.264605    1.648835
 1.other_heart_disease |   1.110554   .0804514     1.45   0.148      .963555    1.279979
                       |
          diab_control |
  Controlled diabetes  |   1.389556    .073107     6.25   0.000     1.253409    1.540491
Uncontrolled diabetes  |   2.143944   .1607815    10.17   0.000     1.850883    2.483407
                       |
                1.copd |   1.190865   .0793691     2.62   0.009     1.045037    1.357043
   1.other_respiratory |   1.860342   .1352952     8.54   0.000       1.6132    2.145345
       1.immunodef_any |    1.58156   .3403536     2.13   0.033     1.037304    2.411378
              1.cancer |   1.304649   .0627856     5.53   0.000     1.187217    1.433697
                       |
        arthritis_type |
       Osteoarthritis  |   .6383579   .0773696    -3.70   0.000     .5033821    .8095259
         Both RA & OA  |   .8455509   .1188268    -1.19   0.233     .6419762     1.11368
                       |
              1.statin |   .6494548   .0309858    -9.05   0.000     .5914767     .713116
                 1.ppi |   1.251669    .053518     5.25   0.000     1.151051    1.361083
1.steroid_prednisolone |   1.519466   .1053962     6.03   0.000     1.326319    1.740739
  1.hydroxychloroquine |   1.179435   .2177381     0.89   0.371     .8213567    1.693621
 1.dmards_primary_care |   1.218885   .1470314     1.64   0.101     .9622415    1.543978
         1.flu_vaccine |   .9916278   .0485401    -0.17   0.864     .9009122    1.091478
1.pneumococcal_vaccine |   1.038126   .0727425     0.53   0.593     .9049106    1.190953
----------------------------------------------------------------------------------------
                                                             Stratified by stp

. 
. estimates save ./$tempdir/multivar3, replace 
file ./arthritis_tempdata_sens6/multivar3.ster saved

. 
. /* Print table================================================================*/ 
. *  Print the results for the main model 
. 
. cap file close tablecontent

. file open tablecontent using ./$outdir/table2.txt, write text replace

. 
. * Column headings 
. file write tablecontent ("Table 2: Association between current NSAID use and $tableoutcome - $population Population") _n

. file write tablecontent _tab ("Number of events") _tab ("Total person-weeks") _tab ("Rate per 1,000") _tab ("Univariable") _tab _tab ("Age/Sex Adjusted") _tab _tab ///
>                                                 ("Age/Sex and Comorbidity Adjusted") _tab _tab ///
>                                                 ("Age/Sex and Comorbidity (diabetes regroup)") _tab _tab _n

. file write tablecontent _tab _tab _tab _tab ("HR") _tab ("95% CI") _tab ("HR") _tab ///
>                                                 ("95% CI") _tab ("HR") _tab ("95% CI") _tab ("HR") _tab ("95% CI") _n

. file write tablecontent ("Main Analysis") _n                                    

. 
. * Row headings 
. local lab0: label exposure 0

. local lab1: label exposure 1

.  
. /* Counts */
.  
. * First row, exposure = 0 (reference)
. 
.         safecount if exposure == 0 & $outcome == 1
  2,455

.         local event = r(N)

.     bysort exposure: egen total_follow_up = total(_t)

.         su total_follow_up if exposure == 0

    Variable |        Obs        Mean    Std. Dev.       Min        Max
-------------+---------------------------------------------------------
total_foll~p |  1,535,431    1.61e+08           0   1.61e+08   1.61e+08

.         local person_week = r(mean)/7

.         local rate = 1000*(`event'/`person_week')

.         
.         file write tablecontent ("`lab0'") _tab

.         file write tablecontent (`event') _tab %10.0f (`person_week') _tab %3.2f (`rate') _tab

.         file write tablecontent ("1.00 (ref)") _tab _tab ("1.00 (ref)") _tab _tab ("1.00 (ref)") _n

.         
. * Second row, exposure = 1 (NSAID)
. 
. file write tablecontent ("`lab1'") _tab  

. 
.         safecount if exposure == 1 & $outcome == 1
  123

.         local event = r(N)

.         su total_follow_up if exposure == 1

    Variable |        Obs        Mean    Std. Dev.       Min        Max
-------------+---------------------------------------------------------
total_foll~p |    175,631    1.84e+07           0   1.84e+07   1.84e+07

.         local person_week = r(mean)/7

.         local rate = 1000*(`event'/`person_week')

.         file write tablecontent (`event') _tab %10.0f (`person_week') _tab %3.2f (`rate') _tab

. 
. /* Main Model */ 
. estimates use ./$tempdir/univar 

. lincom 1.exposure, eform

 ( 1)  1.exposure = 0

------------------------------------------------------------------------------
          _t |     exp(b)   Std. Err.      z    P>|z|     [95% Conf. Interval]
-------------+----------------------------------------------------------------
         (1) |   .4372525   .0404013    -8.95   0.000     .3648236    .5240609
------------------------------------------------------------------------------

. file write tablecontent %4.2f (r(estimate)) _tab %4.2f (r(lb)) (" - ") %4.2f (r(ub)) _tab 

. 
. estimates use ./$tempdir/multivar1 

. lincom 1.exposure, eform

 ( 1)  1.exposure = 0

------------------------------------------------------------------------------
          _t |     exp(b)   Std. Err.      z    P>|z|     [95% Conf. Interval]
-------------+----------------------------------------------------------------
         (1) |   .8366517    .078011    -1.91   0.056     .6969105    1.004413
------------------------------------------------------------------------------

. file write tablecontent %4.2f (r(estimate)) _tab %4.2f (r(lb)) (" - ") %4.2f (r(ub)) _tab 

. 
. estimates use ./$tempdir/multivar2  

. lincom 1.exposure, eform

 ( 1)  1.exposure = 0

------------------------------------------------------------------------------
          _t |     exp(b)   Std. Err.      z    P>|z|     [95% Conf. Interval]
-------------+----------------------------------------------------------------
         (1) |   .7816755   .0752006    -2.56   0.010     .6473471    .9438778
------------------------------------------------------------------------------

. file write tablecontent %4.2f (r(estimate)) _tab %4.2f (r(lb)) (" - ") %4.2f (r(ub)) _tab 

. 
. estimates use ./$tempdir/multivar3

. lincom 1.exposure, eform

 ( 1)  1.exposure = 0

------------------------------------------------------------------------------
          _t |     exp(b)   Std. Err.      z    P>|z|     [95% Conf. Interval]
-------------+----------------------------------------------------------------
         (1) |   .7807419   .0751124    -2.57   0.010     .6465714    .9427543
------------------------------------------------------------------------------

. file write tablecontent %4.2f (r(estimate)) _tab %4.2f (r(lb)) (" - ") %4.2f (r(ub)) _n 

. 
. file write tablecontent _n

. file close tablecontent

. 
. 
. * Close log file 
. log close
      name:  <unnamed>
       log:  E:\alex\nsaids-covid-research\analysis\arthritis_log_sens6\06b_an_models_arthritis.log
  log type:  text
 closed on:  15 Jul 2020, 16:05:18
----------------------------------------------------------------------------------------------------------------------------------------------------------------------------
