----------------------------------------------------------------------------------------------------------------------------------------------------------------------------
      name:  <unnamed>
       log:  E:\alex\nsaids-covid-research\analysis\arthritis_log_sens6\08_an_model_checks.log
  log type:  text
 opened on:  15 Jul 2020, 16:05:18

. 
. * Open Stata dataset
. use $tempdir\analysis_dataset_STSET_$outcome, clear

. 
. /* Quietly run models, perform test and store results in local macro==========*/
. 
. qui stcox i.exposure 

. estat phtest, detail

      Test of proportional-hazards assumption

      Time:  Time
      ----------------------------------------------------------------
                  |       rho            chi2       df       Prob>chi2
      ------------+---------------------------------------------------
      0b.exposure |            .            .        1             .
      1.exposure  |     -0.02255         1.31        1         0.2523
      ------------+---------------------------------------------------
      global test |                      1.31        1         0.2523
      ----------------------------------------------------------------

. local univar_p = round(r(p),0.001)

. di `univar_p'
.252

.  
. estat phtest, plot(1.exposure) ///
>                           graphregion(fcolor(white)) ///
>                           ylabel(, nogrid labsize(small)) ///
>                           xlabel(, labsize(small)) ///
>                           xtitle("Time", size(small)) ///
>                           ytitle("Scaled Schoenfeld Residuals", size(small)) ///
>                           msize(small) ///
>                           mcolor(gs6) ///
>                           msymbol(circle_hollow) ///
>                           scheme(s1mono) ///
>                           title ("Schoenfeld residuals against time, univariable", position(11) size(medsmall)) 

. 
. graph export "$outdir/schoenplot1.svg", as(svg) replace
(file arthritis_output_sens6/schoenplot1.svg written in SVG format)

. 
. * Close window 
. graph close  

.                           
. stcox i.exposure i.male age1 age2 age3 

         failure _d:  onscoviddeath
   analysis time _t:  (stime_onscoviddeath-origin)
             origin:  time enter_date
  enter on or after:  time enter_date
                 id:  patient_id

Iteration 0:   log likelihood = -36992.092
Iteration 1:   log likelihood =  -35182.81
Iteration 2:   log likelihood =  -34689.27
Iteration 3:   log likelihood = -34684.755
Iteration 4:   log likelihood = -34684.478
Iteration 5:   log likelihood = -34684.477
Iteration 6:   log likelihood = -34684.477
Refining estimates:
Iteration 0:   log likelihood = -34684.477

Cox regression -- Breslow method for ties

No. of subjects =    1,711,062                  Number of obs    =   1,711,062
No. of failures =        2,578
Time at risk    =    179053615
                                                LR chi2(5)       =     4615.23
Log likelihood  =   -34684.477                  Prob > chi2      =      0.0000

------------------------------------------------------------------------------------
                _t | Haz. Ratio   Std. Err.      z    P>|z|     [95% Conf. Interval]
-------------------+----------------------------------------------------------------
          exposure |
current NSAID use  |   .8366517    .078011    -1.91   0.056     .6969105    1.004413
            1.male |   1.665744   .0669767    12.69   0.000     1.539511    1.802327
              age1 |   1.076685   .0203846     3.90   0.000     1.037464    1.117389
              age2 |   1.045311   .0383345     1.21   0.227     .9728137    1.123211
              age3 |   .9487676   .1144198    -0.44   0.663     .7490424    1.201748
------------------------------------------------------------------------------------

. estat phtest, detail

      Test of proportional-hazards assumption

      Time:  Time
      ----------------------------------------------------------------
                  |       rho            chi2       df       Prob>chi2
      ------------+---------------------------------------------------
      0b.exposure |            .            .        1             .
      1.exposure  |     -0.00141         0.01        1         0.9431
      0b.male     |            .            .        1             .
      1.male      |     -0.06980        12.47        1         0.0004
      age1        |     -0.01948         0.77        1         0.3803
      age2        |      0.02273         1.11        1         0.2916
      age3        |     -0.01512         0.51        1         0.4754
      ------------+---------------------------------------------------
      global test |                     85.02        5         0.0000
      ----------------------------------------------------------------

. local multivar1_p = round(r(phtest)[2,4],0.001)

.  
. estat phtest, plot(1.exposure) ///
>                           graphregion(fcolor(white)) ///
>                           ylabel(, nogrid labsize(small)) ///
>                           xlabel(, labsize(small)) ///
>                           xtitle("Time", size(small)) ///
>                           ytitle("Scaled Schoenfeld Residuals", size(small)) ///
>                           msize(small) ///
>                           mcolor(gs6) ///
>                           msymbol(circle_hollow) ///
>                           scheme(s1mono) ///
>                           title ("Schoenfeld residuals against time, age and sex adjusted", position(11) size(medsmall))                          

. 
. graph export "$outdir/schoenplot2.svg", as(svg) replace
(file arthritis_output_sens6/schoenplot2.svg written in SVG format)

. 
. * Close window 
. graph close

.                   
. stcox i.exposure i.male age1 age2 age3 $varlist, strata(stp)

         failure _d:  onscoviddeath
   analysis time _t:  (stime_onscoviddeath-origin)
             origin:  time enter_date
  enter on or after:  time enter_date
                 id:  patient_id

Iteration 0:   log likelihood = -28702.966
Iteration 1:   log likelihood = -26534.404
Iteration 2:   log likelihood = -25929.671
Iteration 3:   log likelihood = -25921.237
Iteration 4:   log likelihood = -25921.059
Iteration 5:   log likelihood = -25921.059
Iteration 6:   log likelihood = -25921.059
Refining estimates:
Iteration 0:   log likelihood = -25921.059

Stratified Cox regr. -- Breslow method for ties

No. of subjects =    1,711,062                  Number of obs    =   1,711,062
No. of failures =        2,578
Time at risk    =    179053615
                                                LR chi2(33)      =     5563.81
Log likelihood  =   -25921.059                  Prob > chi2      =      0.0000

----------------------------------------------------------------------------------------
                    _t | Haz. Ratio   Std. Err.      z    P>|z|     [95% Conf. Interval]
-----------------------+----------------------------------------------------------------
              exposure |
    current NSAID use  |   .7807419   .0751124    -2.57   0.010     .6465714    .9427543
                1.male |   1.656958   .0686116    12.20   0.000     1.527794    1.797042
                  age1 |   1.084269   .0209348     4.19   0.000     1.044004    1.126086
                  age2 |   1.033949   .0386646     0.89   0.372     .9608784    1.112577
                  age3 |   .9641692   .1186485    -0.30   0.767     .7575413    1.227157
                       |
             obese4cat |
    Obese I (30-34.9)  |   .9856304   .0553281    -0.26   0.797     .8829418    1.100262
   Obese II (35-39.9)  |   1.362128   .1084512     3.88   0.000     1.165322    1.592171
      Obese III (40+)  |   1.981594   .2061663     6.57   0.000     1.616051    2.429821
                       |
          smoke_nomiss |
               Former  |   1.173065   .0506917     3.69   0.000     1.077802    1.276748
              Current  |   1.061654   .1008391     0.63   0.529     .8813192    1.278888
                       |
                   imd |
                    2  |   1.209871   .0819616     2.81   0.005     1.059438    1.381666
                    3  |   1.292005   .0874985     3.78   0.000     1.131406    1.475402
                    4  |   1.541582   .1021947     6.53   0.000      1.35375    1.755474
      5 most deprived  |   1.914253   .1269894     9.79   0.000     1.680861    2.180053
                       |
                   ckd |
                  CKD  |   1.234815   .0566085     4.60   0.000     1.128703    1.350902
        1.hypertension |   1.056434   .0463386     1.25   0.211     .9694066    1.151275
       1.heart_failure |   1.443996   .0977328     5.43   0.000     1.264605    1.648835
 1.other_heart_disease |   1.110554   .0804514     1.45   0.148      .963555    1.279979
                       |
          diab_control |
  Controlled diabetes  |   1.389556    .073107     6.25   0.000     1.253409    1.540491
Uncontrolled diabetes  |   2.143944   .1607815    10.17   0.000     1.850883    2.483407
                       |
                1.copd |   1.190865   .0793691     2.62   0.009     1.045037    1.357043
   1.other_respiratory |   1.860342   .1352952     8.54   0.000       1.6132    2.145345
       1.immunodef_any |    1.58156   .3403536     2.13   0.033     1.037304    2.411378
              1.cancer |   1.304649   .0627856     5.53   0.000     1.187217    1.433697
                       |
        arthritis_type |
       Osteoarthritis  |   .6383579   .0773696    -3.70   0.000     .5033821    .8095259
         Both RA & OA  |   .8455509   .1188268    -1.19   0.233     .6419762     1.11368
                       |
              1.statin |   .6494548   .0309858    -9.05   0.000     .5914767     .713116
                 1.ppi |   1.251669    .053518     5.25   0.000     1.151051    1.361083
1.steroid_prednisolone |   1.519466   .1053962     6.03   0.000     1.326319    1.740739
  1.hydroxychloroquine |   1.179435   .2177381     0.89   0.371     .8213567    1.693621
 1.dmards_primary_care |   1.218885   .1470314     1.64   0.101     .9622415    1.543978
         1.flu_vaccine |   .9916278   .0485401    -0.17   0.864     .9009122    1.091478
1.pneumococcal_vaccine |   1.038126   .0727425     0.53   0.593     .9049106    1.190953
----------------------------------------------------------------------------------------
                                                             Stratified by stp

. estat phtest, detail

      Test of proportional-hazards assumption

      Time:  Time
      ----------------------------------------------------------------
                  |       rho            chi2       df       Prob>chi2
      ------------+---------------------------------------------------
      0b.exposure |            .            .        1             .
      1.exposure  |      0.00238         0.01        1         0.9035
      0b.male     |            .            .        1             .
      1.male      |     -0.07230        13.46        1         0.0002
      age1        |     -0.01435         0.43        1         0.5120
      age2        |      0.02274         1.15        1         0.2836
      age3        |     -0.01803         0.75        1         0.3859
      1b.obese4cat|            .            .        1             .
      2.obese4cat |     -0.03718         3.48        1         0.0620
      3.obese4cat |     -0.02847         2.06        1         0.1511
      4.obese4cat |     -0.02273         1.29        1         0.2555
      1b.smoke_n~s|            .            .        1             .
      2.smoke_no~s|     -0.00107         0.00        1         0.9570
      3.smoke_no~s|      0.04896         6.12        1         0.0134
      1b.imd      |            .            .        1             .
      2.imd       |      0.00991         0.25        1         0.6147
      3.imd       |      0.01544         0.61        1         0.4340
      4.imd       |     -0.00867         0.19        1         0.6595
      5.imd       |     -0.01876         0.90        1         0.3429
      0b.ckd      |            .            .        1             .
      1.ckd       |     -0.01121         0.35        1         0.5559
      0b.hyperte~n|            .            .        1             .
      1.hyperten~n|      0.02636         1.86        1         0.1729
      0b.heart_~re|            .            .        1             .
      1.heart_f~re|     -0.00537         0.08        1         0.7825
      0b.other_~se|            .            .        1             .
      1.other_h~se|     -0.01896         0.94        1         0.3332
      1b.diab_co~l|            .            .        1             .
      2.diab_con~l|      0.00225         0.01        1         0.9090
      3.diab_con~l|     -0.01957         0.97        1         0.3256
      0b.copd     |            .            .        1             .
      1.copd      |     -0.02230         1.18        1         0.2765
      0b.other_r~y|            .            .        1             .
      1.other_re~y|     -0.01197         0.35        1         0.5527
      0b.immunod~y|            .            .        1             .
      1.immunode~y|     -0.01927         0.95        1         0.3294
      0b.cancer   |            .            .        1             .
      1.cancer    |      0.03270         2.84        1         0.0918
      1b.arthrit~e|            .            .        1             .
      2.arthriti~e|     -0.00990         0.27        1         0.6043
      3.arthriti~e|     -0.01973         1.00        1         0.3163
      0b.statin   |            .            .        1             .
      1.statin    |     -0.05618         7.98        1         0.0047
      0b.ppi      |            .            .        1             .
      1.ppi       |     -0.01381         0.49        1         0.4823
      0b.steroi~ne|            .            .        1             .
      1.steroid~ne|     -0.03332         2.81        1         0.0936
      0b.hydrox~ne|            .            .        1             .
      1.hydroxy~ne|     -0.00802         0.17        1         0.6792
      0b.dmards~re|            .            .        1             .
      1.dmards_~re|     -0.00267         0.02        1         0.8842
      0b.flu_vac~e|            .            .        1             .
      1.flu_vacc~e|     -0.02937         2.40        1         0.1210
      0b.pneumoc~e|            .            .        1             .
      1.pneumoco~e|     -0.03067         2.42        1         0.1200
      ------------+---------------------------------------------------
      global test |                    150.37       33         0.0000
      ----------------------------------------------------------------

. local multivar2_p = round(r(phtest)[2,4],0.001)

.  
. estat phtest, plot(1.exposure) ///
>                           graphregion(fcolor(white)) ///
>                           ylabel(, nogrid labsize(small)) ///
>                           xlabel(, labsize(small)) ///
>                           xtitle("Time", size(small)) ///
>                           ytitle("Scaled Schoenfeld Residuals", size(small)) ///
>                           msize(small) ///
>                           mcolor(gs6) ///
>                           msymbol(circle_hollow) ///
>                           scheme(s1mono) ///
>                           title ("Schoenfeld residuals against time, fully adjusted", position(11) size(medsmall))                

.                           
. graph export "$outdir/schoenplot3.svg", as(svg) replace
(file arthritis_output_sens6/schoenplot3.svg written in SVG format)

. 
. * Close window 
. graph close

. 
. * Print table of results======================================================*/        
. 
. 
. cap file close tablecontent

. file open tablecontent using ./$outdir/table4.txt, write text replace

. 
. * Column headings 
. file write tablecontent ("Table 4: Testing the PH assumption - $population Population") _n

. file write tablecontent _tab ("Univariable") _tab ("Age/Sex Adjusted") _tab ///
>                                                 ("Age/Sex and Comorbidity Adjusted") _tab _n

.                                                 
. file write tablecontent _tab ("p-value") _tab ("p-value") _tab ("p-value") _tab _n

. 
. * Row heading and content  
. file write tablecontent ("Treatment Exposure") _tab

. file write tablecontent ("`univar_p'") _tab ("`multivar1_p'") _tab ("`multivar2_p'")

. 
. file write tablecontent _n

. file close tablecontent

. 
. * Close log file 
. log close
      name:  <unnamed>
       log:  E:\alex\nsaids-covid-research\analysis\arthritis_log_sens6\08_an_model_checks.log
  log type:  text
 closed on:  15 Jul 2020, 16:21:39
----------------------------------------------------------------------------------------------------------------------------------------------------------------------------
