----------------------------------------------------------------------------------------------------------------------------------------------------------------------------
      name:  <unnamed>
       log:  E:\alex\nsaids-covid-research\analysis\arthritis_log_sens6\12_an_models_adj_survival_curve.log
  log type:  text
 opened on:  16 Jul 2020, 17:30:35

. 
. * Open Stata dataset
. use $tempdir\analysis_dataset_STSET_$outcome, clear

. 
. /*==============================================================================*/
. * Fit the stpm2 model 
. xi i.exposure i.male $varlist
i.exposure        _Iexposure_0-1      (naturally coded; _Iexposure_0 omitted)
i.male            _Imale_0-1          (naturally coded; _Imale_0 omitted)
i.obese4cat       _Iobese4cat_1-4     (naturally coded; _Iobese4cat_1 omitted)
i.smoke_nomiss    _Ismoke_nom_1-3     (naturally coded; _Ismoke_nom_1 omitted)
i.imd             _Iimd_1-5           (naturally coded; _Iimd_1 omitted)
i.ckd             _Ickd_0-1           (naturally coded; _Ickd_0 omitted)
i.hypertension    _Ihypertens_0-1     (naturally coded; _Ihypertens_0 omitted)
i.heart_failure   _Iheart_fai_0-1     (naturally coded; _Iheart_fai_0 omitted)
i.other_hear~se   _Iother_hea_0-1     (naturally coded; _Iother_hea_0 omitted)
i.diab_control    _Idiab_cont_1-3     (naturally coded; _Idiab_cont_1 omitted)
i.copd            _Icopd_0-1          (naturally coded; _Icopd_0 omitted)
i.other_respi~y   _Iother_res_0-1     (naturally coded; _Iother_res_0 omitted)
i.immunodef_any   _Iimmunodef_0-1     (naturally coded; _Iimmunodef_0 omitted)
i.cancer          _Icancer_0-1        (naturally coded; _Icancer_0 omitted)
i.arthritis_t~e   _Iarthritis_1-3     (naturally coded; _Iarthritis_1 omitted)
i.statin          _Istatin_0-1        (naturally coded; _Istatin_0 omitted)
i.ppi             _Ippi_0-1           (naturally coded; _Ippi_0 omitted)
--Break--
r(1);

end of do-file

--Break--
r(1);

. do "E:\STATATMP\STD3efc_000000.tmp"

. global population "Rheumatoid_arthritis_&_osteoarthritis"

. global outcome "onscoviddeath"

. global outdir  "arthritis_output" 

. global logdir  "arthritis_log"

. global tempdir "arthritis_tempdata"

. global varlist    i.obese4cat                       ///
>                                   i.smoke_nomiss                    ///
>                                   i.imd                                         ///
>                                   i.ckd                                         ///             
>                                   i.hypertension                        ///             
>                                   i.heart_failure                       ///             
>                                   i.other_heart_disease         ///             
>                                   i.diab_control                        ///     
>                                   i.copd                    ///
>                                   i.other_respiratory       ///
>                                   i.immunodef_any                       ///
>                                   i.cancer                              ///     
>                                   i.arthritis_type                      ///     
>                                   i.statin                                      ///     
>                                   i.ppi                     ///
>                                   i.steroid_prednisolone    ///
>                                   i.hydroxychloroquine      ///
>                                   i.dmards_primary_care     ///
>                                   i.flu_vaccine                         ///     
>                                   i.pneumococcal_vaccine

. 
end of do-file

. do "E:\STATATMP\STD3efc_000000.tmp"

. /*==============================================================================
> DO FILE NAME:                   12_an_models_adj_survival_curve
> PROJECT:                                NSAID in COVID-19 
> AUTHOR:                                 A Wong
> DATE:                                   8 Jul 2020                                      
> DESCRIPTION OF FILE:    program 12
>                                                 Using fully adjusted model
> DATASETS USED:                  data in memory ($tempdir/analysis_dataset_STSET_outcome)
> 
> DATASETS CREATED:               none
> OTHER OUTPUT:                   logfiles, printed to folder analysis/$logdir
>                                                 Adj_survival_curves.svg
>                                                 difference_survival_curves.svg
>                                                         
> ==============================================================================*/
. * Open a log file
. capture log close
