----------------------------------------------------------------------------------------------------------------------------------------------------------------------------
      name:  <unnamed>
       log:  E:\alex\nsaids-covid-research\analysis\arthritis_log_sens5\08_an_model_checks.log
  log type:  text
 opened on:  15 Jul 2020, 15:16:21

. 
. * Open Stata dataset
. use $tempdir\analysis_dataset_STSET_$outcome, clear

. 
. /* Quietly run models, perform test and store results in local macro==========*/
. 
. qui stcox i.exposure 

. estat phtest, detail

      Test of proportional-hazards assumption

      Time:  Time
      ----------------------------------------------------------------
                  |       rho            chi2       df       Prob>chi2
      ------------+---------------------------------------------------
      0b.exposure |            .            .        1             .
      1.exposure  |     -0.03028         2.00        1         0.1578
      ------------+---------------------------------------------------
      global test |                      2.00        1         0.1578
      ----------------------------------------------------------------

. local univar_p = round(r(p),0.001)

. di `univar_p'
.158

.  
. estat phtest, plot(1.exposure) ///
>                           graphregion(fcolor(white)) ///
>                           ylabel(, nogrid labsize(small)) ///
>                           xlabel(, labsize(small)) ///
>                           xtitle("Time", size(small)) ///
>                           ytitle("Scaled Schoenfeld Residuals", size(small)) ///
>                           msize(small) ///
>                           mcolor(gs6) ///
>                           msymbol(circle_hollow) ///
>                           scheme(s1mono) ///
>                           title ("Schoenfeld residuals against time, univariable", position(11) size(medsmall)) 

. 
. graph export "$outdir/schoenplot1.svg", as(svg) replace
(file arthritis_output_sens5/schoenplot1.svg written in SVG format)

. 
. * Close window 
. graph close  

.                           
. stcox i.exposure i.male age1 age2 age3 

         failure _d:  onscoviddeath
   analysis time _t:  (stime_onscoviddeath-origin)
             origin:  time enter_date
  enter on or after:  time enter_date
                 id:  patient_id

Iteration 0:   log likelihood = -31067.364
Iteration 1:   log likelihood =  -29622.25
Iteration 2:   log likelihood = -29077.233
Iteration 3:   log likelihood = -29074.634
Iteration 4:   log likelihood = -29074.608
Iteration 5:   log likelihood = -29074.608
Refining estimates:
Iteration 0:   log likelihood = -29074.608

Cox regression -- Breslow method for ties

No. of subjects =    1,601,943                  Number of obs    =   1,601,943
No. of failures =        2,177
Time at risk    =    165560643
                                                LR chi2(5)       =     3985.51
Log likelihood  =   -29074.608                  Prob > chi2      =      0.0000

------------------------------------------------------------------------------------
                _t | Haz. Ratio   Std. Err.      z    P>|z|     [95% Conf. Interval]
-------------------+----------------------------------------------------------------
          exposure |
current NSAID use  |   .9022813   .0866036    -1.07   0.284     .7475516    1.089037
            1.male |    1.72006   .0752427    12.40   0.000     1.578732     1.87404
              age1 |   1.073855   .0205907     3.72   0.000     1.034247     1.11498
              age2 |   1.045698   .0393291     1.19   0.235     .9713866    1.125694
              age3 |   .9595257   .1195431    -0.33   0.740     .7516388     1.22491
------------------------------------------------------------------------------------

. estat phtest, detail

      Test of proportional-hazards assumption

      Time:  Time
      ----------------------------------------------------------------
                  |       rho            chi2       df       Prob>chi2
      ------------+---------------------------------------------------
      0b.exposure |            .            .        1             .
      1.exposure  |     -0.00882         0.17        1         0.6821
      0b.male     |            .            .        1             .
      1.male      |     -0.08133        14.31        1         0.0002
      age1        |     -0.02031         0.70        1         0.4024
      age2        |      0.02505         1.14        1         0.2859
      age3        |     -0.01831         0.63        1         0.4271
      ------------+---------------------------------------------------
      global test |                     69.37        5         0.0000
      ----------------------------------------------------------------

. local multivar1_p = round(r(phtest)[2,4],0.001)

.  
. estat phtest, plot(1.exposure) ///
>                           graphregion(fcolor(white)) ///
>                           ylabel(, nogrid labsize(small)) ///
>                           xlabel(, labsize(small)) ///
>                           xtitle("Time", size(small)) ///
>                           ytitle("Scaled Schoenfeld Residuals", size(small)) ///
>                           msize(small) ///
>                           mcolor(gs6) ///
>                           msymbol(circle_hollow) ///
>                           scheme(s1mono) ///
>                           title ("Schoenfeld residuals against time, age and sex adjusted", position(11) size(medsmall))                          

. 
. graph export "$outdir/schoenplot2.svg", as(svg) replace
(file arthritis_output_sens5/schoenplot2.svg written in SVG format)

. 
. * Close window 
. graph close

.                   
. stcox i.exposure i.male age1 age2 age3 $varlist, strata(stp)

         failure _d:  onscoviddeath
   analysis time _t:  (stime_onscoviddeath-origin)
             origin:  time enter_date
  enter on or after:  time enter_date
                 id:  patient_id

Iteration 0:   log likelihood =  -24052.05
Iteration 1:   log likelihood = -22334.065
Iteration 2:   log likelihood = -21675.786
Iteration 3:   log likelihood = -21667.139
Iteration 4:   log likelihood = -21667.099
Iteration 5:   log likelihood = -21667.099
Refining estimates:
Iteration 0:   log likelihood = -21667.099

Stratified Cox regr. -- Breslow method for ties

No. of subjects =    1,601,943                  Number of obs    =   1,601,943
No. of failures =        2,177
Time at risk    =    165560643
                                                LR chi2(33)      =     4769.90
Log likelihood  =   -21667.099                  Prob > chi2      =      0.0000

----------------------------------------------------------------------------------------
                    _t | Haz. Ratio   Std. Err.      z    P>|z|     [95% Conf. Interval]
-----------------------+----------------------------------------------------------------
              exposure |
    current NSAID use  |   .8434684   .0839046    -1.71   0.087     .6940567    1.025044
                1.male |   1.717758   .0772719    12.03   0.000     1.572792    1.876085
                  age1 |   1.081273   .0211269     4.00   0.000     1.040648    1.123484
                  age2 |   1.033817   .0396336     0.87   0.386     .9589828     1.11449
                  age3 |   .9767185    .124191    -0.19   0.853     .7612689    1.253143
                       |
             obese4cat |
    Obese I (30-34.9)  |   .9988435   .0609256    -0.02   0.985     .8862932    1.125687
   Obese II (35-39.9)  |   1.344876   .1179009     3.38   0.001     1.132557    1.596998
      Obese III (40+)  |   1.814019   .2137482     5.05   0.000     1.439937    2.285283
                       |
          smoke_nomiss |
               Former  |   1.151879   .0540694     3.01   0.003     1.050633    1.262881
              Current  |   1.013596   .1038155     0.13   0.895     .8292442    1.238932
                       |
                   imd |
                    2  |   1.233449    .090839     2.85   0.004     1.067661    1.424981
                    3  |   1.267682   .0942645     3.19   0.001     1.095759    1.466579
                    4  |   1.598758   .1151128     6.52   0.000     1.388338    1.841071
      5 most deprived  |   1.956993   .1416502     9.28   0.000     1.698158    2.255281
                       |
                   ckd |
                  CKD  |   1.240418   .0626399     4.27   0.000     1.123526    1.369471
        1.hypertension |   1.051097   .0495146     1.06   0.290     .9583958    1.152765
       1.heart_failure |   1.486868   .1143962     5.16   0.000     1.278742    1.728868
 1.other_heart_disease |    1.12828   .0995403     1.37   0.171     .9491205    1.341258
                       |
          diab_control |
  Controlled diabetes  |   1.410786   .0818115     5.93   0.000     1.259215    1.580601
Uncontrolled diabetes  |   2.074101   .1803396     8.39   0.000     1.749119    2.459463
                       |
                1.copd |   1.254412   .0911755     3.12   0.002     1.087856    1.446468
   1.other_respiratory |    1.71243   .1401273     6.57   0.000     1.458678    2.010325
       1.immunodef_any |    1.64009   .3797551     2.14   0.033      1.04178    2.582018
              1.cancer |   1.332536   .0699333     5.47   0.000     1.202283    1.476901
                       |
        arthritis_type |
       Osteoarthritis  |   .6430363   .0832843    -3.41   0.001     .4988732    .8288593
         Both RA & OA  |    .799111   .1221117    -1.47   0.142     .5922915    1.078149
                       |
              1.statin |   .6478963   .0341557    -8.23   0.000     .5842948     .718421
                 1.ppi |    1.23747   .0580394     4.54   0.000     1.128787    1.356618
1.steroid_prednisolone |    1.58568    .119629     6.11   0.000     1.367722     1.83837
  1.hydroxychloroquine |   1.268837   .2467682     1.22   0.221     .8666847    1.857594
 1.dmards_primary_care |   1.192819   .1569263     1.34   0.180     .9217031    1.543682
         1.flu_vaccine |   1.014406   .0538175     0.27   0.787     .9142245    1.125566
1.pneumococcal_vaccine |   1.027838   .0766523     0.37   0.713     .8880655    1.189608
----------------------------------------------------------------------------------------
                                                             Stratified by stp

. estat phtest, detail

      Test of proportional-hazards assumption

      Time:  Time
      ----------------------------------------------------------------
                  |       rho            chi2       df       Prob>chi2
      ------------+---------------------------------------------------
      0b.exposure |            .            .        1             .
      1.exposure  |     -0.00703         0.11        1         0.7419
      0b.male     |            .            .        1             .
      1.male      |     -0.07956        13.72        1         0.0002
      age1        |     -0.01556         0.42        1         0.5155
      age2        |      0.02612         1.28        1         0.2583
      age3        |     -0.02229         0.97        1         0.3247
      1b.obese4cat|            .            .        1             .
      2.obese4cat |     -0.03698         2.89        1         0.0891
      3.obese4cat |     -0.01467         0.46        1         0.4957
      4.obese4cat |     -0.01500         0.47        1         0.4911
      1b.smoke_n~s|            .            .        1             .
      2.smoke_no~s|     -0.01317         0.37        1         0.5423
      3.smoke_no~s|      0.06210         8.32        1         0.0039
      1b.imd      |            .            .        1             .
      2.imd       |      0.02127         0.98        1         0.3211
      3.imd       |      0.02260         1.10        1         0.2935
      4.imd       |     -0.00320         0.02        1         0.8811
      5.imd       |     -0.01365         0.40        1         0.5257
      0b.ckd      |            .            .        1             .
      1.ckd       |     -0.01332         0.42        1         0.5188
      0b.hyperte~n|            .            .        1             .
      1.hyperten~n|      0.04062         3.72        1         0.0536
      0b.heart_~re|            .            .        1             .
      1.heart_f~re|     -0.00370         0.03        1         0.8604
      0b.other_~se|            .            .        1             .
      1.other_h~se|     -0.02021         0.91        1         0.3410
      1b.diab_co~l|            .            .        1             .
      2.diab_con~l|     -0.00877         0.17        1         0.6813
      3.diab_con~l|     -0.02839         1.72        1         0.1900
      0b.copd     |            .            .        1             .
      1.copd      |     -0.03023         1.80        1         0.1802
      0b.other_r~y|            .            .        1             .
      1.other_re~y|     -0.01211         0.30        1         0.5870
      0b.immunod~y|            .            .        1             .
      1.immunode~y|     -0.01817         0.71        1         0.3986
      0b.cancer   |            .            .        1             .
      1.cancer    |      0.03720         3.11        1         0.0780
      1b.arthrit~e|            .            .        1             .
      2.arthriti~e|      0.01039         0.25        1         0.6166
      3.arthriti~e|     -0.01161         0.29        1         0.5879
      0b.statin   |            .            .        1             .
      1.statin    |     -0.05222         5.87        1         0.0154
      0b.ppi      |            .            .        1             .
      1.ppi       |     -0.00467         0.05        1         0.8271
      0b.steroi~ne|            .            .        1             .
      1.steroid~ne|     -0.02330         1.16        1         0.2822
      0b.hydrox~ne|            .            .        1             .
      1.hydroxy~ne|     -0.01008         0.23        1         0.6322
      0b.dmards~re|            .            .        1             .
      1.dmards_~re|      0.01364         0.47        1         0.4947
      0b.flu_vac~e|            .            .        1             .
      1.flu_vacc~e|     -0.03398         2.71        1         0.0996
      0b.pneumoc~e|            .            .        1             .
      1.pneumoco~e|     -0.03443         2.57        1         0.1089
      ------------+---------------------------------------------------
      global test |                    132.59       33         0.0000
      ----------------------------------------------------------------

. local multivar2_p = round(r(phtest)[2,4],0.001)

.  
. estat phtest, plot(1.exposure) ///
>                           graphregion(fcolor(white)) ///
>                           ylabel(, nogrid labsize(small)) ///
>                           xlabel(, labsize(small)) ///
>                           xtitle("Time", size(small)) ///
>                           ytitle("Scaled Schoenfeld Residuals", size(small)) ///
>                           msize(small) ///
>                           mcolor(gs6) ///
>                           msymbol(circle_hollow) ///
>                           scheme(s1mono) ///
>                           title ("Schoenfeld residuals against time, fully adjusted", position(11) size(medsmall))                

.                           
. graph export "$outdir/schoenplot3.svg", as(svg) replace
(file arthritis_output_sens5/schoenplot3.svg written in SVG format)

. 
. * Close window 
. graph close

. 
. * Print table of results======================================================*/        
. 
. 
. cap file close tablecontent

. file open tablecontent using ./$outdir/table4.txt, write text replace

. 
. * Column headings 
. file write tablecontent ("Table 4: Testing the PH assumption - $population Population") _n

. file write tablecontent _tab ("Univariable") _tab ("Age/Sex Adjusted") _tab ///
>                                                 ("Age/Sex and Comorbidity Adjusted") _tab _n

.                                                 
. file write tablecontent _tab ("p-value") _tab ("p-value") _tab ("p-value") _tab _n

. 
. * Row heading and content  
. file write tablecontent ("Treatment Exposure") _tab

. file write tablecontent ("`univar_p'") _tab ("`multivar1_p'") _tab ("`multivar2_p'")

. 
. file write tablecontent _n

. file close tablecontent

. 
. * Close log file 
. log close
      name:  <unnamed>
       log:  E:\alex\nsaids-covid-research\analysis\arthritis_log_sens5\08_an_model_checks.log
  log type:  text
 closed on:  15 Jul 2020, 15:31:45
----------------------------------------------------------------------------------------------------------------------------------------------------------------------------
