----------------------------------------------------------------------------------------------------------------------------------------------------------------------------
      name:  <unnamed>
       log:  E:\alex\nsaids-covid-research\analysis\nsaid_log\06a_an_models_nsaid.log
  log type:  text
 opened on:  14 Jul 2020, 21:33:46

. 
. * Open Stata dataset
. use $tempdir\analysis_dataset_STSET_$outcome, clear

. 
. /* Sense check outcomes=======================================================*/ 
. 
. safetab exposure $outcome, missing row
23

+----------------+
| Key            |
|----------------|
|   frequency    |
| row percentage |
+----------------+

                      |   Failure/censoring
                      |     indicator for
                      |  outcome: ONS covid
      NSAID Treatment |         death
             Exposure |         0          1 |     Total
----------------------+----------------------+----------
non-current NSAID use | 1,923,484        611 | 1,924,095 
                      |     99.97       0.03 |    100.00 
----------------------+----------------------+----------
    current NSAID use |   535,301        218 |   535,519 
                      |     99.96       0.04 |    100.00 
----------------------+----------------------+----------
                Total | 2,458,785        829 | 2,459,614 
                      |     99.97       0.03 |    100.00 

. 
. /* Main Model=================================================================*/
. 
. /* Univariable model */ 
. 
. stcox i.exposure 

         failure _d:  onscoviddeath
   analysis time _t:  (stime_onscoviddeath-origin)
             origin:  time enter_date
  enter on or after:  time enter_date
                 id:  patient_id

Iteration 0:   log likelihood = -12180.875
Iteration 1:   log likelihood = -12177.082
Iteration 2:   log likelihood = -12177.067
Iteration 3:   log likelihood = -12177.067
Refining estimates:
Iteration 0:   log likelihood = -12177.067

Cox regression -- Breslow method for ties

No. of subjects =    2,459,614                  Number of obs    =   2,459,614
No. of failures =          829
Time at risk    =    252524169
                                                LR chi2(1)       =        7.62
Log likelihood  =   -12177.067                  Prob > chi2      =      0.0058

------------------------------------------------------------------------------------
                _t | Haz. Ratio   Std. Err.      z    P>|z|     [95% Conf. Interval]
-------------------+----------------------------------------------------------------
          exposure |
current NSAID use  |   1.248194   .0984721     2.81   0.005     1.069373    1.456917
------------------------------------------------------------------------------------

. estimates save ./$tempdir/univar, replace 
file ./nsaid_tempdata/univar.ster saved

. 
. /* Multivariable models */ 
. 
. * Age and Gender 
. * Age fit as spline in first instance, categorical below 
. 
. stcox i.exposure i.male age1 age2 age3 

         failure _d:  onscoviddeath
   analysis time _t:  (stime_onscoviddeath-origin)
             origin:  time enter_date
  enter on or after:  time enter_date
                 id:  patient_id

Iteration 0:   log likelihood = -12180.875
Iteration 1:   log likelihood = -11513.794
Iteration 2:   log likelihood = -11228.274
Iteration 3:   log likelihood = -11226.649
Iteration 4:   log likelihood = -11226.533
Iteration 5:   log likelihood = -11226.532
Iteration 6:   log likelihood = -11226.532
Refining estimates:
Iteration 0:   log likelihood = -11226.532

Cox regression -- Breslow method for ties

No. of subjects =    2,459,614                  Number of obs    =   2,459,614
No. of failures =          829
Time at risk    =    252524169
                                                LR chi2(5)       =     1908.69
Log likelihood  =   -11226.532                  Prob > chi2      =      0.0000

------------------------------------------------------------------------------------
                _t | Haz. Ratio   Std. Err.      z    P>|z|     [95% Conf. Interval]
-------------------+----------------------------------------------------------------
          exposure |
current NSAID use  |   1.083682   .0857016     1.02   0.310     .9280804    1.265371
            1.male |   2.118067   .1501649    10.59   0.000     1.843282    2.433814
              age1 |   1.176911    .053485     3.58   0.000     1.076616     1.28655
              age2 |    .845778   .0727784    -1.95   0.052     .7145148    1.001155
              age3 |   1.741771   .4279497     2.26   0.024     1.076099    2.819224
------------------------------------------------------------------------------------

. estimates save ./$tempdir/multivar1, replace 
file ./nsaid_tempdata/multivar1.ster saved

. 
. * Age, Gender and Comorbidities (note: diabetes variable is diabcat) 
. stcox i.exposure i.male age1 age2 age3  i.obese4cat                                     ///
>                                                                                 i.smoke_nomiss                          ///
>                                                                                 i.imd                                           ///
>                                                                                 i.ckd                                           ///             
>                                                                                 i.hypertension                          ///             
>                                                                                 i.heart_failure                         ///             
>                                                                                 i.other_heart_disease           ///             
>                                                                                 i.diabcat                                       ///     
>                                                                                 i.copd                      ///
>                                                                                 i.other_respiratory         ///
>                                                                                 i.immunodef_any                         ///
>                                                                                 i.cancer                                ///     
>                                                                             i.rheumatoid                                ///     
>                                                                                 i.osteoarthritis                        ///     
>                                                                                 i.statin                                        ///     
>                                                                                 i.ppi                       ///
>                                                                                 i.steroid_prednisolone      ///
>                                                                                 i.hydroxychloroquine        ///
>                                                                                 i.dmards_primary_care       ///
>                                                                                 i.flu_vaccine                           ///     
>                                                                                 i.pneumococcal_vaccine , strata(stp)                            

         failure _d:  onscoviddeath
   analysis time _t:  (stime_onscoviddeath-origin)
             origin:  time enter_date
  enter on or after:  time enter_date
                 id:  patient_id

Iteration 0:   log likelihood = -9513.8021
Iteration 1:   log likelihood = -8582.1255
Iteration 2:   log likelihood =  -8335.322
Iteration 3:   log likelihood = -8316.3552
Iteration 4:   log likelihood = -8312.7377
Iteration 5:   log likelihood = -8312.2012
Iteration 6:   log likelihood = -8312.1838
Iteration 7:   log likelihood = -8312.1838
Refining estimates:
Iteration 0:   log likelihood = -8312.1838

Stratified Cox regr. -- Breslow method for ties

No. of subjects =    2,459,614                  Number of obs    =   2,459,614
No. of failures =          829
Time at risk    =    252524169
                                                LR chi2(34)      =     2403.24
Log likelihood  =   -8312.1838                  Prob > chi2      =      0.0000

---------------------------------------------------------------------------------------------
                         _t | Haz. Ratio   Std. Err.      z    P>|z|     [95% Conf. Interval]
----------------------------+----------------------------------------------------------------
                   exposure |
         current NSAID use  |     .95029   .0838283    -0.58   0.563     .7994085    1.129649
                     1.male |   2.159506   .1571358    10.58   0.000     1.872479     2.49053
                       age1 |   1.161724   .0524496     3.32   0.001     1.063342    1.269209
                       age2 |   .8671336   .0750312    -1.65   0.099     .7318691    1.027398
                       age3 |   1.596286   .3967993     1.88   0.060     .9806674    2.598361
                            |
                  obese4cat |
         Obese I (30-34.9)  |   1.093326   .0997947     0.98   0.328     .9142291    1.307507
        Obese II (35-39.9)  |   1.548787   .1912964     3.54   0.000     1.215784    1.972998
           Obese III (40+)  |   1.619919   .2882373     2.71   0.007     1.142974    2.295886
                            |
               smoke_nomiss |
                    Former  |   1.045672   .0802479     0.58   0.561     .8996466      1.2154
                   Current  |   .8123992   .1113808    -1.52   0.130     .6209675    1.062846
                            |
                        imd |
                         2  |   1.504226   .1690906     3.63   0.000     1.206783    1.874981
                         3  |   1.538837   .1791016     3.70   0.000     1.224964    1.933134
                         4  |   1.841299   .2173304     5.17   0.000      1.46102    2.320558
           5 most deprived  |   2.375122   .2896038     7.09   0.000     1.870239    3.016302
                            |
                        ckd |
                       CKD  |   1.423154   .1349055     3.72   0.000     1.181854    1.713721
             1.hypertension |   1.043344   .0804893     0.55   0.582     .8969349    1.213651
            1.heart_failure |   1.615438   .2714423     2.85   0.004     1.162152    2.245525
      1.other_heart_disease |    1.13059   .1881987     0.74   0.461     .8158563    1.566739
                            |
                    diabcat |
       Controlled diabetes  |   1.474775   .1416281     4.05   0.000     1.221748    1.780204
     Uncontrolled diabetes  |   2.409374    .322994     6.56   0.000     1.852655    3.133386
Diabetes, no hba1c measure  |   .4147147   .4155627    -0.88   0.380     .0581845    2.955912
                            |
                     1.copd |   1.317614   .1631918     2.23   0.026     1.033627    1.679628
        1.other_respiratory |   2.392417   .3218224     6.48   0.000     1.837957    3.114143
            1.immunodef_any |   2.428885   .7117957     3.03   0.002     1.367599    4.313755
                   1.cancer |   2.001838   .1670827     8.32   0.000     1.699744    2.357621
               1.rheumatoid |   1.248064   .2411853     1.15   0.252     .8545637     1.82276
           1.osteoarthritis |   .8547754   .0644259    -2.08   0.037      .737387    .9908514
                   1.statin |    .674917   .0570102    -4.65   0.000     .5719386    .7964368
                      1.ppi |   1.420886   .1135315     4.40   0.000     1.214917    1.661774
     1.steroid_prednisolone |   1.506556    .192508     3.21   0.001     1.172786    1.935317
       1.hydroxychloroquine |   1.380867   .4090799     1.09   0.276     .7726532    2.467852
      1.dmards_primary_care |   1.563213   .3362051     2.08   0.038     1.025528    2.382806
              1.flu_vaccine |   1.038943   .0901634     0.44   0.660     .8764381    1.231579
     1.pneumococcal_vaccine |   1.056378    .113509     0.51   0.610      .855769    1.304013
---------------------------------------------------------------------------------------------
                                                             Stratified by stp

.                                                                                 
. estimates save ./$tempdir/multivar2, replace 
file ./nsaid_tempdata/multivar2.ster saved

. 
. * Age, Gender and Comorbidities (note: changed diabetes category: grouped no HbA1c to uncontrolled DM after first run because diab causing the model not to converge)
. stcox i.exposure i.male age1 age2 age3  $varlist, strata(stp)                           

         failure _d:  onscoviddeath
   analysis time _t:  (stime_onscoviddeath-origin)
             origin:  time enter_date
  enter on or after:  time enter_date
                 id:  patient_id

Iteration 0:   log likelihood = -9513.8021
Iteration 1:   log likelihood = -8584.8893
Iteration 2:   log likelihood = -8338.2199
Iteration 3:   log likelihood = -8319.2354
Iteration 4:   log likelihood =  -8315.601
Iteration 5:   log likelihood = -8315.0602
Iteration 6:   log likelihood = -8315.0425
Iteration 7:   log likelihood = -8315.0425
Refining estimates:
Iteration 0:   log likelihood = -8315.0425

Stratified Cox regr. -- Breslow method for ties

No. of subjects =    2,459,614                  Number of obs    =   2,459,614
No. of failures =          829
Time at risk    =    252524169
                                                LR chi2(33)      =     2397.52
Log likelihood  =   -8315.0425                  Prob > chi2      =      0.0000

----------------------------------------------------------------------------------------
                    _t | Haz. Ratio   Std. Err.      z    P>|z|     [95% Conf. Interval]
-----------------------+----------------------------------------------------------------
              exposure |
    current NSAID use  |    .948802   .0837147    -0.60   0.551     .7981277    1.127921
                1.male |   2.161258   .1572394    10.59   0.000     1.874039    2.492497
                  age1 |   1.162022    .052495     3.32   0.001     1.063557    1.269603
                  age2 |   .8667671   .0750392    -1.65   0.099      .731494    1.027056
                  age3 |   1.597255   .3972256     1.88   0.060       .98104     2.60053
                       |
             obese4cat |
    Obese I (30-34.9)  |   1.097048   .1001019     1.02   0.310     .9173953    1.311883
   Obese II (35-39.9)  |   1.556914   .1922341     3.59   0.000     1.222266    1.983187
      Obese III (40+)  |   1.630352   .2899962     2.75   0.006      1.15047    2.310402
                       |
          smoke_nomiss |
               Former  |   1.046439   .0802988     0.59   0.554     .9003201    1.216274
              Current  |   .8129655   .1114596    -1.51   0.131     .6213986    1.063589
                       |
                   imd |
                    2  |   1.505739   .1692647     3.64   0.000      1.20799    1.876877
                    3  |   1.539658   .1791881     3.71   0.000     1.225632    1.934143
                    4  |   1.842843   .2175109     5.18   0.000     1.462248      2.3225
      5 most deprived  |   2.378613   .2900268     7.11   0.000     1.872992    3.020728
                       |
                   ckd |
                  CKD  |   1.427126   .1352768     3.75   0.000      1.18516    1.718491
        1.hypertension |   1.043948   .0805507     0.56   0.577     .8974297    1.214387
       1.heart_failure |   1.627698   .2733555     2.90   0.004     1.171178    2.262166
 1.other_heart_disease |   1.125101   .1872757     0.71   0.479     .8119089    1.559108
                       |
          diab_control |
  Controlled diabetes  |   1.468639   .1410194     4.00   0.000     1.216697    1.772752
Uncontrolled diabetes  |   2.243075   .2972394     6.10   0.000     1.730006    2.908307
                       |
                1.copd |   1.314629   .1628744     2.21   0.027     1.031204    1.675953
   1.other_respiratory |   2.393504   .3219942     6.49   0.000     1.838753    3.115623
       1.immunodef_any |   2.424643   .7104809     3.02   0.003     1.365288    4.305971
              1.cancer |   2.001258   .1670376     8.31   0.000     1.699247    2.356947
          1.rheumatoid |   1.249633   .2416363     1.15   0.249     .8554389    1.825474
      1.osteoarthritis |   .8546787   .0644186    -2.08   0.037     .7373037    .9907392
              1.statin |   .6805416   .0573788    -4.56   0.000      .576882    .8028277
                 1.ppi |   1.422003   .1136604     4.40   0.000     1.215806    1.663171
1.steroid_prednisolone |   1.505941   .1924914     3.20   0.001     1.172212    1.934682
  1.hydroxychloroquine |   1.375034   .4073903     1.07   0.282     .7693473    2.457562
 1.dmards_primary_care |    1.56149    .336006     2.07   0.038     1.024177    2.380692
         1.flu_vaccine |   1.043235   .0905631     0.49   0.626     .8800139     1.23673
1.pneumococcal_vaccine |   1.055922   .1134755     0.51   0.613     .8553752    1.303487
----------------------------------------------------------------------------------------
                                                             Stratified by stp

.                                                                                 
. estimates save ./$tempdir/multivar3, replace
file ./nsaid_tempdata/multivar3.ster saved

. 
. /* Print table================================================================*/ 
. *  Print the results for the main model 
. 
. cap file close tablecontent

. file open tablecontent using ./$outdir/table2.txt, write text replace

. 
. * Column headings 
. file write tablecontent ("Table 2: Association between current NSAID use and $tableoutcome - $population Population") _n

. file write tablecontent _tab ("Number of events") _tab ("Total person-weeks") _tab ("Rate per 1,000") _tab ("Univariable") _tab _tab ("Age/Sex Adjusted") _tab _tab ///
>                                                 ("Age/Sex and Comorbidity Adjusted") _tab _tab ///
>                                                 ("Age/Sex and Comorbidity (diabetes regroup)") _tab _tab _n

. file write tablecontent _tab _tab _tab _tab ("HR") _tab ("95% CI") _tab ("HR") _tab ///
>                                                 ("95% CI") _tab ("HR") _tab ("95% CI") _tab ("HR") _tab ("95% CI") _n

. file write tablecontent ("Main Analysis") _n                                    

. 
. * Row headings 
. local lab0: label exposure 0

. local lab1: label exposure 1

.  
. /* Counts */
.  
. * First row, exposure = 0 (reference)
. 
.         safecount if exposure == 0 & $outcome == 1
  611

.         local event = r(N)

.     bysort exposure: egen total_follow_up = total(_t)

.         su total_follow_up if exposure == 0

    Variable |        Obs        Mean    Std. Dev.       Min        Max
-------------+---------------------------------------------------------
total_foll~p |  1,924,095    1.96e+08           0   1.96e+08   1.96e+08

.         local person_week = r(mean)/7

.         local rate = 1000*(`event'/`person_week')

.         
.         file write tablecontent ("`lab0'") _tab

.         file write tablecontent (`event') _tab %10.0f (`person_week') _tab %3.2f (`rate') _tab

.         file write tablecontent ("1.00 (ref)") _tab _tab ("1.00 (ref)") _tab _tab ("1.00 (ref)") _n

.         
. * Second row, exposure = 1 (NSAID)
. 
. file write tablecontent ("`lab1'") _tab  

. 
.         safecount if exposure == 1 & $outcome == 1
  218

.         local event = r(N)

.         su total_follow_up if exposure == 1

    Variable |        Obs        Mean    Std. Dev.       Min        Max
-------------+---------------------------------------------------------
total_foll~p |    535,519    5.62e+07           0   5.62e+07   5.62e+07

.         local person_week = r(mean)/7

.         local rate = 1000*(`event'/`person_week')

.         file write tablecontent (`event') _tab %10.0f (`person_week') _tab %3.2f (`rate') _tab

. 
. /* Main Model */ 
. estimates use ./$tempdir/univar 

. lincom 1.exposure, eform

 ( 1)  1.exposure = 0

------------------------------------------------------------------------------
          _t |     exp(b)   Std. Err.      z    P>|z|     [95% Conf. Interval]
-------------+----------------------------------------------------------------
         (1) |   1.248194   .0984721     2.81   0.005     1.069373    1.456917
------------------------------------------------------------------------------

. file write tablecontent %4.2f (r(estimate)) _tab %4.2f (r(lb)) (" - ") %4.2f (r(ub)) _tab 

. 
. estimates use ./$tempdir/multivar1 

. lincom 1.exposure, eform

 ( 1)  1.exposure = 0

------------------------------------------------------------------------------
          _t |     exp(b)   Std. Err.      z    P>|z|     [95% Conf. Interval]
-------------+----------------------------------------------------------------
         (1) |   1.083682   .0857016     1.02   0.310     .9280804    1.265371
------------------------------------------------------------------------------

. file write tablecontent %4.2f (r(estimate)) _tab %4.2f (r(lb)) (" - ") %4.2f (r(ub)) _tab 

. 
. estimates use ./$tempdir/multivar2  

. lincom 1.exposure, eform

 ( 1)  1.exposure = 0

------------------------------------------------------------------------------
          _t |     exp(b)   Std. Err.      z    P>|z|     [95% Conf. Interval]
-------------+----------------------------------------------------------------
         (1) |     .95029   .0838283    -0.58   0.563     .7994085    1.129649
------------------------------------------------------------------------------

. file write tablecontent %4.2f (r(estimate)) _tab %4.2f (r(lb)) (" - ") %4.2f (r(ub)) _tab 

. 
. estimates use ./$tempdir/multivar3

. lincom 1.exposure, eform

 ( 1)  1.exposure = 0

------------------------------------------------------------------------------
          _t |     exp(b)   Std. Err.      z    P>|z|     [95% Conf. Interval]
-------------+----------------------------------------------------------------
         (1) |    .948802   .0837147    -0.60   0.551     .7981277    1.127921
------------------------------------------------------------------------------

. file write tablecontent %4.2f (r(estimate)) _tab %4.2f (r(lb)) (" - ") %4.2f (r(ub)) _n 

. 
. file write tablecontent _n

. file close tablecontent

. 
. 
. * Close log file 
. log close
      name:  <unnamed>
       log:  E:\alex\nsaids-covid-research\analysis\nsaid_log\06a_an_models_nsaid.log
  log type:  text
 closed on:  14 Jul 2020, 21:46:50
----------------------------------------------------------------------------------------------------------------------------------------------------------------------------
