----------------------------------------------------------------------------------------------------------------------------------------------------------------------------
      name:  <unnamed>
       log:  E:\alex\nsaids-covid-research\analysis\nsaid_log\Cox2_08_an_model_checks.log
  log type:  text
 opened on:  15 Jul 2020, 01:22:29

. 
. * Open Stata dataset
. use $tempdir\analysis_dataset_STSET_$outcome, clear

. 
. /* Quietly run models, perform test and store results in local macro==========*/
. 
. drop exposure

. rename cox_nsaid exposure

. 
. * Exposure labels 
. local lab1: label nsaid_type 1

. local lab2: label nsaid_type 2

. 
. /* Quietly run models, perform test and store results in local macro==========*/
. 
. qui stcox i.exposure 

. estat phtest, detail

      Test of proportional-hazards assumption

      Time:  Time
      ----------------------------------------------------------------
                  |       rho            chi2       df       Prob>chi2
      ------------+---------------------------------------------------
      0b.exposure |            .            .        1             .
      1.exposure  |      0.03969         1.31        1         0.2532
      2.exposure  |     -0.04291         1.53        1         0.2165
      ------------+---------------------------------------------------
      global test |                      3.02        2         0.2214
      ----------------------------------------------------------------

. local univar_p1 = round(r(phtest)[2,4],0.001)

. local univar_p2 = round(r(phtest)[3,4],0.001)

. 
. di `univar_p1'
.253

. di `univar_p2'
.217

.  
. estat phtest, plot(1.exposure) ///
>                           graphregion(fcolor(white)) ///
>                           ylabel(, nogrid labsize(small)) ///
>                           xlabel(, labsize(small)) ///
>                           xtitle("Time", size(small)) ///
>                           ytitle("Scaled Shoenfeld Residuals", size(small)) ///
>                           msize(small) ///
>                           mcolor(gs6) ///
>                           msymbol(circle_hollow) ///
>                           scheme(s1mono) ///
>                           title ("Schoenfeld residuals against time, univariable `lab1'", position(11) size(medsmall)) 

. 
. graph export "$outdir/cox_schoenplot1a.svg", as(svg) replace
(file nsaid_output/cox_schoenplot1a.svg written in SVG format)

. 
. estat phtest, plot(2.exposure) ///
>                           graphregion(fcolor(white)) ///
>                           ylabel(, nogrid labsize(small)) ///
>                           xlabel(, labsize(small)) ///
>                           xtitle("Time", size(small)) ///
>                           ytitle("Scaled Shoenfeld Residuals", size(small)) ///
>                           msize(small) ///
>                           mcolor(gs6) ///
>                           msymbol(circle_hollow) ///
>                           scheme(s1mono) ///
>                           title ("Schoenfeld residuals against time, univariable `lab2'", position(11) size(medsmall)) 

. 
. graph export "$outdir/cox_schoenplot1b.svg", as(svg) replace
(file nsaid_output/cox_schoenplot1b.svg written in SVG format)

. 
. * Close window 
. graph close  

.                           
. stcox i.exposure i.male age1 age2 age3 

         failure _d:  onscoviddeath
   analysis time _t:  (stime_onscoviddeath-origin)
             origin:  time enter_date
  enter on or after:  time enter_date
                 id:  patient_id

Iteration 0:   log likelihood = -12180.875
Iteration 1:   log likelihood = -11513.129
Iteration 2:   log likelihood = -11227.619
Iteration 3:   log likelihood = -11225.996
Iteration 4:   log likelihood =  -11225.88
Iteration 5:   log likelihood = -11225.879
Iteration 6:   log likelihood = -11225.879
Refining estimates:
Iteration 0:   log likelihood = -11225.879

Cox regression -- Breslow method for ties

No. of subjects =    2,459,614                  Number of obs    =   2,459,614
No. of failures =          829
Time at risk    =    252524169
                                                LR chi2(6)       =     1909.99
Log likelihood  =   -11225.879                  Prob > chi2      =      0.0000

----------------------------------------------------------------------------------------
                    _t | Haz. Ratio   Std. Err.      z    P>|z|     [95% Conf. Interval]
-----------------------+----------------------------------------------------------------
              exposure |
Cox-2 specific NSAIDs  |   .7642448   .2566898    -0.80   0.423     .3956728    1.476144
Other specific NSAIDs  |   1.103599   .0886558     1.23   0.220     .9428257    1.291788
                       |
                1.male |   2.115176   .1499771    10.57   0.000     1.840738    2.430531
                  age1 |   1.177028   .0534974     3.59   0.000      1.07671    1.286693
                  age2 |   .8456192   .0727731    -1.95   0.051      .714367    1.000987
                  age3 |   1.742941   .4282828     2.26   0.024     1.076768    2.821263
----------------------------------------------------------------------------------------

. estat phtest, detail

      Test of proportional-hazards assumption

      Time:  Time
      ----------------------------------------------------------------
                  |       rho            chi2       df       Prob>chi2
      ------------+---------------------------------------------------
      0b.exposure |            .            .        1             .
      1.exposure  |      0.03710         1.15        1         0.2845
      2.exposure  |     -0.03647         1.10        1         0.2940
      0b.male     |            .            .        1             .
      1.male      |     -0.11148        10.29        1         0.0013
      age1        |      0.00115         0.00        1         0.9747
      age2        |     -0.01068         0.09        1         0.7683
      age3        |      0.01841         0.26        1         0.6107
      ------------+---------------------------------------------------
      global test |                     28.34        6         0.0001
      ----------------------------------------------------------------

. local multivar1_p1 = round(r(phtest)[2,4],0.001)

. local multivar1_p2 = round(r(phtest)[3,4],0.001)

.  
. estat phtest, plot(1.exposure) ///
>                           graphregion(fcolor(white)) ///
>                           ylabel(, nogrid labsize(small)) ///
>                           xlabel(, labsize(small)) ///
>                           xtitle("Time", size(small)) ///
>                           ytitle("Scaled Shoenfeld Residuals", size(small)) ///
>                           msize(small) ///
>                           mcolor(gs6) ///
>                           msymbol(circle_hollow) ///
>                           scheme(s1mono) ///
>                           title ("Schoenfeld residuals against time, age and sex adjusted `lab1'", position(11) size(medsmall))                           

. 
. graph export "$outdir/cox_schoenplot2a.svg", as(svg) replace
(file nsaid_output/cox_schoenplot2a.svg written in SVG format)

. 
. estat phtest, plot(2.exposure) ///
>                           graphregion(fcolor(white)) ///
>                           ylabel(, nogrid labsize(small)) ///
>                           xlabel(, labsize(small)) ///
>                           xtitle("Time", size(small)) ///
>                           ytitle("Scaled Shoenfeld Residuals", size(small)) ///
>                           msize(small) ///
>                           mcolor(gs6) ///
>                           msymbol(circle_hollow) ///
>                           scheme(s1mono) ///
>                           title ("Schoenfeld residuals against time, age and sex adjusted `lab2'", position(11) size(medsmall))                           

. 
. graph export "$outdir/cox_schoenplot2b.svg", as(svg) replace
(file nsaid_output/cox_schoenplot2b.svg written in SVG format)

. 
. * Close window 
. graph close

.                   
. stcox i.exposure i.male age1 age2 age3 $varlist , strata(stp)   

         failure _d:  onscoviddeath
   analysis time _t:  (stime_onscoviddeath-origin)
             origin:  time enter_date
  enter on or after:  time enter_date
                 id:  patient_id

Iteration 0:   log likelihood = -9513.8021
Iteration 1:   log likelihood = -8584.1604
Iteration 2:   log likelihood = -8337.0909
Iteration 3:   log likelihood = -8318.1261
Iteration 4:   log likelihood = -8314.4943
Iteration 5:   log likelihood =  -8313.954
Iteration 6:   log likelihood = -8313.9363
Iteration 7:   log likelihood = -8313.9363
Refining estimates:
Iteration 0:   log likelihood = -8313.9363

Stratified Cox regr. -- Breslow method for ties

No. of subjects =    2,459,614                  Number of obs    =   2,459,614
No. of failures =          829
Time at risk    =    252524169
                                                LR chi2(34)      =     2399.73
Log likelihood  =   -8313.9363                  Prob > chi2      =      0.0000

----------------------------------------------------------------------------------------
                    _t | Haz. Ratio   Std. Err.      z    P>|z|     [95% Conf. Interval]
-----------------------+----------------------------------------------------------------
              exposure |
Cox-2 specific NSAIDs  |   .6065057   .2055903    -1.48   0.140     .3121036    1.178612
Other specific NSAIDs  |   .9728858   .0870059    -0.31   0.759     .8164663    1.159272
                       |
                1.male |   2.159175   .1570969    10.58   0.000     1.872217    2.490115
                  age1 |   1.162177   .0525143     3.33   0.001     1.063677    1.269799
                  age2 |   .8664416   .0750253    -1.66   0.098     .7311956    1.026703
                  age3 |   1.599308   .3978031     1.89   0.059     .9822204    2.604086
                       |
             obese4cat |
    Obese I (30-34.9)  |   1.097052   .1000994     1.02   0.310     .9174032     1.31188
   Obese II (35-39.9)  |   1.557822   .1923497     3.59   0.000     1.222973    1.984351
      Obese III (40+)  |   1.630009   .2899313     2.75   0.006     1.150233    2.309905
                       |
          smoke_nomiss |
               Former  |   1.046747   .0803267     0.60   0.552     .9005773    1.216641
              Current  |   .8127277   .1114284    -1.51   0.130     .6212147    1.063282
                       |
                   imd |
                    2  |   1.506104   .1693078     3.64   0.000      1.20828    1.877337
                    3  |   1.539475   .1791669     3.71   0.000     1.225485    1.933913
                    4  |    1.84159   .2173657     5.17   0.000     1.461249    2.320927
      5 most deprived  |   2.378356   .2900043     7.11   0.000     1.872776    3.020424
                       |
                   ckd |
                  CKD  |   1.430069   .1355786     3.77   0.000     1.187567    1.722089
        1.hypertension |   1.044617   .0806075     0.57   0.572     .8979958    1.215177
       1.heart_failure |    1.62573   .2730611     2.89   0.004     1.169712     2.25953
 1.other_heart_disease |   1.126483   .1875135     0.72   0.474     .8128942    1.561043
                       |
          diab_control |
  Controlled diabetes  |   1.468949   .1410617     4.00   0.000     1.216934    1.773156
Uncontrolled diabetes  |   2.245999   .2976475     6.11   0.000      1.73223     2.91215
                       |
                1.copd |   1.313344    .162791     2.20   0.028     1.030079    1.674504
   1.other_respiratory |   2.398827   .3227618     6.50   0.000     1.842764    3.122683
       1.immunodef_any |   2.435455   .7134749     3.04   0.002     1.371569    4.324566
              1.cancer |   2.000197    .166964     8.30   0.000     1.698321    2.355732
          1.rheumatoid |   1.258897   .2435673     1.19   0.234      .861594    1.839408
      1.osteoarthritis |   .8564584   .0645474    -2.06   0.040     .7388479    .9927902
              1.statin |   .6797493   .0573266    -4.58   0.000     .5761861    .8019269
                 1.ppi |   1.418542   .1134371     4.37   0.000     1.212757    1.659245
1.steroid_prednisolone |   1.509748   .1930123     3.22   0.001     1.175123     1.93966
  1.hydroxychloroquine |   1.379766   .4090358     1.09   0.278      .771728    2.466873
 1.dmards_primary_care |   1.576792   .3396077     2.11   0.034     1.033816    2.404945
         1.flu_vaccine |    1.04377   .0906129     0.49   0.622     .8804591    1.237372
1.pneumococcal_vaccine |   1.057066   .1135876     0.52   0.606     .8563198    1.304874
----------------------------------------------------------------------------------------
                                                             Stratified by stp

. estat phtest, detail

      Test of proportional-hazards assumption

      Time:  Time
      ----------------------------------------------------------------
                  |       rho            chi2       df       Prob>chi2
      ------------+---------------------------------------------------
      0b.exposure |            .            .        1             .
      1.exposure  |      0.03618         1.10        1         0.2939
      2.exposure  |     -0.04561         1.75        1         0.1859
      0b.male     |            .            .        1             .
      1.male      |     -0.10495         9.14        1         0.0025
      age1        |     -0.00212         0.00        1         0.9534
      age2        |     -0.00050         0.00        1         0.9890
      age3        |      0.00570         0.03        1         0.8739
      1b.obese4cat|            .            .        1             .
      2.obese4cat |     -0.04401         1.59        1         0.2079
      3.obese4cat |     -0.03688         1.14        1         0.2854
      4.obese4cat |     -0.02952         0.72        1         0.3961
      1b.smoke_n~s|            .            .        1             .
      2.smoke_no~s|     -0.04905         2.01        1         0.1566
      3.smoke_no~s|      0.05970         2.96        1         0.0851
      1b.imd      |            .            .        1             .
      2.imd       |      0.00351         0.01        1         0.9196
      3.imd       |     -0.00092         0.00        1         0.9791
      4.imd       |      0.01703         0.24        1         0.6235
      5.imd       |      0.00280         0.01        1         0.9355
      0b.ckd      |            .            .        1             .
      1.ckd       |     -0.00623         0.03        1         0.8521
      0b.hyperte~n|            .            .        1             .
      1.hyperten~n|     -0.00614         0.03        1         0.8584
      0b.heart_~re|            .            .        1             .
      1.heart_f~re|     -0.06716         3.81        1         0.0509
      0b.other_~se|            .            .        1             .
      1.other_h~se|     -0.00543         0.02        1         0.8764
      1b.diab_co~l|            .            .        1             .
      2.diab_con~l|      0.01387         0.16        1         0.6871
      3.diab_con~l|     -0.00240         0.00        1         0.9458
      0b.copd     |            .            .        1             .
      1.copd      |     -0.02005         0.33        1         0.5674
      0b.other_r~y|            .            .        1             .
      1.other_re~y|      0.00134         0.00        1         0.9693
      0b.immunod~y|            .            .        1             .
      1.immunode~y|     -0.00649         0.04        1         0.8515
      0b.cancer   |            .            .        1             .
      1.cancer    |      0.05871         3.18        1         0.0744
      0b.rheumat~d|            .            .        1             .
      1.rheumatoid|      0.02161         0.46        1         0.4964
      0b.osteoar~s|            .            .        1             .
      1.osteoart~s|     -0.02600         0.57        1         0.4516
      0b.statin   |            .            .        1             .
      1.statin    |     -0.14619        17.29        1         0.0000
      0b.ppi      |            .            .        1             .
      1.ppi       |      0.02460         0.53        1         0.4649
      0b.steroi~ne|            .            .        1             .
      1.steroid~ne|     -0.06623         3.78        1         0.0518
      0b.hydrox~ne|            .            .        1             .
      1.hydroxy~ne|     -0.02561         0.59        1         0.4420
      0b.dmards~re|            .            .        1             .
      1.dmards_~re|     -0.00256         0.01        1         0.9326
      0b.flu_vac~e|            .            .        1             .
      1.flu_vacc~e|      0.02916         0.77        1         0.3808
      0b.pneumoc~e|            .            .        1             .
      1.pneumoco~e|     -0.02862         0.69        1         0.4077
      ------------+---------------------------------------------------
      global test |                     80.21       34         0.0000
      ----------------------------------------------------------------

. local multivar2_p1 = round(r(phtest)[2,4],0.001)

. local multivar2_p2 = round(r(phtest)[3,4],0.001)

.  
. estat phtest, plot(1.exposure) ///
>                           graphregion(fcolor(white)) ///
>                           ylabel(, nogrid labsize(small)) ///
>                           xlabel(, labsize(small)) ///
>                           xtitle("Time", size(small)) ///
>                           ytitle("Scaled Shoenfeld Residuals", size(small)) ///
>                           msize(small) ///
>                           mcolor(gs6) ///
>                           msymbol(circle_hollow) ///
>                           scheme(s1mono) /// 
>                           title ("Schoenfeld residuals against time, fully adjusted `lab1'", position(11) size(medsmall))                 

.                           
. graph export "$outdir/cox_schoenplot3a.svg", as(svg) replace
(file nsaid_output/cox_schoenplot3a.svg written in SVG format)

. 
. estat phtest, plot(2.exposure) ///
>                           graphregion(fcolor(white)) ///
>                           ylabel(, nogrid labsize(small)) ///
>                           xlabel(, labsize(small)) ///
>                           xtitle("Time", size(small)) ///
>                           ytitle("Scaled Shoenfeld Residuals", size(small)) ///
>                           msize(small) ///
>                           mcolor(gs6) ///
>                           msymbol(circle_hollow) ///
>                           scheme(s1mono) ///
>                           title ("Schoenfeld residuals against time, fully adjusted `lab2'", position(11) size(medsmall))                 

.                           
. graph export "$outdir/cox_schoenplot3b.svg", as(svg) replace
(file nsaid_output/cox_schoenplot3b.svg written in SVG format)

. 
. * Close window 
. graph close

. 
. * Print table of results======================================================*/        
. 
. 
. cap file close tablecontent

. file open tablecontent using ./$outdir/table14.txt, write text replace

. 
. * Column headings 
. file write tablecontent ("Table 14: Testing the PH assumption for $tableoutcome - $population Population") _n

. file write tablecontent _tab ("Univariable") _tab ("Age/Sex Adjusted") _tab ///
>                                                 ("Age/Sex and Comorbidity Adjusted") _tab _n

.                                                 
. file write tablecontent _tab ("p-value") _tab ("p-value") _tab ("p-value") _tab _n

. 
. * Row heading and content  
. file write tablecontent ("`lab1'") _tab

. file write tablecontent ("`univar_p1'") _tab ("`multivar1_p1'") _tab ("`multivar2_p1'") _n

. 
. file write tablecontent ("`lab2'") _tab

. file write tablecontent ("`univar_p2'") _tab ("`multivar1_p2'") _tab ("`multivar2_p2'") _n

. 
. file write tablecontent _n

. file close tablecontent

. 
. 
. * Close log file 
. log close
      name:  <unnamed>
       log:  E:\alex\nsaids-covid-research\analysis\nsaid_log\Cox2_08_an_model_checks.log
  log type:  text
 closed on:  15 Jul 2020, 01:56:07
----------------------------------------------------------------------------------------------------------------------------------------------------------------------------
