----------------------------------------------------------------------------------------------------------------------------------------------------------------------------
      name:  <unnamed>
       log:  E:\alex\nsaids-covid-research\analysis\nsaid_log\Cox2_06_an_models.log
  log type:  text
 opened on:  15 Jul 2020, 01:14:52

. 
. * Open Stata dataset
. use $tempdir\analysis_dataset_STSET_$outcome, clear

. 
. /* Sense check outcomes=======================================================*/ 
. drop exposure

. rename cox_nsaid exposure

. safetab exposure $outcome, missing row
23

+----------------+
| Key            |
|----------------|
|   frequency    |
| row percentage |
+----------------+

                      |   Failure/censoring
                      |     indicator for
                      |  outcome: ONS covid
    Cox-2 specific vs |         death
other specific NSAIDs |         0          1 |     Total
----------------------+----------------------+----------
no current use of NSA | 1,923,484        611 | 1,924,095 
                      |     99.97       0.03 |    100.00 
----------------------+----------------------+----------
Cox-2 specific NSAIDs |    24,742          9 |    24,751 
                      |     99.96       0.04 |    100.00 
----------------------+----------------------+----------
Other specific NSAIDs |   510,559        209 |   510,768 
                      |     99.96       0.04 |    100.00 
----------------------+----------------------+----------
                Total | 2,458,785        829 | 2,459,614 
                      |     99.97       0.03 |    100.00 

. 
. /* Main Model=================================================================*/
. 
. /* Univariable model */ 
. 
. stcox i.exposure 

         failure _d:  onscoviddeath
   analysis time _t:  (stime_onscoviddeath-origin)
             origin:  time enter_date
  enter on or after:  time enter_date
                 id:  patient_id

Iteration 0:   log likelihood = -12180.875
Iteration 1:   log likelihood = -12177.022
Iteration 2:   log likelihood = -12177.005
Iteration 3:   log likelihood = -12177.005
Refining estimates:
Iteration 0:   log likelihood = -12177.005

Cox regression -- Breslow method for ties

No. of subjects =    2,459,614                  Number of obs    =   2,459,614
No. of failures =          829
Time at risk    =    252524169
                                                LR chi2(2)       =        7.74
Log likelihood  =   -12177.005                  Prob > chi2      =      0.0209

----------------------------------------------------------------------------------------
                    _t | Haz. Ratio   Std. Err.      z    P>|z|     [95% Conf. Interval]
-----------------------+----------------------------------------------------------------
              exposure |
Cox-2 specific NSAIDs  |   1.115663   .3746167     0.33   0.744     .5777195    2.154513
Other specific NSAIDs  |   1.254612   .1005368     2.83   0.005     1.072258    1.467977
----------------------------------------------------------------------------------------

. estimates save ./$tempdir/cox_univar, replace 
file ./nsaid_tempdata/cox_univar.ster saved

. 
. /* Multivariable models */ 
. 
. * Age and Gender 
. * Age fit as spline in first instance, categorical below 
. 
. stcox i.exposure i.male age1 age2 age3 

         failure _d:  onscoviddeath
   analysis time _t:  (stime_onscoviddeath-origin)
             origin:  time enter_date
  enter on or after:  time enter_date
                 id:  patient_id

Iteration 0:   log likelihood = -12180.875
Iteration 1:   log likelihood = -11513.129
Iteration 2:   log likelihood = -11227.619
Iteration 3:   log likelihood = -11225.996
Iteration 4:   log likelihood =  -11225.88
Iteration 5:   log likelihood = -11225.879
Iteration 6:   log likelihood = -11225.879
Refining estimates:
Iteration 0:   log likelihood = -11225.879

Cox regression -- Breslow method for ties

No. of subjects =    2,459,614                  Number of obs    =   2,459,614
No. of failures =          829
Time at risk    =    252524169
                                                LR chi2(6)       =     1909.99
Log likelihood  =   -11225.879                  Prob > chi2      =      0.0000

----------------------------------------------------------------------------------------
                    _t | Haz. Ratio   Std. Err.      z    P>|z|     [95% Conf. Interval]
-----------------------+----------------------------------------------------------------
              exposure |
Cox-2 specific NSAIDs  |   .7642448   .2566898    -0.80   0.423     .3956728    1.476144
Other specific NSAIDs  |   1.103599   .0886558     1.23   0.220     .9428257    1.291788
                       |
                1.male |   2.115176   .1499771    10.57   0.000     1.840738    2.430531
                  age1 |   1.177028   .0534974     3.59   0.000      1.07671    1.286693
                  age2 |   .8456192   .0727731    -1.95   0.051      .714367    1.000987
                  age3 |   1.742941   .4282828     2.26   0.024     1.076768    2.821263
----------------------------------------------------------------------------------------

. estimates save ./$tempdir/cox_multivar1, replace 
file ./nsaid_tempdata/cox_multivar1.ster saved

. 
. * Age, Gender and Comorbidities 
. stcox i.exposure i.male age1 age2 age3  $varlist , strata(stp)                          

         failure _d:  onscoviddeath
   analysis time _t:  (stime_onscoviddeath-origin)
             origin:  time enter_date
  enter on or after:  time enter_date
                 id:  patient_id

Iteration 0:   log likelihood = -9513.8021
Iteration 1:   log likelihood = -8584.1604
Iteration 2:   log likelihood = -8337.0909
Iteration 3:   log likelihood = -8318.1261
Iteration 4:   log likelihood = -8314.4943
Iteration 5:   log likelihood =  -8313.954
Iteration 6:   log likelihood = -8313.9363
Iteration 7:   log likelihood = -8313.9363
Refining estimates:
Iteration 0:   log likelihood = -8313.9363

Stratified Cox regr. -- Breslow method for ties

No. of subjects =    2,459,614                  Number of obs    =   2,459,614
No. of failures =          829
Time at risk    =    252524169
                                                LR chi2(34)      =     2399.73
Log likelihood  =   -8313.9363                  Prob > chi2      =      0.0000

----------------------------------------------------------------------------------------
                    _t | Haz. Ratio   Std. Err.      z    P>|z|     [95% Conf. Interval]
-----------------------+----------------------------------------------------------------
              exposure |
Cox-2 specific NSAIDs  |   .6065057   .2055903    -1.48   0.140     .3121036    1.178612
Other specific NSAIDs  |   .9728858   .0870059    -0.31   0.759     .8164663    1.159272
                       |
                1.male |   2.159175   .1570969    10.58   0.000     1.872217    2.490115
                  age1 |   1.162177   .0525143     3.33   0.001     1.063677    1.269799
                  age2 |   .8664416   .0750253    -1.66   0.098     .7311956    1.026703
                  age3 |   1.599308   .3978031     1.89   0.059     .9822204    2.604086
                       |
             obese4cat |
    Obese I (30-34.9)  |   1.097052   .1000994     1.02   0.310     .9174032     1.31188
   Obese II (35-39.9)  |   1.557822   .1923497     3.59   0.000     1.222973    1.984351
      Obese III (40+)  |   1.630009   .2899313     2.75   0.006     1.150233    2.309905
                       |
          smoke_nomiss |
               Former  |   1.046747   .0803267     0.60   0.552     .9005773    1.216641
              Current  |   .8127277   .1114284    -1.51   0.130     .6212147    1.063282
                       |
                   imd |
                    2  |   1.506104   .1693078     3.64   0.000      1.20828    1.877337
                    3  |   1.539475   .1791669     3.71   0.000     1.225485    1.933913
                    4  |    1.84159   .2173657     5.17   0.000     1.461249    2.320927
      5 most deprived  |   2.378356   .2900043     7.11   0.000     1.872776    3.020424
                       |
                   ckd |
                  CKD  |   1.430069   .1355786     3.77   0.000     1.187567    1.722089
        1.hypertension |   1.044617   .0806075     0.57   0.572     .8979958    1.215177
       1.heart_failure |    1.62573   .2730611     2.89   0.004     1.169712     2.25953
 1.other_heart_disease |   1.126483   .1875135     0.72   0.474     .8128942    1.561043
                       |
          diab_control |
  Controlled diabetes  |   1.468949   .1410617     4.00   0.000     1.216934    1.773156
Uncontrolled diabetes  |   2.245999   .2976475     6.11   0.000      1.73223     2.91215
                       |
                1.copd |   1.313344    .162791     2.20   0.028     1.030079    1.674504
   1.other_respiratory |   2.398827   .3227618     6.50   0.000     1.842764    3.122683
       1.immunodef_any |   2.435455   .7134749     3.04   0.002     1.371569    4.324566
              1.cancer |   2.000197    .166964     8.30   0.000     1.698321    2.355732
          1.rheumatoid |   1.258897   .2435673     1.19   0.234      .861594    1.839408
      1.osteoarthritis |   .8564584   .0645474    -2.06   0.040     .7388479    .9927902
              1.statin |   .6797493   .0573266    -4.58   0.000     .5761861    .8019269
                 1.ppi |   1.418542   .1134371     4.37   0.000     1.212757    1.659245
1.steroid_prednisolone |   1.509748   .1930123     3.22   0.001     1.175123     1.93966
  1.hydroxychloroquine |   1.379766   .4090358     1.09   0.278      .771728    2.466873
 1.dmards_primary_care |   1.576792   .3396077     2.11   0.034     1.033816    2.404945
         1.flu_vaccine |    1.04377   .0906129     0.49   0.622     .8804591    1.237372
1.pneumococcal_vaccine |   1.057066   .1135876     0.52   0.606     .8563198    1.304874
----------------------------------------------------------------------------------------
                                                             Stratified by stp

.                                                                                 
. estimates save ./$tempdir/cox_multivar2, replace 
file ./nsaid_tempdata/cox_multivar2.ster saved

. 
. /* Print table================================================================*/ 
. *  Print the results for the main model 
. 
. cap file close tablecontent

. file open tablecontent using ./$outdir/table13.txt, write text replace

. 
. * Column headings 
. file write tablecontent ("Table 13: Association between current NSAID use according to Cox2 and $tableoutcome - $population Population") _n

. file write tablecontent _tab ("Number of events") _tab ("Total person-weeks") _tab ("Rate per 1,000") _tab ("Univariable") _tab _tab ("Age/Sex Adjusted") _tab _tab ///
>                                                 ("Age/Sex and Comorbidity Adjusted") _tab _tab _n

. file write tablecontent _tab _tab _tab _tab ("HR") _tab ("95% CI") _tab ("HR") _tab ///
>                                                 ("95% CI") _tab ("HR") _tab ("95% CI") _n

. file write tablecontent ("Main Analysis") _n                                    

. 
. * Row headings 
. local lab0: label nsaid_type 0

. local lab1: label nsaid_type 1

. local lab2: label nsaid_type 2

.  
. /* Counts */
.  
. * First row, exposure = 0 (reference)
. 
.         safecount if exposure == 0 & $outcome == 1
  611

.         local event = r(N)

.     bysort exposure: egen total_follow_up = total(_t)

.         su total_follow_up if exposure == 0

    Variable |        Obs        Mean    Std. Dev.       Min        Max
-------------+---------------------------------------------------------
total_foll~p |  1,924,095    1.96e+08           0   1.96e+08   1.96e+08

.         local person_week = r(mean)/7

.         local rate = 1000*(`event'/`person_week')

.         
.         file write tablecontent ("`lab0'") _tab

.         file write tablecontent (`event') _tab %10.0f (`person_week') _tab %3.2f (`rate') _tab

.         file write tablecontent ("1.00 (ref)") _tab _tab ("1.00 (ref)") _tab _tab ("1.00 (ref)") _n

.         
. * Second row, exposure = 1 (Cox-2)
. 
. file write tablecontent ("`lab1'") _tab  

. 
.         safecount if exposure == 1 & $outcome == 1
  9

.         local event = r(N)

.         su total_follow_up if exposure == 1

    Variable |        Obs        Mean    Std. Dev.       Min        Max
-------------+---------------------------------------------------------
total_foll~p |     24,751     2593981           0    2593981    2593981

.         local person_week = r(mean)/7

.         local rate = 1000*(`event'/`person_week')

.         file write tablecontent (`event') _tab %10.0f (`person_week') _tab %3.2f (`rate') _tab

. 
. /* Main Model */ 
. estimates use ./$tempdir/cox_univar 

. lincom 1.exposure, eform

 ( 1)  1.exposure = 0

------------------------------------------------------------------------------
          _t |     exp(b)   Std. Err.      z    P>|z|     [95% Conf. Interval]
-------------+----------------------------------------------------------------
         (1) |   1.115663   .3746167     0.33   0.744     .5777195    2.154513
------------------------------------------------------------------------------

. file write tablecontent %4.2f (r(estimate)) _tab %4.2f (r(lb)) (" - ") %4.2f (r(ub)) _tab 

. 
. estimates use ./$tempdir/cox_multivar1 

. lincom 1.exposure, eform

 ( 1)  1.exposure = 0

------------------------------------------------------------------------------
          _t |     exp(b)   Std. Err.      z    P>|z|     [95% Conf. Interval]
-------------+----------------------------------------------------------------
         (1) |   .7642448   .2566898    -0.80   0.423     .3956728    1.476144
------------------------------------------------------------------------------

. file write tablecontent %4.2f (r(estimate)) _tab %4.2f (r(lb)) (" - ") %4.2f (r(ub)) _tab 

. 
. estimates use ./$tempdir/cox_multivar2  

. lincom 1.exposure, eform

 ( 1)  1.exposure = 0

------------------------------------------------------------------------------
          _t |     exp(b)   Std. Err.      z    P>|z|     [95% Conf. Interval]
-------------+----------------------------------------------------------------
         (1) |   .6065057   .2055903    -1.48   0.140     .3121036    1.178612
------------------------------------------------------------------------------

. file write tablecontent %4.2f (r(estimate)) _tab %4.2f (r(lb)) (" - ") %4.2f (r(ub)) _n 

. 
. * Third row, exposure = 2 (Non Cox-2)
. 
. file write tablecontent ("`lab2'") _tab  

. 
.         safecount if exposure == 2 & $outcome == 1
  209

.         local event = r(N)

.         su total_follow_up if exposure == 2

    Variable |        Obs        Mean    Std. Dev.       Min        Max
-------------+---------------------------------------------------------
total_foll~p |    510,768    5.36e+07           0   5.36e+07   5.36e+07

.         local person_week = r(mean)/7

.         local rate = 1000*(`event'/`person_week')

.         file write tablecontent (`event') _tab %10.0f (`person_week') _tab %3.2f (`rate') _tab

.         
. /* Main Model */ 
. estimates use ./$tempdir/cox_univar 

. lincom 2.exposure, eform

 ( 1)  2.exposure = 0

------------------------------------------------------------------------------
          _t |     exp(b)   Std. Err.      z    P>|z|     [95% Conf. Interval]
-------------+----------------------------------------------------------------
         (1) |   1.254612   .1005368     2.83   0.005     1.072258    1.467977
------------------------------------------------------------------------------

. file write tablecontent %4.2f (r(estimate)) _tab %4.2f (r(lb)) (" - ") %4.2f (r(ub)) _tab 

. 
. estimates use ./$tempdir/cox_multivar1 

. lincom 2.exposure, eform

 ( 1)  2.exposure = 0

------------------------------------------------------------------------------
          _t |     exp(b)   Std. Err.      z    P>|z|     [95% Conf. Interval]
-------------+----------------------------------------------------------------
         (1) |   1.103599   .0886558     1.23   0.220     .9428257    1.291788
------------------------------------------------------------------------------

. file write tablecontent %4.2f (r(estimate)) _tab %4.2f (r(lb)) (" - ") %4.2f (r(ub)) _tab 

. 
. estimates use ./$tempdir/cox_multivar2  

. lincom 2.exposure, eform

 ( 1)  2.exposure = 0

------------------------------------------------------------------------------
          _t |     exp(b)   Std. Err.      z    P>|z|     [95% Conf. Interval]
-------------+----------------------------------------------------------------
         (1) |   .9728858   .0870059    -0.31   0.759     .8164663    1.159272
------------------------------------------------------------------------------

. file write tablecontent %4.2f (r(estimate)) _tab %4.2f (r(lb)) (" - ") %4.2f (r(ub)) _n 

. 
. file write tablecontent _n

. file close tablecontent

. 
. 
. * Close log file 
. log close
      name:  <unnamed>
       log:  E:\alex\nsaids-covid-research\analysis\nsaid_log\Cox2_06_an_models.log
  log type:  text
 closed on:  15 Jul 2020, 01:22:29
----------------------------------------------------------------------------------------------------------------------------------------------------------------------------
