----------------------------------------------------------------------------------------------------------------------------------------------------------------------------
      name:  <unnamed>
       log:  E:\alex\nsaids-covid-research\analysis\nsaid_log\Ibuprofen_06_an_models.log
  log type:  text
 opened on:  15 Jul 2020, 02:33:54

. 
. * Open Stata dataset
. use $tempdir\analysis_dataset_STSET_$outcome, clear

. 
. /* Sense check outcomes=======================================================*/ 
. drop exposure

. rename ibuprofen exposure

. safetab exposure $outcome, missing row
23

+----------------+
| Key            |
|----------------|
|   frequency    |
| row percentage |
+----------------+

                      |   Failure/censoring
                      |     indicator for
                      |  outcome: ONS covid
   ibuprofen vs other |         death
               NSAIDs |         0          1 |     Total
----------------------+----------------------+----------
no current use of NSA | 1,923,484        611 | 1,924,095 
                      |     99.97       0.03 |    100.00 
----------------------+----------------------+----------
            ibuprofen |    50,557         46 |    50,603 
                      |     99.91       0.09 |    100.00 
----------------------+----------------------+----------
         other NSAIDs |   484,744        172 |   484,916 
                      |     99.96       0.04 |    100.00 
----------------------+----------------------+----------
                Total | 2,458,785        829 | 2,459,614 
                      |     99.97       0.03 |    100.00 

. 
. /* Main Model=================================================================*/
. 
. /* Univariable model */ 
. 
. stcox i.exposure 

         failure _d:  onscoviddeath
   analysis time _t:  (stime_onscoviddeath-origin)
             origin:  time enter_date
  enter on or after:  time enter_date
                 id:  patient_id

Iteration 0:   log likelihood = -12180.875
Iteration 1:   log likelihood = -12175.798
Iteration 2:   log likelihood = -12164.301
Iteration 3:   log likelihood = -12163.742
Iteration 4:   log likelihood =  -12163.74
Refining estimates:
Iteration 0:   log likelihood =  -12163.74

Cox regression -- Breslow method for ties

No. of subjects =    2,459,614                  Number of obs    =   2,459,614
No. of failures =          829
Time at risk    =    252524169
                                                LR chi2(2)       =       34.27
Log likelihood  =    -12163.74                  Prob > chi2      =      0.0000

-------------------------------------------------------------------------------
           _t | Haz. Ratio   Std. Err.      z    P>|z|     [95% Conf. Interval]
--------------+----------------------------------------------------------------
     exposure |
   ibuprofen  |   2.793573   .4271141     6.72   0.000     2.070229    3.769656
other NSAIDs  |   1.087327   .0938553     0.97   0.332     .9180933    1.287757
-------------------------------------------------------------------------------

. estimates save ./$tempdir/ibu_univar, replace 
file ./nsaid_tempdata/ibu_univar.ster saved

. 
. /* Multivariable models */ 
. 
. * Age and Gender 
. * Age fit as spline in first instance, categorical below 
. 
. stcox i.exposure i.male age1 age2 age3 

         failure _d:  onscoviddeath
   analysis time _t:  (stime_onscoviddeath-origin)
             origin:  time enter_date
  enter on or after:  time enter_date
                 id:  patient_id

Iteration 0:   log likelihood = -12180.875
Iteration 1:   log likelihood =  -11512.34
Iteration 2:   log likelihood = -11227.075
Iteration 3:   log likelihood = -11225.448
Iteration 4:   log likelihood = -11225.332
Iteration 5:   log likelihood = -11225.331
Iteration 6:   log likelihood = -11225.331
Refining estimates:
Iteration 0:   log likelihood = -11225.331

Cox regression -- Breslow method for ties

No. of subjects =    2,459,614                  Number of obs    =   2,459,614
No. of failures =          829
Time at risk    =    252524169
                                                LR chi2(6)       =     1911.09
Log likelihood  =   -11225.331                  Prob > chi2      =      0.0000

-------------------------------------------------------------------------------
           _t | Haz. Ratio   Std. Err.      z    P>|z|     [95% Conf. Interval]
--------------+----------------------------------------------------------------
     exposure |
   ibuprofen  |   1.342932    .206003     1.92   0.055     .9942178    1.813955
other NSAIDs  |   1.030047   .0892185     0.34   0.733     .8692197    1.220632
              |
       1.male |   2.122379   .1505113    10.61   0.000     1.846966    2.438861
         age1 |    1.17712   .0534989     3.59   0.000     1.076799    1.286788
         age2 |   .8455663   .0727634    -1.95   0.051     .7143308    1.000912
         age3 |   1.741072   .4277868     2.26   0.024     1.075657    2.818121
-------------------------------------------------------------------------------

. estimates save ./$tempdir/ibu_multivar1, replace 
file ./nsaid_tempdata/ibu_multivar1.ster saved

. 
. * Age, Gender and Comorbidities 
. stcox i.exposure i.male age1 age2 age3  $varlist , strata(stp)                          

         failure _d:  onscoviddeath
   analysis time _t:  (stime_onscoviddeath-origin)
             origin:  time enter_date
  enter on or after:  time enter_date
                 id:  patient_id

Iteration 0:   log likelihood = -9513.8021
Iteration 1:   log likelihood = -8583.6318
Iteration 2:   log likelihood = -8336.5454
Iteration 3:   log likelihood = -8317.5032
Iteration 4:   log likelihood = -8313.8684
Iteration 5:   log likelihood = -8313.3272
Iteration 6:   log likelihood = -8313.3094
Iteration 7:   log likelihood = -8313.3094
Refining estimates:
Iteration 0:   log likelihood = -8313.3094

Stratified Cox regr. -- Breslow method for ties

No. of subjects =    2,459,614                  Number of obs    =   2,459,614
No. of failures =          829
Time at risk    =    252524169
                                                LR chi2(34)      =     2400.99
Log likelihood  =   -8313.3094                  Prob > chi2      =      0.0000

----------------------------------------------------------------------------------------
                    _t | Haz. Ratio   Std. Err.      z    P>|z|     [95% Conf. Interval]
-----------------------+----------------------------------------------------------------
              exposure |
            ibuprofen  |   1.228838   .1934442     1.31   0.191     .9026059    1.672982
         other NSAIDs  |   .8915599   .0850494    -1.20   0.229      .739522    1.074855
                       |
                1.male |   2.166962   .1576918    10.63   0.000     1.878921    2.499159
                  age1 |   1.162265   .0525112     3.33   0.001     1.063771     1.26988
                  age2 |   .8664239   .0750134    -1.66   0.098     .7311979    1.026658
                  age3 |   1.597216   .3972273     1.88   0.060     .9810023    2.600503
                       |
             obese4cat |
    Obese I (30-34.9)  |     1.0976   .1001562     1.02   0.307     .9178504    1.312552
   Obese II (35-39.9)  |   1.557371   .1922888     3.59   0.000     1.222627    1.983764
      Obese III (40+)  |   1.629143   .2897852     2.74   0.006     1.149611    2.308699
                       |
          smoke_nomiss |
               Former  |   1.047011   .0803461     0.60   0.549     .9008064    1.216946
              Current  |   .8122618   .1113596    -1.52   0.129      .620866     1.06266
                       |
                   imd |
                    2  |   1.505865   .1692768     3.64   0.000     1.208095    1.877029
                    3  |   1.538818   .1790882     3.70   0.000     1.224966    1.933082
                    4  |   1.841005   .2172953     5.17   0.000     1.460787    2.320187
      5 most deprived  |    2.37735   .2898761     7.10   0.000     1.871992    3.019133
                       |
                   ckd |
                  CKD  |   1.430353   .1355913     3.78   0.000     1.187826    1.722398
        1.hypertension |   1.044919   .0806253     0.57   0.569     .8982649    1.215516
       1.heart_failure |   1.628941   .2735115     2.91   0.004     1.172147     2.26375
 1.other_heart_disease |   1.125701   .1873643     0.71   0.477     .8123568    1.559908
                       |
          diab_control |
  Controlled diabetes  |   1.467777   .1409523     4.00   0.000     1.215957    1.771748
Uncontrolled diabetes  |   2.240352   .2968759     6.09   0.000      1.72791    2.904769
                       |
                1.copd |   1.312118   .1625721     2.19   0.028     1.029221    1.672774
   1.other_respiratory |   2.389654   .3215089     6.47   0.000     1.835746    3.110694
       1.immunodef_any |   2.425966   .7108388     3.02   0.002     1.366066    4.308217
              1.cancer |   1.995963   .1666066     8.28   0.000     1.694733    2.350736
          1.rheumatoid |   1.250677   .2418396     1.16   0.247     .8561518    1.827003
      1.osteoarthritis |   .8549121   .0644459    -2.08   0.038     .7374886     .991032
              1.statin |   .6800082   .0573389    -4.57   0.000     .5764215    .8022102
                 1.ppi |   1.427518    .114072     4.45   0.000     1.220569    1.669554
1.steroid_prednisolone |   1.505772   .1925018     3.20   0.001     1.172032    1.934546
  1.hydroxychloroquine |    1.37926   .4087825     1.08   0.278     .7715578    2.465606
 1.dmards_primary_care |   1.567192   .3372188     2.09   0.037     1.027936    2.389344
         1.flu_vaccine |   1.042352   .0904661     0.48   0.633     .8793029    1.235636
1.pneumococcal_vaccine |   1.057247   .1136215     0.52   0.604     .8564431    1.305132
----------------------------------------------------------------------------------------
                                                             Stratified by stp

.                                                                                 
. estimates save ./$tempdir/ibu_multivar2, replace 
file ./nsaid_tempdata/ibu_multivar2.ster saved

. 
. /* Print table================================================================*/ 
. *  Print the results for the main model 
. 
. cap file close tablecontent

. file open tablecontent using ./$outdir/table17.txt, write text replace

. 
. * Column headings 
. file write tablecontent ("Table 17: Association between current NSAID use according to cox and $tableoutcome - $population Population") _n

. file write tablecontent _tab ("Number of events") _tab ("Total person-weeks") _tab ("Rate per 1,000") _tab ("Univariable") _tab _tab ("Age/Sex Adjusted") _tab _tab ///
>                                                 ("Age/Sex and Comorbidity Adjusted") _tab _tab _n

. file write tablecontent _tab _tab _tab _tab ("HR") _tab ("95% CI") _tab ("HR") _tab ///
>                                                 ("95% CI") _tab ("HR") _tab ("95% CI") _n

. file write tablecontent ("Main Analysis") _n                                    

. 
. * Row headings 
. local lab0: label nsaid_ibu 0

. local lab1: label nsaid_ibu 1

. local lab2: label nsaid_ibu 2

.  
. /* Counts */
.  
. * First row, exposure = 0 (reference)
. 
.         safecount if exposure == 0 & $outcome == 1
  611

.         local event = r(N)

.     bysort exposure: egen total_follow_up = total(_t)

.         su total_follow_up if exposure == 0

    Variable |        Obs        Mean    Std. Dev.       Min        Max
-------------+---------------------------------------------------------
total_foll~p |  1,924,095    1.96e+08           0   1.96e+08   1.96e+08

.         local person_week = r(mean)/7

.         local rate = 1000*(`event'/`person_week')

.         
.         file write tablecontent ("`lab0'") _tab

.         file write tablecontent (`event') _tab %10.0f (`person_week') _tab %3.2f (`rate') _tab

.         file write tablecontent ("1.00 (ref)") _tab _tab ("1.00 (ref)") _tab _tab ("1.00 (ref)") _n

.         
. * Second row, exposure = 1 (ibuprofen)
. 
. file write tablecontent ("`lab1'") _tab  

. 
.         safecount if exposure == 1 & $outcome == 1
  46

.         local event = r(N)

.         su total_follow_up if exposure == 1

    Variable |        Obs        Mean    Std. Dev.       Min        Max
-------------+---------------------------------------------------------
total_foll~p |     50,603     5295121           0    5295121    5295121

.         local person_week = r(mean)/7

.         local rate = 1000*(`event'/`person_week')

.         file write tablecontent (`event') _tab %10.0f (`person_week') _tab %3.2f (`rate') _tab

. 
. /* Main Model */ 
. estimates use ./$tempdir/ibu_univar 

. lincom 1.exposure, eform

 ( 1)  1.exposure = 0

------------------------------------------------------------------------------
          _t |     exp(b)   Std. Err.      z    P>|z|     [95% Conf. Interval]
-------------+----------------------------------------------------------------
         (1) |   2.793573   .4271141     6.72   0.000     2.070229    3.769656
------------------------------------------------------------------------------

. file write tablecontent %4.2f (r(estimate)) _tab %4.2f (r(lb)) (" - ") %4.2f (r(ub)) _tab 

. 
. estimates use ./$tempdir/ibu_multivar1 

. lincom 1.exposure, eform

 ( 1)  1.exposure = 0

------------------------------------------------------------------------------
          _t |     exp(b)   Std. Err.      z    P>|z|     [95% Conf. Interval]
-------------+----------------------------------------------------------------
         (1) |   1.342932    .206003     1.92   0.055     .9942178    1.813955
------------------------------------------------------------------------------

. file write tablecontent %4.2f (r(estimate)) _tab %4.2f (r(lb)) (" - ") %4.2f (r(ub)) _tab 

. 
. estimates use ./$tempdir/ibu_multivar2  

. lincom 1.exposure, eform

 ( 1)  1.exposure = 0

------------------------------------------------------------------------------
          _t |     exp(b)   Std. Err.      z    P>|z|     [95% Conf. Interval]
-------------+----------------------------------------------------------------
         (1) |   1.228838   .1934442     1.31   0.191     .9026059    1.672982
------------------------------------------------------------------------------

. file write tablecontent %4.2f (r(estimate)) _tab %4.2f (r(lb)) (" - ") %4.2f (r(ub)) _n

.         
. * Third row, exposure = 2 (Non ibuprofen)
. 
. file write tablecontent ("`lab2'") _tab  

. 
.         safecount if exposure == 2 & $outcome == 1
  172

.         local event = r(N)

.         su total_follow_up if exposure == 2

    Variable |        Obs        Mean    Std. Dev.       Min        Max
-------------+---------------------------------------------------------
total_foll~p |    484,916    5.09e+07           0   5.09e+07   5.09e+07

.         local person_week = r(mean)/7

.         local rate = 1000*(`event'/`person_week')

.         file write tablecontent (`event') _tab %10.0f (`person_week') _tab %3.2f (`rate') _tab

.         
. /* Main Model */ 
. estimates use ./$tempdir/ibu_univar 

. lincom 2.exposure, eform

 ( 1)  2.exposure = 0

------------------------------------------------------------------------------
          _t |     exp(b)   Std. Err.      z    P>|z|     [95% Conf. Interval]
-------------+----------------------------------------------------------------
         (1) |   1.087327   .0938553     0.97   0.332     .9180933    1.287757
------------------------------------------------------------------------------

. file write tablecontent %4.2f (r(estimate)) _tab %4.2f (r(lb)) (" - ") %4.2f (r(ub)) _tab 

. 
. estimates use ./$tempdir/ibu_multivar1 

. lincom 2.exposure, eform

 ( 1)  2.exposure = 0

------------------------------------------------------------------------------
          _t |     exp(b)   Std. Err.      z    P>|z|     [95% Conf. Interval]
-------------+----------------------------------------------------------------
         (1) |   1.030047   .0892185     0.34   0.733     .8692197    1.220632
------------------------------------------------------------------------------

. file write tablecontent %4.2f (r(estimate)) _tab %4.2f (r(lb)) (" - ") %4.2f (r(ub)) _tab 

. 
. estimates use ./$tempdir/ibu_multivar2  

. lincom 2.exposure, eform

 ( 1)  2.exposure = 0

------------------------------------------------------------------------------
          _t |     exp(b)   Std. Err.      z    P>|z|     [95% Conf. Interval]
-------------+----------------------------------------------------------------
         (1) |   .8915599   .0850494    -1.20   0.229      .739522    1.074855
------------------------------------------------------------------------------

. file write tablecontent %4.2f (r(estimate)) _tab %4.2f (r(lb)) (" - ") %4.2f (r(ub)) _n

. 
. file write tablecontent _n

. file close tablecontent

. 
. 
. * Close log file 
. log close
      name:  <unnamed>
       log:  E:\alex\nsaids-covid-research\analysis\nsaid_log\Ibuprofen_06_an_models.log
  log type:  text
 closed on:  15 Jul 2020, 02:41:31
----------------------------------------------------------------------------------------------------------------------------------------------------------------------------
