----------------------------------------------------------------------------------------------------------------------------------------------------------------------------
      name:  <unnamed>
       log:  E:\alex\nsaids-covid-research\analysis\nsaid_log\Naproxen_06_an_models.log
  log type:  text
 opened on:  14 Jul 2020, 23:45:34

. 
. * Open Stata dataset
. use $tempdir\analysis_dataset_STSET_$outcome, clear

. 
. /* Sense check outcomes=======================================================*/ 
. drop exposure

. rename naproxen_dose exposure

. safetab exposure $outcome, missing row
23

+----------------+
| Key            |
|----------------|
|   frequency    |
| row percentage |
+----------------+

                      |   Failure/censoring
                      |     indicator for
                      |  outcome: ONS covid
     naproxen dose vs |         death
         other NSAIDs |         0          1 |     Total
----------------------+----------------------+----------
no current use of NSA | 1,923,484        611 | 1,924,095 
                      |     99.97       0.03 |    100.00 
----------------------+----------------------+----------
    low dose naproxen |   109,360         47 |   109,407 
                      |     99.96       0.04 |    100.00 
----------------------+----------------------+----------
   high dose naproxen |   291,855         88 |   291,943 
                      |     99.97       0.03 |    100.00 
----------------------+----------------------+----------
         other NSAIDs |   134,086         83 |   134,169 
                      |     99.94       0.06 |    100.00 
----------------------+----------------------+----------
                Total | 2,458,785        829 | 2,459,614 
                      |     99.97       0.03 |    100.00 

. 
. /* Main Model=================================================================*/
. 
. /* Univariable model */ 
. 
. stcox i.exposure 

         failure _d:  onscoviddeath
   analysis time _t:  (stime_onscoviddeath-origin)
             origin:  time enter_date
  enter on or after:  time enter_date
                 id:  patient_id

Iteration 0:   log likelihood = -12180.875
Iteration 1:   log likelihood =  -12167.93
Iteration 2:   log likelihood = -12166.216
Iteration 3:   log likelihood = -12166.206
Iteration 4:   log likelihood = -12166.206
Refining estimates:
Iteration 0:   log likelihood = -12166.206

Cox regression -- Breslow method for ties

No. of subjects =    2,459,614                  Number of obs    =   2,459,614
No. of failures =          829
Time at risk    =    252524169
                                                LR chi2(3)       =       29.34
Log likelihood  =   -12166.206                  Prob > chi2      =      0.0000

-------------------------------------------------------------------------------------
                 _t | Haz. Ratio   Std. Err.      z    P>|z|     [95% Conf. Interval]
--------------------+----------------------------------------------------------------
           exposure |
 low dose naproxen  |   1.317114   .1993736     1.82   0.069     .9789846     1.77203
high dose naproxen  |   .9238593   .1053377    -0.69   0.487     .7388436    1.155205
      other NSAIDs  |   1.898631   .2221068     5.48   0.000      1.50961    2.387901
-------------------------------------------------------------------------------------

. estimates save ./$tempdir/dose_univar, replace 
file ./nsaid_tempdata/dose_univar.ster saved

. 
. /* Multivariable models */ 
. 
. * Age and Gender 
. * Age fit as spline in first instance, categorical below 
. 
. stcox i.exposure i.male age1 age2 age3 

         failure _d:  onscoviddeath
   analysis time _t:  (stime_onscoviddeath-origin)
             origin:  time enter_date
  enter on or after:  time enter_date
                 id:  patient_id

Iteration 0:   log likelihood = -12180.875
Iteration 1:   log likelihood = -11513.516
Iteration 2:   log likelihood = -11228.115
Iteration 3:   log likelihood = -11226.431
Iteration 4:   log likelihood = -11226.315
Iteration 5:   log likelihood = -11226.314
Iteration 6:   log likelihood = -11226.314
Refining estimates:
Iteration 0:   log likelihood = -11226.314

Cox regression -- Breslow method for ties

No. of subjects =    2,459,614                  Number of obs    =   2,459,614
No. of failures =          829
Time at risk    =    252524169
                                                LR chi2(7)       =     1909.12
Log likelihood  =   -11226.314                  Prob > chi2      =      0.0000

-------------------------------------------------------------------------------------
                 _t | Haz. Ratio   Std. Err.      z    P>|z|     [95% Conf. Interval]
--------------------+----------------------------------------------------------------
           exposure |
 low dose naproxen  |    1.01672   .1540199     0.11   0.913     .7555367    1.368193
high dose naproxen  |   1.069332   .1228615     0.58   0.560     .8537157    1.339405
      other NSAIDs  |   1.142261   .1340289     1.13   0.257     .9075877    1.437615
                    |
             1.male |   2.119313   .1503744    10.59   0.000     1.844161    2.435519
               age1 |   1.176931   .0534845     3.58   0.000     1.076636    1.286569
               age2 |   .8457536   .0727741    -1.95   0.052      .714498    1.001121
               age3 |   1.741436   .4278468     2.26   0.024     1.075918    2.818617
-------------------------------------------------------------------------------------

. estimates save ./$tempdir/dose_multivar1, replace 
file ./nsaid_tempdata/dose_multivar1.ster saved

. 
. * Age, Gender and Comorbidities 
. stcox i.exposure i.male age1 age2 age3  $varlist , strata(stp)                          

         failure _d:  onscoviddeath
   analysis time _t:  (stime_onscoviddeath-origin)
             origin:  time enter_date
  enter on or after:  time enter_date
                 id:  patient_id

Iteration 0:   log likelihood = -9513.8021
Iteration 1:   log likelihood = -8584.6733
Iteration 2:   log likelihood = -8337.8788
Iteration 3:   log likelihood = -8318.8753
Iteration 4:   log likelihood = -8315.2427
Iteration 5:   log likelihood = -8314.7022
Iteration 6:   log likelihood = -8314.6845
Iteration 7:   log likelihood = -8314.6845
Refining estimates:
Iteration 0:   log likelihood = -8314.6845

Stratified Cox regr. -- Breslow method for ties

No. of subjects =    2,459,614                  Number of obs    =   2,459,614
No. of failures =          829
Time at risk    =    252524169
                                                LR chi2(35)      =     2398.24
Log likelihood  =   -8314.6845                  Prob > chi2      =      0.0000

----------------------------------------------------------------------------------------
                    _t | Haz. Ratio   Std. Err.      z    P>|z|     [95% Conf. Interval]
-----------------------+----------------------------------------------------------------
              exposure |
    low dose naproxen  |    .872387   .1368604    -0.87   0.384     .6414641    1.186441
   high dose naproxen  |   .9331646   .1141469    -0.57   0.572     .7342387    1.185985
         other NSAIDs  |   1.014004   .1245193     0.11   0.910     .7970991    1.289932
                       |
                1.male |   2.162091   .1574178    10.59   0.000     1.874561    2.493723
                  age1 |   1.162064   .0524967     3.32   0.001     1.063596    1.269648
                  age2 |   .8667159   .0750335    -1.65   0.098     .7314528    1.026992
                  age3 |   1.597114   .3971751     1.88   0.060     .9809718    2.600251
                       |
             obese4cat |
    Obese I (30-34.9)  |   1.097028   .1001008     1.01   0.310     .9173766     1.31186
   Obese II (35-39.9)  |   1.555993   .1921249     3.58   0.000     1.221536    1.982025
      Obese III (40+)  |   1.628718   .2897179     2.74   0.006       1.1493     2.30812
                       |
          smoke_nomiss |
               Former  |   1.046327   .0802902     0.59   0.555     .9002232    1.216143
              Current  |    .812736   .1114259    -1.51   0.130     .6212265    1.063283
                       |
                   imd |
                    2  |   1.505756    .169267     3.64   0.000     1.208004    1.876899
                    3  |   1.539546   .1791735     3.71   0.000     1.225545    1.933998
                    4  |   1.842691   .2174914     5.18   0.000      1.46213    2.322305
      5 most deprived  |   2.379954   .2901927     7.11   0.000     1.874045    3.022438
                       |
                   ckd |
                  CKD  |   1.426557   .1352123     3.75   0.000     1.184705    1.717781
        1.hypertension |   1.043734   .0805357     0.55   0.579     .8972427    1.214142
       1.heart_failure |    1.62875   .2735344     2.90   0.004     1.171932    2.263634
 1.other_heart_disease |   1.124595   .1871942     0.71   0.481     .8115392    1.558413
                       |
          diab_control |
  Controlled diabetes  |   1.468628   .1410189     4.00   0.000     1.216686    1.772739
Uncontrolled diabetes  |   2.241963   .2970971     6.09   0.000      1.72914    2.906877
                       |
                1.copd |   1.314463     .16284     2.21   0.027     1.031095    1.675707
   1.other_respiratory |   2.390751   .3216469     6.48   0.000     1.836603    3.112098
       1.immunodef_any |    2.42031   .7092802     3.02   0.003     1.362773    4.298516
              1.cancer |   2.000124     .16694     8.31   0.000     1.698289    2.355604
          1.rheumatoid |     1.2434   .2405366     1.13   0.260     .8510308    1.816671
      1.osteoarthritis |   .8538419   .0643725    -2.10   0.036     .7365531    .9898079
              1.statin |   .6806098   .0573829    -4.56   0.000     .5769425    .8029043
                 1.ppi |   1.426508   .1141143     4.44   0.000       1.2195    1.668655
1.steroid_prednisolone |   1.504226   .1922865     3.19   0.001     1.170855    1.932515
  1.hydroxychloroquine |   1.375884   .4075431     1.08   0.281     .7699315    2.458734
 1.dmards_primary_care |   1.555372   .3346728     2.05   0.040     1.020186    2.371314
         1.flu_vaccine |   1.042818   .0905243     0.48   0.629     .8796664     1.23623
1.pneumococcal_vaccine |    1.05615   .1135023     0.51   0.611     .8555568    1.303775
----------------------------------------------------------------------------------------
                                                             Stratified by stp

.                                                                                 
. estimates save ./$tempdir/dose_multivar2, replace 
file ./nsaid_tempdata/dose_multivar2.ster saved

. 
. /* Print table================================================================*/ 
. *  Print the results for the main model 
. 
. cap file close tablecontent

. file open tablecontent using ./$outdir/table9.txt, write text replace

. 
. * Column headings 
. file write tablecontent ("Table 9: Association between current NSAID use according to dose and $tableoutcome - $population Population") _n

. file write tablecontent _tab ("Number of events") _tab ("Total person-weeks") _tab ("Rate per 1,000") _tab ("Univariable") _tab _tab ("Age/Sex Adjusted") _tab _tab ///
>                                                 ("Age/Sex and Comorbidity Adjusted") _tab _tab _n

. file write tablecontent _tab _tab _tab _tab ("HR") _tab ("95% CI") _tab ("HR") _tab ///
>                                                 ("95% CI") _tab ("HR") _tab ("95% CI") _n

. file write tablecontent ("Main Analysis") _n                                    

. 
. * Row headings 
. local lab0: label dose 0

. local lab1: label dose 1

. local lab2: label dose 2

. local lab3: label dose 3

.  
. /* Counts */
.  
. * First row, exposure = 0 (reference)
. 
.         safecount if exposure == 0 & $outcome == 1
  611

.         local event = r(N)

.     bysort exposure: egen total_follow_up = total(_t)

.         su total_follow_up if exposure == 0

    Variable |        Obs        Mean    Std. Dev.       Min        Max
-------------+---------------------------------------------------------
total_foll~p |  1,924,095    1.96e+08           0   1.96e+08   1.96e+08

.         local person_week = r(mean)/7

.         local rate = 1000*(`event'/`person_week')

.         
.         file write tablecontent ("`lab0'") _tab

.         file write tablecontent (`event') _tab %10.0f (`person_week') _tab %3.2f (`rate') _tab

.         file write tablecontent ("1.00 (ref)") _tab _tab ("1.00 (ref)") _tab _tab ("1.00 (ref)") _n

.         
. * Second row, exposure = 1 (naproxen low dose)
. 
. file write tablecontent ("`lab1'") _tab  

. 
.         safecount if exposure == 1 & $outcome == 1
  47

.         local event = r(N)

.         su total_follow_up if exposure == 1

    Variable |        Obs        Mean    Std. Dev.       Min        Max
-------------+---------------------------------------------------------
total_foll~p |    109,407    1.15e+07           0   1.15e+07   1.15e+07

.         local person_week = r(mean)/7

.         local rate = 1000*(`event'/`person_week')

.         file write tablecontent (`event') _tab %10.0f (`person_week') _tab %3.2f (`rate') _tab

.         
. /* Main Model */ 
. estimates use ./$tempdir/dose_univar 

. lincom 1.exposure, eform

 ( 1)  1.exposure = 0

------------------------------------------------------------------------------
          _t |     exp(b)   Std. Err.      z    P>|z|     [95% Conf. Interval]
-------------+----------------------------------------------------------------
         (1) |   1.317114   .1993736     1.82   0.069     .9789846     1.77203
------------------------------------------------------------------------------

. file write tablecontent %4.2f (r(estimate)) _tab %4.2f (r(lb)) (" - ") %4.2f (r(ub)) _tab 

. 
. estimates use ./$tempdir/dose_multivar1 

. lincom 1.exposure, eform

 ( 1)  1.exposure = 0

------------------------------------------------------------------------------
          _t |     exp(b)   Std. Err.      z    P>|z|     [95% Conf. Interval]
-------------+----------------------------------------------------------------
         (1) |    1.01672   .1540199     0.11   0.913     .7555367    1.368193
------------------------------------------------------------------------------

. file write tablecontent %4.2f (r(estimate)) _tab %4.2f (r(lb)) (" - ") %4.2f (r(ub)) _tab 

. 
. estimates use ./$tempdir/dose_multivar2  

. lincom 1.exposure, eform

 ( 1)  1.exposure = 0

------------------------------------------------------------------------------
          _t |     exp(b)   Std. Err.      z    P>|z|     [95% Conf. Interval]
-------------+----------------------------------------------------------------
         (1) |    .872387   .1368604    -0.87   0.384     .6414641    1.186441
------------------------------------------------------------------------------

. file write tablecontent %4.2f (r(estimate)) _tab %4.2f (r(lb)) (" - ") %4.2f (r(ub)) _n 

. 
. * Third row, exposure = 2 (naproxen high dose)
. 
. file write tablecontent ("`lab2'") _tab  

. 
.         safecount if exposure == 2 & $outcome == 1
  88

.         local event = r(N)

.         su total_follow_up if exposure == 2

    Variable |        Obs        Mean    Std. Dev.       Min        Max
-------------+---------------------------------------------------------
total_foll~p |    291,943    3.06e+07           0   3.06e+07   3.06e+07

.         local person_week = r(mean)/7

.         local rate = 1000*(`event'/`person_week')

.         file write tablecontent (`event') _tab %10.0f (`person_week') _tab %3.2f (`rate') _tab

.         
. /* Main Model */ 
. estimates use ./$tempdir/dose_univar 

. lincom 2.exposure, eform

 ( 1)  2.exposure = 0

------------------------------------------------------------------------------
          _t |     exp(b)   Std. Err.      z    P>|z|     [95% Conf. Interval]
-------------+----------------------------------------------------------------
         (1) |   .9238593   .1053377    -0.69   0.487     .7388436    1.155205
------------------------------------------------------------------------------

. file write tablecontent %4.2f (r(estimate)) _tab %4.2f (r(lb)) (" - ") %4.2f (r(ub)) _tab 

. 
. estimates use ./$tempdir/dose_multivar1 

. lincom 2.exposure, eform

 ( 1)  2.exposure = 0

------------------------------------------------------------------------------
          _t |     exp(b)   Std. Err.      z    P>|z|     [95% Conf. Interval]
-------------+----------------------------------------------------------------
         (1) |   1.069332   .1228615     0.58   0.560     .8537157    1.339405
------------------------------------------------------------------------------

. file write tablecontent %4.2f (r(estimate)) _tab %4.2f (r(lb)) (" - ") %4.2f (r(ub)) _tab 

. 
. estimates use ./$tempdir/dose_multivar2  

. lincom 2.exposure, eform

 ( 1)  2.exposure = 0

------------------------------------------------------------------------------
          _t |     exp(b)   Std. Err.      z    P>|z|     [95% Conf. Interval]
-------------+----------------------------------------------------------------
         (1) |   .9331646   .1141469    -0.57   0.572     .7342387    1.185985
------------------------------------------------------------------------------

. file write tablecontent %4.2f (r(estimate)) _tab %4.2f (r(lb)) (" - ") %4.2f (r(ub)) _n 

.         
. * Fourth row, exposure = 3 (Other NSAIDs)
. 
. file write tablecontent ("`lab3'") _tab  

. 
.         safecount if exposure == 3 & $outcome == 1
  83

.         local event = r(N)

.         su total_follow_up if exposure == 3

    Variable |        Obs        Mean    Std. Dev.       Min        Max
-------------+---------------------------------------------------------
total_foll~p |    134,169    1.41e+07           0   1.41e+07   1.41e+07

.         local person_week = r(mean)/7

.         local rate = 1000*(`event'/`person_week')

.         file write tablecontent (`event') _tab %10.0f (`person_week') _tab %3.2f (`rate') _tab

. 
. /* Main Model */ 
. estimates use ./$tempdir/dose_univar 

. lincom 3.exposure, eform

 ( 1)  3.exposure = 0

------------------------------------------------------------------------------
          _t |     exp(b)   Std. Err.      z    P>|z|     [95% Conf. Interval]
-------------+----------------------------------------------------------------
         (1) |   1.898631   .2221068     5.48   0.000      1.50961    2.387901
------------------------------------------------------------------------------

. file write tablecontent %4.2f (r(estimate)) _tab %4.2f (r(lb)) (" - ") %4.2f (r(ub)) _tab 

. 
. estimates use ./$tempdir/dose_multivar1 

. lincom 3.exposure, eform

 ( 1)  3.exposure = 0

------------------------------------------------------------------------------
          _t |     exp(b)   Std. Err.      z    P>|z|     [95% Conf. Interval]
-------------+----------------------------------------------------------------
         (1) |   1.142261   .1340289     1.13   0.257     .9075877    1.437615
------------------------------------------------------------------------------

. file write tablecontent %4.2f (r(estimate)) _tab %4.2f (r(lb)) (" - ") %4.2f (r(ub)) _tab 

. 
. estimates use ./$tempdir/dose_multivar2  

. lincom 3.exposure, eform

 ( 1)  3.exposure = 0

------------------------------------------------------------------------------
          _t |     exp(b)   Std. Err.      z    P>|z|     [95% Conf. Interval]
-------------+----------------------------------------------------------------
         (1) |   1.014004   .1245193     0.11   0.910     .7970991    1.289932
------------------------------------------------------------------------------

. file write tablecontent %4.2f (r(estimate)) _tab %4.2f (r(lb)) (" - ") %4.2f (r(ub)) _n 

. 
. file write tablecontent _n

. file close tablecontent

. 
. 
. * Close log file 
. log close
      name:  <unnamed>
       log:  E:\alex\nsaids-covid-research\analysis\nsaid_log\Naproxen_06_an_models.log
  log type:  text
 closed on:  14 Jul 2020, 23:53:22
----------------------------------------------------------------------------------------------------------------------------------------------------------------------------
