---------------------------------------------------------------------------------------------------------------------------------
      name:  <unnamed>
       log:  E:\alex\nsaids-covid-research\analysis\arthritis_log\06b_models_arthritis.log
  log type:  text
 opened on:   4 Jul 2020, 16:06:22

. 
. * Open Stata dataset
. use $tempdir\analysis_dataset_STSET_$outcome, clear

. 
. /* Sense check outcomes=======================================================*/ 
. 
. tab exposure $outcome, missing row

+----------------+
| Key            |
|----------------|
|   frequency    |
| row percentage |
+----------------+

                      |   Failure/censoring
                      |     indicator for
                      |  outcome: ONS covid
      NSAID Treatment |         death
             Exposure |         0          1 |     Total
----------------------+----------------------+----------
non-current NSAID use |   385,925        307 |   386,232 
                      |     99.92       0.08 |    100.00 
----------------------+----------------------+----------
    current NSAID use |   175,486        122 |   175,608 
                      |     99.93       0.07 |    100.00 
----------------------+----------------------+----------
                Total |   561,411        429 |   561,840 
                      |     99.92       0.08 |    100.00 

. 
. /* Main Model=================================================================*/
. 
. /* Univariable model */ 
. 
. stcox i.exposure 

         failure _d:  onscoviddeath
   analysis time _t:  (stime_onscoviddeath-origin)
             origin:  time enter_date
  enter on or after:  time enter_date
                 id:  patient_id

Iteration 0:   log likelihood = -5667.7098
Iteration 1:   log likelihood = -5666.3847
Iteration 2:   log likelihood = -5666.3833
Refining estimates:
Iteration 0:   log likelihood = -5666.3833

Cox regression -- Breslow method for ties

No. of subjects =      561,840                  Number of obs    =     561,840
No. of failures =          429
Time at risk    =     57378725
                                                LR chi2(1)       =        2.65
Log likelihood  =   -5666.3833                  Prob > chi2      =      0.1034

------------------------------------------------------------------------------------
                _t | Haz. Ratio   Std. Err.      z    P>|z|     [95% Conf. Interval]
-------------------+----------------------------------------------------------------
          exposure |
current NSAID use  |   .8417653   .0900898    -1.61   0.108     .6824821    1.038223
------------------------------------------------------------------------------------

. estimates save ./$tempdir/univar, replace 
file ./arthritis_tempdata/univar.ster saved

. 
. /* Multivariable models */ 
. 
. * Age and Gender 
. * Age fit as spline in first instance, categorical below 
. 
. stcox i.exposure i.male age1 age2 age3 

         failure _d:  onscoviddeath
   analysis time _t:  (stime_onscoviddeath-origin)
             origin:  time enter_date
  enter on or after:  time enter_date
                 id:  patient_id

Iteration 0:   log likelihood = -5667.7098
Iteration 1:   log likelihood = -5410.9083
Iteration 2:   log likelihood = -5336.0852
Iteration 3:   log likelihood = -5334.8262
Iteration 4:   log likelihood = -5334.7839
Iteration 5:   log likelihood = -5334.7837
Refining estimates:
Iteration 0:   log likelihood = -5334.7837

Cox regression -- Breslow method for ties

No. of subjects =      561,840                  Number of obs    =     561,840
No. of failures =          429
Time at risk    =     57378725
                                                LR chi2(5)       =      665.85
Log likelihood  =   -5334.7837                  Prob > chi2      =      0.0000

------------------------------------------------------------------------------------
                _t | Haz. Ratio   Std. Err.      z    P>|z|     [95% Conf. Interval]
-------------------+----------------------------------------------------------------
          exposure |
current NSAID use  |   1.018124   .1096199     0.17   0.868     .8244288    1.257327
            1.male |   2.187561   .2130297     8.04   0.000     1.807458    2.647598
              age1 |   1.124966   .0505357     2.62   0.009     1.030153    1.228505
              age2 |   .9095307   .0750138    -1.15   0.250     .7737743    1.069105
              age3 |   1.544293    .402275     1.67   0.095     .9268282    2.573122
------------------------------------------------------------------------------------

. estimates save ./$tempdir/multivar1, replace 
file ./arthritis_tempdata/multivar1.ster saved

. 
. * Age, Gender and Comorbidities 
. stcox i.exposure i.male age1 age2 age3  i.obese4cat                                     ///
>                                                                                 i.smoke_nomiss                          ///
>                                                                                 i.imd                                          
>  ///
>                                                                                 i.ckd                                          
>  ///             
>                                                                                 i.hypertension                          ///    
>          
>                                                                                 i.heart_failure                         ///    
>          
>                                                                                 i.other_heart_disease           ///            
>  
>                                                                                 i.diabcat                                      
>  ///     
>                                                                                 i.copd                      ///
>                                                                                 i.other_respiratory         ///
>                                                                                 i.immunodef_any                         ///
>                                                                                 i.cancer                                ///    
>  
>                                                                             i.arthritis_type                    ///     
>                                                                                 i.statin                                       
>  ///     
>                                                                                 i.ppi                       ///
>                                                                                 i.steroid_prednisolone      ///
>                                                                                 i.hydroxychloroquine        ///
>                                                                                 i.dmards_primary_care       ///
>                                                                                 i.flu_vaccine                           ///    
>  
>                                                                                 i.pneumococcal_vaccine          ///     
>                                                                                 i.gp_consult                ///
>                                                                                 i.aande_attendance_last_year, strata(stp)      
>                          

         failure _d:  onscoviddeath
   analysis time _t:  (stime_onscoviddeath-origin)
             origin:  time enter_date
  enter on or after:  time enter_date
                 id:  patient_id

Iteration 0:   log likelihood = -4283.9068
Iteration 1:   log likelihood = -3937.6071
Iteration 2:   log likelihood = -3810.1654
Iteration 3:   log likelihood = -3805.8977
Iteration 4:   log likelihood = -3805.7534
Iteration 5:   log likelihood = -3805.7194
Iteration 6:   log likelihood = -3805.7069
Iteration 7:   log likelihood = -3805.7023
Iteration 8:   log likelihood = -3805.7006
Iteration 9:   log likelihood =    -3805.7
Iteration 10:  log likelihood = -3805.6997
Iteration 11:  log likelihood = -3805.6997
Iteration 12:  log likelihood = -3805.6996
Iteration 13:  log likelihood = -3805.6996
Iteration 14:  log likelihood = -3805.6996
Iteration 15:  log likelihood = -3805.6996
Iteration 16:  log likelihood = -3805.6996
Iteration 17:  log likelihood = -3805.6996
Iteration 18:  log likelihood = -3805.6996
Iteration 19:  log likelihood = -3805.6996
Iteration 20:  log likelihood = -3805.6996
Iteration 21:  log likelihood = -3805.6996
Iteration 22:  log likelihood = -3805.6996
Iteration 23:  log likelihood = -3805.6996
Iteration 24:  log likelihood = -3805.6996
Iteration 25:  log likelihood = -3805.6996
Iteration 26:  log likelihood = -3805.6996
Iteration 27:  log likelihood = -3805.6996
Iteration 28:  log likelihood = -3805.6996
Iteration 29:  log likelihood = -3805.6996
Refining estimates:
Iteration 0:   log likelihood = -3805.6996
Iteration 1:   log likelihood = -3805.6996
Iteration 2:   log likelihood = -3805.6996
Iteration 3:   log likelihood = -3805.6996
Iteration 4:   log likelihood = -3805.6996
Iteration 5:   log likelihood = -3805.6996
Iteration 6:   log likelihood = -3805.6996
Iteration 7:   log likelihood = -3805.6996
Iteration 8:   log likelihood = -3805.6996

Stratified Cox regr. -- Breslow method for ties

No. of subjects =      561,840                  Number of obs    =     561,840
No. of failures =          429
Time at risk    =     57378725
                                                LR chi2(36)      =      956.41
Log likelihood  =   -3805.6996                  Prob > chi2      =      0.0000

----------------------------------------------------------------------------------------------
                          _t | Haz. Ratio   Std. Err.      z    P>|z|     [95% Conf. Interval]
-----------------------------+----------------------------------------------------------------
                    exposure |
          current NSAID use  |   1.031972   .1233483     0.26   0.792     .8164444    1.304395
                      1.male |   2.233675   .2232056     8.04   0.000     1.836376     2.71693
                        age1 |   1.132389   .0506715     2.78   0.005     1.037305    1.236188
                        age2 |   .9093956   .0754031    -1.15   0.252      .772992    1.069869
                        age3 |   1.468726   .3871616     1.46   0.145     .8761143    2.462185
                             |
                   obese4cat |
          Obese I (30-34.9)  |   .9754314   .1246903    -0.19   0.846     .7592536     1.25316
         Obese II (35-39.9)  |    1.23615   .2208991     1.19   0.235     .8708874    1.754609
            Obese III (40+)  |   1.216851   .3223265     0.74   0.459     .7240462    2.045072
                             |
                smoke_nomiss |
                     Former  |   1.123059   .1197913     1.09   0.277     .9111899    1.384191
                    Current  |   .7799488   .1719285    -1.13   0.260     .5063269    1.201438
                             |
                         imd |
                          2  |    1.19341   .1947899     1.08   0.279     .8666735    1.643327
                          3  |   1.400618   .2256251     2.09   0.036     1.021409    1.920611
                          4  |   1.696309   .2732078     3.28   0.001     1.237115    2.325946
            5 most deprived  |   2.011676   .3309815     4.25   0.000     1.457168    2.777195
                             |
                         ckd |
                        CKD  |   1.338056   .1632489     2.39   0.017     1.053474    1.699514
              1.hypertension |   1.217997   .1287456     1.87   0.062     .9900833    1.498375
             1.heart_failure |   1.381131   .2946144     1.51   0.130     .9092046    2.098012
       1.other_heart_disease |    1.02378   .2292774     0.10   0.916     .6600529    1.587943
                             |
                     diabcat |
        Controlled diabetes  |   1.323012   .1755353     2.11   0.035     1.020064    1.715931
      Uncontrolled diabetes  |   2.097924    .416972     3.73   0.000     1.421051    3.097205
 Diabetes, no hba1c measure  |   1.80e-16   1.14e-08    -0.00   1.000            0           .
                             |
                      1.copd |    1.22528   .2022909     1.23   0.218     .8865517    1.693428
         1.other_respiratory |   1.823954   .3334155     3.29   0.001     1.274723    2.609829
             1.immunodef_any |   1.512365   .6842827     0.91   0.361     .6230501    3.671049
                    1.cancer |   1.785398   .2010644     5.15   0.000     1.431779    2.226353
                             |
              arthritis_type |
             Osteoarthritis  |   .5380694    .133779    -2.49   0.013     .3305262    .8759326
               Both RA & OA  |   .5487846   .1558594    -2.11   0.035     .3145239    .9575253
                             |
                    1.statin |   .6116586   .0709396    -4.24   0.000       .48729    .7677693
                       1.ppi |   1.134078   .1229931     1.16   0.246     .9169133    1.402676
      1.steroid_prednisolone |   1.429234   .2351166     2.17   0.030     1.035324    1.973016
        1.hydroxychloroquine |   1.670641   .5073189     1.69   0.091        .9213    3.029459
       1.dmards_primary_care |    1.49823   .3689296     1.64   0.101     .9246461    2.427624
               1.flu_vaccine |   1.065372   .1300506     0.52   0.604     .8386772    1.353344
      1.pneumococcal_vaccine |   1.106296   .1638687     0.68   0.495     .8275381    1.478953
                1.gp_consult |   .6089184   .1636488    -1.85   0.065     .3595803    1.031151
1.aande_attendance_last_year |   2.425099   .2468169     8.70   0.000     1.986541    2.960474
----------------------------------------------------------------------------------------------
                                                             Stratified by stp

.                                                                                 
. estimates save ./$tempdir/multivar2, replace 
file ./arthritis_tempdata/multivar2.ster saved

. 
. * Age, Gender and Comorbidities + Ethnicity (complete case)
. stcox i.exposure i.male age1 age2 age3  i.obese4cat                                     ///
>                                                                                 i.smoke_nomiss                          ///
>                                                                                 i.imd                                          
>  ///
>                                                                                 i.ckd                                          
>  ///             
>                                                                                 i.hypertension                          ///    
>          
>                                                                                 i.heart_failure                         ///    
>          
>                                                                                 i.other_heart_disease           ///            
>  
>                                                                                 i.diabcat                                      
>  ///     
>                                                                                 i.copd                      ///
>                                                                                 i.other_respiratory         ///
>                                                                                 i.immunodef_any                         ///
>                                                                                 i.cancer                                ///    
>  
>                                                                             i.arthritis_type                    ///            
>  
>                                                                                 i.statin                                       
>  ///     
>                                                                                 i.ppi                       ///
>                                                                                 i.steroid_prednisolone      ///
>                                                                                 i.hydroxychloroquine        ///
>                                                                                 i.dmards_primary_care       ///
>                                                                                 i.flu_vaccine                           ///    
>  
>                                                                                 i.pneumococcal_vaccine          ///
>                                                                                 i.ethnicity                 ///
>                                                                                 i.gp_consult                ///
>                                                                                 i.aande_attendance_last_year, strata(stp)      
>          

         failure _d:  onscoviddeath
   analysis time _t:  (stime_onscoviddeath-origin)
             origin:  time enter_date
  enter on or after:  time enter_date
                 id:  patient_id

Iteration 0:   log likelihood = -3156.4357
Iteration 1:   log likelihood = -2926.2774
Iteration 2:   log likelihood = -2784.4138
Iteration 3:   log likelihood = -2778.1382
Iteration 4:   log likelihood = -2777.9234
Iteration 5:   log likelihood = -2777.8913
Iteration 6:   log likelihood = -2777.8795
Iteration 7:   log likelihood = -2777.8752
Iteration 8:   log likelihood = -2777.8736
Iteration 9:   log likelihood =  -2777.873
Iteration 10:  log likelihood = -2777.8728
Iteration 11:  log likelihood = -2777.8727
Iteration 12:  log likelihood = -2777.8727
Iteration 13:  log likelihood = -2777.8727
Iteration 14:  log likelihood = -2777.8727
Iteration 15:  log likelihood = -2777.8727
Iteration 16:  log likelihood = -2777.8727
Iteration 17:  log likelihood = -2777.8727
Iteration 18:  log likelihood = -2777.8727
Iteration 19:  log likelihood = -2777.8727
Iteration 20:  log likelihood = -2777.8727
Iteration 21:  log likelihood = -2777.8727
Iteration 22:  log likelihood = -2777.8727
Iteration 23:  log likelihood = -2777.8727
Iteration 24:  log likelihood = -2777.8727
Iteration 25:  log likelihood = -2777.8727
Iteration 26:  log likelihood = -2777.8727
Iteration 27:  log likelihood = -2777.8727
Iteration 28:  log likelihood = -2777.8727
Iteration 29:  log likelihood = -2777.8727
Iteration 30:  log likelihood = -2777.8727
Iteration 31:  log likelihood = -2777.8727
Refining estimates:
Iteration 0:   log likelihood = -2777.8727
Iteration 1:   log likelihood = -2777.8727
Iteration 2:   log likelihood = -2777.8727
Iteration 3:   log likelihood = -2777.8727
Iteration 4:   log likelihood = -2777.8727
Iteration 5:   log likelihood = -2777.8727
Iteration 6:   log likelihood = -2777.8727
Iteration 7:   log likelihood = -2777.8727

Stratified Cox regr. -- Breslow method for ties

No. of subjects =      437,311                  Number of obs    =     437,311
No. of failures =          323
Time at risk    =     44655283
                                                LR chi2(40)      =      757.13
Log likelihood  =   -2777.8727                  Prob > chi2      =      0.0000

----------------------------------------------------------------------------------------------
                          _t | Haz. Ratio   Std. Err.      z    P>|z|     [95% Conf. Interval]
-----------------------------+----------------------------------------------------------------
                    exposure |
          current NSAID use  |   .9916449   .1394963    -0.06   0.952     .7526902     1.30646
                      1.male |   2.076092   .2385245     6.36   0.000     1.657491    2.600411
                        age1 |   1.187628   .0708559     2.88   0.004     1.056566    1.334949
                        age2 |   .8528255   .0907496    -1.50   0.135     .6922825    1.050599
                        age3 |   1.704046   .5649084     1.61   0.108     .8898146    3.263347
                             |
                   obese4cat |
          Obese I (30-34.9)  |   1.026315   .1485422     0.18   0.858     .7728286    1.362944
         Obese II (35-39.9)  |   1.255059   .2572214     1.11   0.268     .8398709    1.875495
            Obese III (40+)  |    1.43705   .4102538     1.27   0.204      .821236    2.514639
                             |
                smoke_nomiss |
                     Former  |   1.123875   .1409756     0.93   0.352     .8789132    1.437111
                    Current  |   .8631753   .2140483    -0.59   0.553     .5309088    1.403389
                             |
                         imd |
                          2  |   1.330733   .2572339     1.48   0.139     .9110695    1.943704
                          3  |    1.44977    .280248     1.92   0.055     .9925613    2.117584
                          4  |   1.816434    .347253     3.12   0.002     1.248801    2.642082
            5 most deprived  |   1.989983   .3920011     3.49   0.000     1.352613     2.92769
                             |
                         ckd |
                        CKD  |   1.576877   .2192354     3.28   0.001     1.200754    2.070816
              1.hypertension |   1.235522   .1515581     1.72   0.085     .9714843    1.571321
             1.heart_failure |   1.448577   .3475004     1.54   0.122     .9052028    2.318126
       1.other_heart_disease |   1.007451   .2576287     0.03   0.977     .6103118    1.663014
                             |
                     diabcat |
        Controlled diabetes  |   1.201398   .1875594     1.18   0.240     .8847068    1.631453
      Uncontrolled diabetes  |   2.235383   .4789432     3.75   0.000     1.468849    3.401939
 Diabetes, no hba1c measure  |   7.32e-17   7.86e-09    -0.00   1.000            0           .
                             |
                      1.copd |   1.194651   .2241277     0.95   0.343     .8270805    1.725578
         1.other_respiratory |   2.077886   .4158722     3.65   0.000     1.403656    3.075975
             1.immunodef_any |   1.995492   .9076398     1.52   0.129     .8182482    4.866479
                    1.cancer |   1.804545   .2351612     4.53   0.000     1.397792    2.329662
                             |
              arthritis_type |
             Osteoarthritis  |    .477552    .133895    -2.64   0.008     .2756529    .8273301
               Both RA & OA  |   .4359022   .1433458    -2.52   0.012     .2288087    .8304346
                             |
                    1.statin |   .5890257   .0784131    -3.98   0.000     .4537529     .764626
                       1.ppi |   .9914969   .1235976    -0.07   0.945     .7765737    1.265902
      1.steroid_prednisolone |   1.533567   .2850958     2.30   0.021     1.065274    2.207722
        1.hydroxychloroquine |   1.317495   .4878787     0.74   0.457      .637591    2.722422
       1.dmards_primary_care |   1.635355   .4589207     1.75   0.080     .9435044    2.834523
               1.flu_vaccine |   1.211905    .174178     1.34   0.181     .9143906    1.606221
      1.pneumococcal_vaccine |   1.006583   .1695495     0.04   0.969     .7235568    1.400317
                             |
                   ethnicity |
                      Mixed  |   2.787097   1.422417     2.01   0.045     1.025025    7.578259
     Asian or Asian British  |   1.767227   .4100335     2.45   0.014     1.121491    2.784767
                      Black  |    1.21107   .4814803     0.48   0.630     .5555979    2.639843
                      Other  |   .7360569   .5271859    -0.43   0.669     .1808238    2.996176
                             |
                1.gp_consult |   .5679363   .1784315    -1.80   0.072     .3068126    1.051299
1.aande_attendance_last_year |   2.560486   .2995218     8.04   0.000      2.03587    3.220287
----------------------------------------------------------------------------------------------
                                                             Stratified by stp

. 
. estimates save ./$tempdir/multivar3, replace 
file ./arthritis_tempdata/multivar3.ster saved

. 
. /* Print table================================================================*/ 
. *  Print the results for the main model 
. 
. cap file close tablecontent

. file open tablecontent using ./$outdir/table2.txt, write text replace

. 
. * Column headings 
. file write tablecontent ("Table 2: Association between current NSAID use and $tableoutcome - $population Population") _n

. file write tablecontent _tab ("Number of events") _tab ("Total person-weeks") _tab ("Rate per 1,000") _tab ("Univariable") _tab
>  _tab ("Age/Sex Adjusted") _tab _tab ///
>                                                 ("Age/Sex and Comorbidity Adjusted") _tab _tab ///
>                                                 ("Age/Sex and Comorbidity + Ethnicity Adjusted") _tab _tab _n

. file write tablecontent _tab _tab _tab _tab ("HR") _tab ("95% CI") _tab ("HR") _tab ///
>                                                 ("95% CI") _tab ("HR") _tab ("95% CI") _tab ("HR") _tab ("95% CI") _n

. file write tablecontent ("Main Analysis") _n                                    

. 
. * Row headings 
. local lab0: label exposure 0

. local lab1: label exposure 1

.  
. /* Counts */
.  
. * First row, exposure = 0 (reference)
. 
.         cou if exposure == 0 & $outcome == 1
  307

.         local event = r(N)

.     bysort exposure: egen total_follow_up = total(_t)

.         su total_follow_up if exposure == 0

    Variable |        Obs        Mean    Std. Dev.       Min        Max
-------------+---------------------------------------------------------
total_foll~p |    386,232    3.90e+07           0   3.90e+07   3.90e+07

.         local person_week = r(mean)/7

.         local rate = 1000*(`event'/`person_week')

.         
.         file write tablecontent ("`lab0'") _tab

.         file write tablecontent (`event') _tab %10.0f (`person_week') _tab %3.2f (`rate') _tab

.         file write tablecontent ("1.00 (ref)") _tab _tab ("1.00 (ref)") _tab _tab ("1.00 (ref)") _n

.         
. * Second row, exposure = 1 (NSAID)
. 
. file write tablecontent ("`lab1'") _tab  

. 
.         cou if exposure == 1 & $outcome == 1
  122

.         local event = r(N)

.         su total_follow_up if exposure == 1

    Variable |        Obs        Mean    Std. Dev.       Min        Max
-------------+---------------------------------------------------------
total_foll~p |    175,608    1.84e+07           0   1.84e+07   1.84e+07

.         local person_week = r(mean)/7

.         local rate = 1000*(`event'/`person_week')

.         file write tablecontent (`event') _tab %10.0f (`person_week') _tab %3.2f (`rate') _tab

. 
. /* Main Model */ 
. estimates use ./$tempdir/univar 

. lincom 1.exposure, eform

 ( 1)  1.exposure = 0

------------------------------------------------------------------------------
          _t |     exp(b)   Std. Err.      z    P>|z|     [95% Conf. Interval]
-------------+----------------------------------------------------------------
         (1) |   .8417653   .0900898    -1.61   0.108     .6824821    1.038223
------------------------------------------------------------------------------

. file write tablecontent %4.2f (r(estimate)) _tab %4.2f (r(lb)) (" - ") %4.2f (r(ub)) _tab 

. 
. estimates use ./$tempdir/multivar1 

. lincom 1.exposure, eform

 ( 1)  1.exposure = 0

------------------------------------------------------------------------------
          _t |     exp(b)   Std. Err.      z    P>|z|     [95% Conf. Interval]
-------------+----------------------------------------------------------------
         (1) |   1.018124   .1096199     0.17   0.868     .8244288    1.257327
------------------------------------------------------------------------------

. file write tablecontent %4.2f (r(estimate)) _tab %4.2f (r(lb)) (" - ") %4.2f (r(ub)) _tab 

. 
. estimates use ./$tempdir/multivar2  

. lincom 1.exposure, eform

 ( 1)  1.exposure = 0

------------------------------------------------------------------------------
          _t |     exp(b)   Std. Err.      z    P>|z|     [95% Conf. Interval]
-------------+----------------------------------------------------------------
         (1) |   1.031972   .1233483     0.26   0.792     .8164444    1.304395
------------------------------------------------------------------------------

. file write tablecontent %4.2f (r(estimate)) _tab %4.2f (r(lb)) (" - ") %4.2f (r(ub)) _tab 

. 
. estimates use ./$tempdir/multivar3

. lincom 1.exposure, eform

 ( 1)  1.exposure = 0

------------------------------------------------------------------------------
          _t |     exp(b)   Std. Err.      z    P>|z|     [95% Conf. Interval]
-------------+----------------------------------------------------------------
         (1) |   .9916449   .1394963    -0.06   0.952     .7526902     1.30646
------------------------------------------------------------------------------

. file write tablecontent %4.2f (r(estimate)) _tab %4.2f (r(lb)) (" - ") %4.2f (r(ub)) _n 

. 
. file write tablecontent _n

. file close tablecontent

. 
. 
. * Close log file 
. log close
      name:  <unnamed>
       log:  E:\alex\nsaids-covid-research\analysis\arthritis_log\06b_models_arthritis.log
  log type:  text
 closed on:   4 Jul 2020, 16:16:12
---------------------------------------------------------------------------------------------------------------------------------
