----------------------------------------------------------------------------------------------------------------------------------------------------------------------------
      name:  <unnamed>
       log:  E:\alex\nsaids-covid-research\analysis\nsaid_log_sens6\06a_an_models_nsaid.log
  log type:  text
 opened on:  15 Jul 2020, 07:54:39

. 
. * Open Stata dataset
. use $tempdir\analysis_dataset_STSET_$outcome, clear

. 
. /* Sense check outcomes=======================================================*/ 
. 
. safetab exposure $outcome, missing row
23

+----------------+
| Key            |
|----------------|
|   frequency    |
| row percentage |
+----------------+

                      |   Failure/censoring
                      |     indicator for
                      |  outcome: ONS covid
      NSAID Treatment |         death
             Exposure |         0          1 |     Total
----------------------+----------------------+----------
non-current NSAID use | 1,923,488        624 | 1,924,112 
                      |     99.97       0.03 |    100.00 
----------------------+----------------------+----------
    current NSAID use |   535,301        218 |   535,519 
                      |     99.96       0.04 |    100.00 
----------------------+----------------------+----------
                Total | 2,458,789        842 | 2,459,631 
                      |     99.97       0.03 |    100.00 

. 
. /* Main Model=================================================================*/
. 
. /* Univariable model */ 
. 
. stcox i.exposure 

         failure _d:  onscoviddeath
   analysis time _t:  (stime_onscoviddeath-origin)
             origin:  time enter_date
  enter on or after:  time enter_date
                 id:  patient_id

Iteration 0:   log likelihood = -12389.704
Iteration 1:   log likelihood = -12385.686
Iteration 2:   log likelihood = -12385.669
Iteration 3:   log likelihood = -12385.669
Refining estimates:
Iteration 0:   log likelihood = -12385.669

Cox regression -- Breslow method for ties

No. of subjects =    2,459,631                  Number of obs    =   2,459,631
No. of failures =          842
Time at risk    =    258024350
                                                LR chi2(1)       =        8.07
Log likelihood  =   -12385.669                  Prob > chi2      =      0.0045

------------------------------------------------------------------------------------
                _t | Haz. Ratio   Std. Err.      z    P>|z|     [95% Conf. Interval]
-------------------+----------------------------------------------------------------
          exposure |
current NSAID use  |   1.255827   .0988019     2.90   0.004      1.07637    1.465203
------------------------------------------------------------------------------------

. estimates save ./$tempdir/univar, replace 
file ./nsaid_tempdata_sens6/univar.ster saved

. 
. /* Multivariable models */ 
. 
. * Age and Gender 
. * Age fit as spline in first instance, categorical below 
. 
. stcox i.exposure i.male age1 age2 age3 

         failure _d:  onscoviddeath
   analysis time _t:  (stime_onscoviddeath-origin)
             origin:  time enter_date
  enter on or after:  time enter_date
                 id:  patient_id

Iteration 0:   log likelihood = -12389.704
Iteration 1:   log likelihood = -11712.649
Iteration 2:   log likelihood = -11422.777
Iteration 3:   log likelihood = -11421.094
Iteration 4:   log likelihood =  -11420.97
Iteration 5:   log likelihood = -11420.969
Iteration 6:   log likelihood = -11420.969
Refining estimates:
Iteration 0:   log likelihood = -11420.969

Cox regression -- Breslow method for ties

No. of subjects =    2,459,631                  Number of obs    =   2,459,631
No. of failures =          842
Time at risk    =    258024350
                                                LR chi2(5)       =     1937.47
Log likelihood  =   -11420.969                  Prob > chi2      =      0.0000

------------------------------------------------------------------------------------
                _t | Haz. Ratio   Std. Err.      z    P>|z|     [95% Conf. Interval]
-------------------+----------------------------------------------------------------
          exposure |
current NSAID use  |   1.090698    .086006     1.10   0.271     .9345095     1.27299
            1.male |   2.103935   .1479604    10.58   0.000     1.833037    2.414869
              age1 |   1.177621   .0535948     3.59   0.000     1.077126    1.287493
              age2 |   .8458299   .0727688    -1.95   0.052      .714582    1.001184
              age3 |   1.739137   .4268545     2.25   0.024     1.075015     2.81354
------------------------------------------------------------------------------------

. estimates save ./$tempdir/multivar1, replace 
file ./nsaid_tempdata_sens6/multivar1.ster saved

. 
. * Age, Gender and Comorbidities (note: diabetes variable is diabcat) 
. stcox i.exposure i.male age1 age2 age3  i.obese4cat                                     ///
>                                                                                 i.smoke_nomiss                          ///
>                                                                                 i.imd                                           ///
>                                                                                 i.ckd                                           ///             
>                                                                                 i.hypertension                          ///             
>                                                                                 i.heart_failure                         ///             
>                                                                                 i.other_heart_disease           ///             
>                                                                                 i.diabcat                                       ///     
>                                                                                 i.copd                      ///
>                                                                                 i.other_respiratory         ///
>                                                                                 i.immunodef_any                         ///
>                                                                                 i.cancer                                ///     
>                                                                             i.rheumatoid                                ///     
>                                                                                 i.osteoarthritis                        ///     
>                                                                                 i.statin                                        ///     
>                                                                                 i.ppi                       ///
>                                                                                 i.steroid_prednisolone      ///
>                                                                                 i.hydroxychloroquine        ///
>                                                                                 i.dmards_primary_care       ///
>                                                                                 i.flu_vaccine                           ///     
>                                                                                 i.pneumococcal_vaccine , strata(stp)                            

         failure _d:  onscoviddeath
   analysis time _t:  (stime_onscoviddeath-origin)
             origin:  time enter_date
  enter on or after:  time enter_date
                 id:  patient_id

Iteration 0:   log likelihood = -9683.9754
Iteration 1:   log likelihood = -8735.5762
Iteration 2:   log likelihood = -8485.8881
Iteration 3:   log likelihood = -8466.5245
Iteration 4:   log likelihood = -8462.8287
Iteration 5:   log likelihood = -8462.2729
Iteration 6:   log likelihood = -8462.2542
Iteration 7:   log likelihood = -8462.2542
Refining estimates:
Iteration 0:   log likelihood = -8462.2542

Stratified Cox regr. -- Breslow method for ties

No. of subjects =    2,459,631                  Number of obs    =   2,459,631
No. of failures =          842
Time at risk    =    258024350
                                                LR chi2(34)      =     2443.44
Log likelihood  =   -8462.2542                  Prob > chi2      =      0.0000

---------------------------------------------------------------------------------------------
                         _t | Haz. Ratio   Std. Err.      z    P>|z|     [95% Conf. Interval]
----------------------------+----------------------------------------------------------------
                   exposure |
         current NSAID use  |   .9570577   .0840124    -0.50   0.617     .8057827    1.136733
                     1.male |   2.142699   .1546532    10.56   0.000     1.860048    2.468302
                       age1 |   1.161431   .0524272     3.32   0.001      1.06309    1.268869
                       age2 |   .8698765   .0751482    -1.61   0.107     .7343833    1.030368
                       age3 |   1.578914   .3915724     1.84   0.066       .97109    2.567186
                            |
                  obese4cat |
         Obese I (30-34.9)  |   1.077097   .0978459     0.82   0.414     .9014253    1.287004
        Obese II (35-39.9)  |    1.53365   .1881473     3.49   0.000     1.205873    1.950523
           Obese III (40+)  |   1.586936   .2820643     2.60   0.009     1.120123    2.248295
                            |
               smoke_nomiss |
                    Former  |    1.05106   .0800525     0.65   0.513      .905309    1.220276
                   Current  |   .8263982   .1119043    -1.41   0.159     .6337623    1.077587
                            |
                        imd |
                         2  |   1.510421   .1690501     3.68   0.000     1.212912    1.880904
                         3  |   1.578687   .1821359     3.96   0.000      1.25919    1.979249
                         4  |   1.871795    .219551     5.34   0.000     1.487364    2.355589
           5 most deprived  |   2.403911   .2916056     7.23   0.000     1.895238    3.049111
                            |
                        ckd |
                       CKD  |   1.410687   .1330237     3.65   0.000      1.17264    1.697057
             1.hypertension |   1.039796    .079552     0.51   0.610     .8950039    1.208012
            1.heart_failure |   1.603944   .2692001     2.82   0.005     1.154321    2.228701
      1.other_heart_disease |    1.11866   .1860451     0.67   0.500     .8074845    1.549751
                            |
                    diabcat |
       Controlled diabetes  |   1.499313   .1427232     4.25   0.000     1.244126    1.806842
     Uncontrolled diabetes  |   2.437074   .3243151     6.69   0.000     1.877563    3.163319
Diabetes, no hba1c measure  |   .4088633   .4096977    -0.89   0.372      .057364    2.914183
                            |
                     1.copd |   1.284611   .1588176     2.03   0.043     1.008177     1.63684
        1.other_respiratory |   2.449948   .3256504     6.74   0.000     1.888053    3.179068
            1.immunodef_any |   2.385774   .6990444     2.97   0.003     1.343454     4.23678
                   1.cancer |   2.043822   .1685843     8.67   0.000     1.738729     2.40245
               1.rheumatoid |   1.252435   .2383386     1.18   0.237     .8625245    1.818608
           1.osteoarthritis |   .8482749    .063394    -2.20   0.028     .7326962    .9820856
                   1.statin |    .675807   .0566952    -4.67   0.000     .5733412    .7965852
                      1.ppi |   1.417315   .1122355     4.40   0.000     1.213559    1.655282
     1.steroid_prednisolone |    1.50342    .190938     3.21   0.001      1.17213    1.928346
       1.hydroxychloroquine |   1.322896   .3907138     0.95   0.343     .7415242    2.360075
      1.dmards_primary_care |    1.63063   .3437798     2.32   0.020     1.078697    2.464967
              1.flu_vaccine |   1.011896      .0868     0.14   0.890      .855303    1.197158
     1.pneumococcal_vaccine |   1.063001   .1132332     0.57   0.566     .8627039    1.309802
---------------------------------------------------------------------------------------------
                                                             Stratified by stp

.                                                                                 
. estimates save ./$tempdir/multivar2, replace 
file ./nsaid_tempdata_sens6/multivar2.ster saved

. 
. * Age, Gender and Comorbidities (note: changed diabetes category: grouped no HbA1c to uncontrolled DM after first run because diab causing the model not to converge)
. stcox i.exposure i.male age1 age2 age3  $varlist, strata(stp)                           

         failure _d:  onscoviddeath
   analysis time _t:  (stime_onscoviddeath-origin)
             origin:  time enter_date
  enter on or after:  time enter_date
                 id:  patient_id

Iteration 0:   log likelihood = -9683.9754
Iteration 1:   log likelihood = -8738.4503
Iteration 2:   log likelihood = -8488.9025
Iteration 3:   log likelihood = -8469.5205
Iteration 4:   log likelihood = -8465.8077
Iteration 5:   log likelihood = -8465.2474
Iteration 6:   log likelihood = -8465.2285
Iteration 7:   log likelihood = -8465.2285
Refining estimates:
Iteration 0:   log likelihood = -8465.2285

Stratified Cox regr. -- Breslow method for ties

No. of subjects =    2,459,631                  Number of obs    =   2,459,631
No. of failures =          842
Time at risk    =    258024350
                                                LR chi2(33)      =     2437.49
Log likelihood  =   -8465.2285                  Prob > chi2      =      0.0000

----------------------------------------------------------------------------------------
                    _t | Haz. Ratio   Std. Err.      z    P>|z|     [95% Conf. Interval]
-----------------------+----------------------------------------------------------------
              exposure |
    current NSAID use  |   .9555102    .083895    -0.52   0.604     .8044495    1.134937
                1.male |   2.144483   .1547588    10.57   0.000     1.861636    2.470304
                  age1 |   1.161728   .0524726     3.32   0.001     1.063304    1.269262
                  age2 |   .8695111   .0751565    -1.62   0.106     .7340087    1.030028
                  age3 |   1.579855   .3919892     1.84   0.065     .9714475    2.569301
                       |
             obese4cat |
    Obese I (30-34.9)  |   1.080813   .0981523     0.86   0.392     .9045862    1.291371
   Obese II (35-39.9)  |   1.541802   .1890829     3.53   0.000     1.212382    1.960731
      Obese III (40+)  |   1.597593   .2838612     2.64   0.008     1.127779    2.263123
                       |
          smoke_nomiss |
               Former  |   1.051828   .0801025     0.66   0.507     .9059855    1.221149
              Current  |   .8269944   .1119859    -1.40   0.161     .6342182    1.078367
                       |
                   imd |
                    2  |   1.511616    .169187     3.69   0.000     1.213867    1.882399
                    3  |   1.579373   .1822057     3.96   0.000     1.259752    1.980087
                    4  |   1.873163     .21971     5.35   0.000     1.488453    2.357306
      5 most deprived  |   2.407291   .2920146     7.24   0.000     1.897904    3.053394
                       |
                   ckd |
                  CKD  |    1.41454   .1333819     3.68   0.000     1.175852     1.70168
        1.hypertension |   1.040438   .0796153     0.52   0.604     .8955324     1.20879
       1.heart_failure |   1.616345   .2711408     2.86   0.004     1.163444    2.245549
 1.other_heart_disease |   1.113412   .1851648     0.65   0.518     .8037074    1.542461
                       |
          diab_control |
  Controlled diabetes  |    1.49298   .1421008     4.21   0.000     1.238903    1.799164
Uncontrolled diabetes  |   2.266312    .298133     6.22   0.000     1.751234    2.932886
                       |
                1.copd |   1.281712   .1585099     2.01   0.045     1.005824    1.633273
   1.other_respiratory |   2.451339   .3258589     6.75   0.000     1.889088    3.180932
       1.immunodef_any |   2.381856   .6978256     2.96   0.003     1.341326    4.229575
              1.cancer |   2.043065   .1685263     8.66   0.000     1.738077     2.40157
          1.rheumatoid |   1.253918   .2387727     1.19   0.235     .8633412    1.821194
      1.osteoarthritis |   .8482513   .0633923    -2.20   0.028     .7326756    .9820583
              1.statin |   .6815635   .0570707    -4.58   0.000     .5784036    .8031222
                 1.ppi |   1.418578   .1123753     4.41   0.000     1.214573    1.656848
1.steroid_prednisolone |   1.503053   .1909509     3.21   0.001     1.171753    1.928025
  1.hydroxychloroquine |   1.317044   .3890131     0.93   0.351     .7382144    2.349732
 1.dmards_primary_care |   1.628719   .3435573     2.31   0.021     1.077199    2.462613
         1.flu_vaccine |   1.016007   .0871814     0.19   0.853       .85873    1.202088
1.pneumococcal_vaccine |    1.06258   .1132047     0.57   0.569     .8623362    1.309322
----------------------------------------------------------------------------------------
                                                             Stratified by stp

.                                                                                 
. estimates save ./$tempdir/multivar3, replace
file ./nsaid_tempdata_sens6/multivar3.ster saved

. 
. /* Print table================================================================*/ 
. *  Print the results for the main model 
. 
. cap file close tablecontent

. file open tablecontent using ./$outdir/table2.txt, write text replace

. 
. * Column headings 
. file write tablecontent ("Table 2: Association between current NSAID use and $tableoutcome - $population Population") _n

. file write tablecontent _tab ("Number of events") _tab ("Total person-weeks") _tab ("Rate per 1,000") _tab ("Univariable") _tab _tab ("Age/Sex Adjusted") _tab _tab ///
>                                                 ("Age/Sex and Comorbidity Adjusted") _tab _tab ///
>                                                 ("Age/Sex and Comorbidity (diabetes regroup)") _tab _tab _n

. file write tablecontent _tab _tab _tab _tab ("HR") _tab ("95% CI") _tab ("HR") _tab ///
>                                                 ("95% CI") _tab ("HR") _tab ("95% CI") _tab ("HR") _tab ("95% CI") _n

. file write tablecontent ("Main Analysis") _n                                    

. 
. * Row headings 
. local lab0: label exposure 0

. local lab1: label exposure 1

.  
. /* Counts */
.  
. * First row, exposure = 0 (reference)
. 
.         safecount if exposure == 0 & $outcome == 1
  624

.         local event = r(N)

.     bysort exposure: egen total_follow_up = total(_t)

.         su total_follow_up if exposure == 0

    Variable |        Obs        Mean    Std. Dev.       Min        Max
-------------+---------------------------------------------------------
total_foll~p |  1,924,112    2.02e+08           0   2.02e+08   2.02e+08

.         local person_week = r(mean)/7

.         local rate = 1000*(`event'/`person_week')

.         
.         file write tablecontent ("`lab0'") _tab

.         file write tablecontent (`event') _tab %10.0f (`person_week') _tab %3.2f (`rate') _tab

.         file write tablecontent ("1.00 (ref)") _tab _tab ("1.00 (ref)") _tab _tab ("1.00 (ref)") _n

.         
. * Second row, exposure = 1 (NSAID)
. 
. file write tablecontent ("`lab1'") _tab  

. 
.         safecount if exposure == 1 & $outcome == 1
  218

.         local event = r(N)

.         su total_follow_up if exposure == 1

    Variable |        Obs        Mean    Std. Dev.       Min        Max
-------------+---------------------------------------------------------
total_foll~p |    535,519    5.62e+07           0   5.62e+07   5.62e+07

.         local person_week = r(mean)/7

.         local rate = 1000*(`event'/`person_week')

.         file write tablecontent (`event') _tab %10.0f (`person_week') _tab %3.2f (`rate') _tab

. 
. /* Main Model */ 
. estimates use ./$tempdir/univar 

. lincom 1.exposure, eform

 ( 1)  1.exposure = 0

------------------------------------------------------------------------------
          _t |     exp(b)   Std. Err.      z    P>|z|     [95% Conf. Interval]
-------------+----------------------------------------------------------------
         (1) |   1.255827   .0988019     2.90   0.004      1.07637    1.465203
------------------------------------------------------------------------------

. file write tablecontent %4.2f (r(estimate)) _tab %4.2f (r(lb)) (" - ") %4.2f (r(ub)) _tab 

. 
. estimates use ./$tempdir/multivar1 

. lincom 1.exposure, eform

 ( 1)  1.exposure = 0

------------------------------------------------------------------------------
          _t |     exp(b)   Std. Err.      z    P>|z|     [95% Conf. Interval]
-------------+----------------------------------------------------------------
         (1) |   1.090698    .086006     1.10   0.271     .9345095     1.27299
------------------------------------------------------------------------------

. file write tablecontent %4.2f (r(estimate)) _tab %4.2f (r(lb)) (" - ") %4.2f (r(ub)) _tab 

. 
. estimates use ./$tempdir/multivar2  

. lincom 1.exposure, eform

 ( 1)  1.exposure = 0

------------------------------------------------------------------------------
          _t |     exp(b)   Std. Err.      z    P>|z|     [95% Conf. Interval]
-------------+----------------------------------------------------------------
         (1) |   .9570577   .0840124    -0.50   0.617     .8057827    1.136733
------------------------------------------------------------------------------

. file write tablecontent %4.2f (r(estimate)) _tab %4.2f (r(lb)) (" - ") %4.2f (r(ub)) _tab 

. 
. estimates use ./$tempdir/multivar3

. lincom 1.exposure, eform

 ( 1)  1.exposure = 0

------------------------------------------------------------------------------
          _t |     exp(b)   Std. Err.      z    P>|z|     [95% Conf. Interval]
-------------+----------------------------------------------------------------
         (1) |   .9555102    .083895    -0.52   0.604     .8044495    1.134937
------------------------------------------------------------------------------

. file write tablecontent %4.2f (r(estimate)) _tab %4.2f (r(lb)) (" - ") %4.2f (r(ub)) _n 

. 
. file write tablecontent _n

. file close tablecontent

. 
. 
. * Close log file 
. log close
      name:  <unnamed>
       log:  E:\alex\nsaids-covid-research\analysis\nsaid_log_sens6\06a_an_models_nsaid.log
  log type:  text
 closed on:  15 Jul 2020, 08:07:40
----------------------------------------------------------------------------------------------------------------------------------------------------------------------------
