------------------------------------------------------------------------------------------------------------------------------------------------------------------------------------------------------------------------
      name:  <unnamed>
       log:  E:\analyses\nsaids-covid-research\analysis\arthritis_log_sens7\1mth_03_change_exposure_variable.log
  log type:  text
 opened on:   8 Oct 2020, 07:05:47

. 
. /*==============================================================================*/
. 
. use "$tempdir\analysis_dataset", clear

. drop exposure

. rename nsaid_one_month exposure

. save "$tempdir\analysis_dataset", replace
file arthritis_tempdata_sens7\analysis_dataset.dta saved

. 
. use "$tempdir\analysis_dataset_STSET_$outcome", clear

. drop exposure

. rename nsaid_one_month exposure

. save "$tempdir\analysis_dataset_STSET_$outcome", replace
file arthritis_tempdata_sens7\analysis_dataset_STSET_onscoviddeath.dta saved

. 
. log close
      name:  <unnamed>
       log:  E:\analyses\nsaids-covid-research\analysis\arthritis_log_sens7\1mth_03_change_exposure_variable.log
  log type:  text
 closed on:   8 Oct 2020, 07:05:51
------------------------------------------------------------------------------------------------------------------------------------------------------------------------------------------------------------------------
