------------------------------------------------------------------------------------------------------------------------------------------------------------------------------------------------------------------------
      name:  <unnamed>
       log:  E:\analyses\nsaids-covid-research\analysis\nsaid_log\Naproxen_06_an_models.log
  log type:  text
 opened on:   7 Oct 2020, 14:12:33

. 
. * Open Stata dataset
. use $tempdir\analysis_dataset_STSET_$outcome, clear

. 
. /* Sense check outcomes=======================================================*/ 
. drop exposure

. rename naproxen_dose exposure

. safetab exposure $outcome, missing row
23

+----------------+
| Key            |
|----------------|
|   frequency    |
| row percentage |
+----------------+

                      |   Failure/censoring
                      |     indicator for
                      |  outcome: ONS covid
     naproxen dose vs |         death
         other NSAIDs |         0          1 |     Total
----------------------+----------------------+----------
no current use of NSA | 1,926,672        612 | 1,927,284 
                      |     99.97       0.03 |    100.00 
----------------------+----------------------+----------
    low dose naproxen |   109,606         50 |   109,656 
                      |     99.95       0.05 |    100.00 
----------------------+----------------------+----------
   high dose naproxen |   292,278         87 |   292,365 
                      |     99.97       0.03 |    100.00 
----------------------+----------------------+----------
         other NSAIDs |   134,319         83 |   134,402 
                      |     99.94       0.06 |    100.00 
----------------------+----------------------+----------
                Total | 2,462,875        832 | 2,463,707 
                      |     99.97       0.03 |    100.00 

. 
. /* Main Model=================================================================*/
. 
. /* Univariable model */ 
. 
. stcox i.exposure 

         failure _d:  onscoviddeath
   analysis time _t:  (stime_onscoviddeath-origin)
             origin:  time enter_date
  enter on or after:  time enter_date
                 id:  patient_id

Iteration 0:   log likelihood =  -12226.36
Iteration 1:   log likelihood = -12212.541
Iteration 2:   log likelihood = -12210.872
Iteration 3:   log likelihood = -12210.863
Iteration 4:   log likelihood = -12210.863
Refining estimates:
Iteration 0:   log likelihood = -12210.863

Cox regression -- Breslow method for ties

No. of subjects =    2,463,707                  Number of obs    =   2,463,707
No. of failures =          832
Time at risk    =    252942782
                                                LR chi2(3)       =       30.99
Log likelihood  =   -12210.863                  Prob > chi2      =      0.0000

-------------------------------------------------------------------------------------
                 _t | Haz. Ratio   Std. Err.      z    P>|z|     [95% Conf. Interval]
--------------------+----------------------------------------------------------------
           exposure |
 low dose naproxen  |   1.398136   .2056452     2.28   0.023     1.047974      1.8653
high dose naproxen  |   .9121279   .1045106    -0.80   0.422     .7286618    1.141788
      other NSAIDs  |   1.895503   .2217192     5.47   0.000     1.507157    2.383913
-------------------------------------------------------------------------------------

. estimates save ./$tempdir/dose_univar, replace 
(note: file ./nsaid_tempdata/dose_univar.ster not found)
file ./nsaid_tempdata/dose_univar.ster saved

. 
. /* Multivariable models */ 
. 
. * Age and Gender 
. * Age fit as spline in first instance, categorical below 
. 
. stcox i.exposure i.male age1 age2 age3 

         failure _d:  onscoviddeath
   analysis time _t:  (stime_onscoviddeath-origin)
             origin:  time enter_date
  enter on or after:  time enter_date
                 id:  patient_id

Iteration 0:   log likelihood =  -12226.36
Iteration 1:   log likelihood = -11557.933
Iteration 2:   log likelihood = -11275.573
Iteration 3:   log likelihood = -11274.407
Iteration 4:   log likelihood = -11274.358
Iteration 5:   log likelihood = -11274.358
Refining estimates:
Iteration 0:   log likelihood = -11274.358

Cox regression -- Breslow method for ties

No. of subjects =    2,463,707                  Number of obs    =   2,463,707
No. of failures =          832
Time at risk    =    252942782
                                                LR chi2(7)       =     1904.00
Log likelihood  =   -11274.358                  Prob > chi2      =      0.0000

-------------------------------------------------------------------------------------
                 _t | Haz. Ratio   Std. Err.      z    P>|z|     [95% Conf. Interval]
--------------------+----------------------------------------------------------------
           exposure |
 low dose naproxen  |   1.080216   .1590161     0.52   0.600     .8094817    1.441497
high dose naproxen  |   1.054015   .1216749     0.46   0.649     .8405905    1.321627
      other NSAIDs  |   1.145291   .1343796     1.16   0.248     .9100023    1.441416
                    |
             1.male |   2.164385   .1535717    10.88   0.000     1.883382    2.487315
               age1 |   1.151367   .0472712     3.43   0.001     1.062347    1.247847
               age2 |   .8762622   .0695437    -1.66   0.096     .7500312    1.023738
               age3 |   1.588417     .36383     2.02   0.043       1.0139    2.488478
-------------------------------------------------------------------------------------

. estimates save ./$tempdir/dose_multivar1, replace 
(note: file ./nsaid_tempdata/dose_multivar1.ster not found)
file ./nsaid_tempdata/dose_multivar1.ster saved

. 
. * Age, Gender and Comorbidities 
. stcox i.exposure i.male age1 age2 age3  $varlist , strata(stp)                          

         failure _d:  onscoviddeath
   analysis time _t:  (stime_onscoviddeath-origin)
             origin:  time enter_date
  enter on or after:  time enter_date
                 id:  patient_id

Iteration 0:   log likelihood = -9541.0673
Iteration 1:   log likelihood =    -8613.8
Iteration 2:   log likelihood = -8364.6889
Iteration 3:   log likelihood = -8346.9095
Iteration 4:   log likelihood = -8343.9442
Iteration 5:   log likelihood = -8343.6032
Iteration 6:   log likelihood = -8343.5965
Iteration 7:   log likelihood = -8343.5965
Refining estimates:
Iteration 0:   log likelihood = -8343.5965

Stratified Cox regr. -- Breslow method for ties

No. of subjects =    2,463,707                  Number of obs    =   2,463,707
No. of failures =          832
Time at risk    =    252942782
                                                LR chi2(35)      =     2394.94
Log likelihood  =   -8343.5965                  Prob > chi2      =      0.0000

----------------------------------------------------------------------------------------
                    _t | Haz. Ratio   Std. Err.      z    P>|z|     [95% Conf. Interval]
-----------------------+----------------------------------------------------------------
              exposure |
    low dose naproxen  |    .927388   .1416463    -0.49   0.622     .6874666     1.25104
   high dose naproxen  |   .9181856   .1127622    -0.70   0.487      .721763    1.168063
         other NSAIDs  |   1.014322   .1245485     0.12   0.908     .7973647    1.290312
                       |
                1.male |   2.205664   .1605947    10.86   0.000     1.912332     2.54399
                  age1 |   1.137595   .0464707     3.16   0.002     1.050065    1.232422
                  age2 |   .8967874   .0717245    -1.36   0.173     .7666744    1.048982
                  age3 |   1.464809   .3402098     1.64   0.100      .929148    2.309283
                       |
             obese4cat |
    Obese I (30-34.9)  |   1.088752    .099481     0.93   0.352     .9102344     1.30228
   Obese II (35-39.9)  |   1.537917    .190739     3.47   0.001     1.206044    1.961112
      Obese III (40+)  |   1.711252   .2971124     3.09   0.002      1.21766    2.404927
                       |
          smoke_nomiss |
               Former  |   1.052819   .0807168     0.67   0.502     .9059297    1.223526
              Current  |   .8164272   .1113054    -1.49   0.137     .6249873    1.066507
                       |
                   imd |
                    2  |   1.490579   .1671887     3.56   0.000     1.196413    1.857072
                    3  |   1.543349   .1787884     3.75   0.000     1.229865    1.936739
                    4  |   1.836804   .2164295     5.16   0.000     1.458029    2.313979
      5 most deprived  |   2.376413    .289069     7.12   0.000     1.872324    3.016219
                       |
                   ckd |
                  CKD  |   1.401805   .1332034     3.55   0.000     1.163601    1.688773
        1.hypertension |   1.049772   .0809228     0.63   0.529     .9025662    1.220986
       1.heart_failure |   1.657581   .2754871     3.04   0.002     1.196758    2.295847
 1.other_heart_disease |    1.15025   .1893246     0.85   0.395     .8330847    1.588163
                       |
          diab_control |
  Controlled diabetes  |   1.435591   .1383309     3.75   0.000     1.188531    1.734007
Uncontrolled diabetes  |   2.252915   .2966474     6.17   0.000     1.740463     2.91625
                       |
                1.copd |   1.320399   .1631315     2.25   0.024     1.036435    1.682166
   1.other_respiratory |    2.41037   .3227182     6.57   0.000     1.854037    3.133638
       1.immunodef_any |   2.420203   .7091943     3.02   0.003     1.362773    4.298136
              1.cancer |   1.997061   .1666715     8.29   0.000      1.69571    2.351967
          1.rheumatoid |   1.234365    .238629     1.09   0.276     .8450614    1.803013
      1.osteoarthritis |   .8511684   .0641141    -2.14   0.032      .734343    .9865794
              1.statin |   .6929346    .058304    -4.36   0.000     .5875861     .817171
                 1.ppi |   1.432868   .1145343     4.50   0.000     1.225086    1.675891
1.steroid_prednisolone |   1.520752   .1934749     3.30   0.001      1.18513    1.951421
  1.hydroxychloroquine |   1.385358   .4101041     1.10   0.271     .7755016    2.474805
 1.dmards_primary_care |   1.554792   .3343393     2.05   0.040     1.020074    2.369807
         1.flu_vaccine |   1.008601   .0871158     0.10   0.921     .8515274    1.194649
1.pneumococcal_vaccine |   1.081819   .1153883     0.74   0.461      .877737    1.333353
----------------------------------------------------------------------------------------
                                                             Stratified by stp

.                                                                                 
. estimates save ./$tempdir/dose_multivar2, replace 
(note: file ./nsaid_tempdata/dose_multivar2.ster not found)
file ./nsaid_tempdata/dose_multivar2.ster saved

. 
. /* Print table================================================================*/ 
. *  Print the results for the main model 
. 
. cap file close tablecontent

. file open tablecontent using ./$outdir/table9.txt, write text replace
(note: file ./nsaid_output/table9.txt not found)

. 
. * Column headings 
. file write tablecontent ("Table 9: Association between current NSAID use according to dose and $tableoutcome - $population Population") _n

. file write tablecontent _tab ("Number of events") _tab ("Total person-weeks") _tab ("Rate per 1,000") _tab ("Univariable") _tab _tab ("Age/Sex Adjusted") _tab _tab ///
>                                                 ("Age/Sex and Comorbidity Adjusted") _tab _tab _n

. file write tablecontent _tab _tab _tab _tab ("HR") _tab ("95% CI") _tab ("HR") _tab ///
>                                                 ("95% CI") _tab ("HR") _tab ("95% CI") _n

. file write tablecontent ("Main Analysis") _n                                    

. 
. * Row headings 
. local lab0: label dose 0

. local lab1: label dose 1

. local lab2: label dose 2

. local lab3: label dose 3

.  
. /* Counts */
.  
. * First row, exposure = 0 (reference)
. 
.         safecount if exposure == 0 & $outcome == 1
  612

.         local event = r(N)

.     bysort exposure: egen total_follow_up = total(_t)

.         su total_follow_up if exposure == 0

    Variable |        Obs        Mean    Std. Dev.       Min        Max
-------------+---------------------------------------------------------
total_foll~p |  1,927,284    1.97e+08           0   1.97e+08   1.97e+08

.         local person_week = r(mean)/7

.         local rate = 1000*(`event'/`person_week')

.         
.         file write tablecontent ("`lab0'") _tab

.         file write tablecontent (`event') _tab %10.0f (`person_week') _tab %3.2f (`rate') _tab

.         file write tablecontent ("1.00 (ref)") _tab _tab ("1.00 (ref)") _tab _tab ("1.00 (ref)") _n

.         
. * Second row, exposure = 1 (naproxen low dose)
. 
. file write tablecontent ("`lab1'") _tab  

. 
.         safecount if exposure == 1 & $outcome == 1
  50

.         local event = r(N)

.         su total_follow_up if exposure == 1

    Variable |        Obs        Mean    Std. Dev.       Min        Max
-------------+---------------------------------------------------------
total_foll~p |    109,656    1.15e+07           0   1.15e+07   1.15e+07

.         local person_week = r(mean)/7

.         local rate = 1000*(`event'/`person_week')

.         file write tablecontent (`event') _tab %10.0f (`person_week') _tab %3.2f (`rate') _tab

.         
. /* Main Model */ 
. estimates use ./$tempdir/dose_univar 

. lincom 1.exposure, eform

 ( 1)  1.exposure = 0

------------------------------------------------------------------------------
          _t |     exp(b)   Std. Err.      z    P>|z|     [95% Conf. Interval]
-------------+----------------------------------------------------------------
         (1) |   1.398136   .2056452     2.28   0.023     1.047974      1.8653
------------------------------------------------------------------------------

. file write tablecontent %4.2f (r(estimate)) _tab %4.2f (r(lb)) (" - ") %4.2f (r(ub)) _tab 

. 
. estimates use ./$tempdir/dose_multivar1 

. lincom 1.exposure, eform

 ( 1)  1.exposure = 0

------------------------------------------------------------------------------
          _t |     exp(b)   Std. Err.      z    P>|z|     [95% Conf. Interval]
-------------+----------------------------------------------------------------
         (1) |   1.080216   .1590161     0.52   0.600     .8094817    1.441497
------------------------------------------------------------------------------

. file write tablecontent %4.2f (r(estimate)) _tab %4.2f (r(lb)) (" - ") %4.2f (r(ub)) _tab 

. 
. estimates use ./$tempdir/dose_multivar2  

. lincom 1.exposure, eform

 ( 1)  1.exposure = 0

------------------------------------------------------------------------------
          _t |     exp(b)   Std. Err.      z    P>|z|     [95% Conf. Interval]
-------------+----------------------------------------------------------------
         (1) |    .927388   .1416463    -0.49   0.622     .6874666     1.25104
------------------------------------------------------------------------------

. file write tablecontent %4.2f (r(estimate)) _tab %4.2f (r(lb)) (" - ") %4.2f (r(ub)) _n 

. 
. * Third row, exposure = 2 (naproxen high dose)
. 
. file write tablecontent ("`lab2'") _tab  

. 
.         safecount if exposure == 2 & $outcome == 1
  87

.         local event = r(N)

.         su total_follow_up if exposure == 2

    Variable |        Obs        Mean    Std. Dev.       Min        Max
-------------+---------------------------------------------------------
total_foll~p |    292,365    3.07e+07           0   3.07e+07   3.07e+07

.         local person_week = r(mean)/7

.         local rate = 1000*(`event'/`person_week')

.         file write tablecontent (`event') _tab %10.0f (`person_week') _tab %3.2f (`rate') _tab

.         
. /* Main Model */ 
. estimates use ./$tempdir/dose_univar 

. lincom 2.exposure, eform

 ( 1)  2.exposure = 0

------------------------------------------------------------------------------
          _t |     exp(b)   Std. Err.      z    P>|z|     [95% Conf. Interval]
-------------+----------------------------------------------------------------
         (1) |   .9121279   .1045106    -0.80   0.422     .7286618    1.141788
------------------------------------------------------------------------------

. file write tablecontent %4.2f (r(estimate)) _tab %4.2f (r(lb)) (" - ") %4.2f (r(ub)) _tab 

. 
. estimates use ./$tempdir/dose_multivar1 

. lincom 2.exposure, eform

 ( 1)  2.exposure = 0

------------------------------------------------------------------------------
          _t |     exp(b)   Std. Err.      z    P>|z|     [95% Conf. Interval]
-------------+----------------------------------------------------------------
         (1) |   1.054015   .1216749     0.46   0.649     .8405905    1.321627
------------------------------------------------------------------------------

. file write tablecontent %4.2f (r(estimate)) _tab %4.2f (r(lb)) (" - ") %4.2f (r(ub)) _tab 

. 
. estimates use ./$tempdir/dose_multivar2  

. lincom 2.exposure, eform

 ( 1)  2.exposure = 0

------------------------------------------------------------------------------
          _t |     exp(b)   Std. Err.      z    P>|z|     [95% Conf. Interval]
-------------+----------------------------------------------------------------
         (1) |   .9181856   .1127622    -0.70   0.487      .721763    1.168063
------------------------------------------------------------------------------

. file write tablecontent %4.2f (r(estimate)) _tab %4.2f (r(lb)) (" - ") %4.2f (r(ub)) _n 

.         
. * Fourth row, exposure = 3 (Other NSAIDs)
. 
. file write tablecontent ("`lab3'") _tab  

. 
.         safecount if exposure == 3 & $outcome == 1
  83

.         local event = r(N)

.         su total_follow_up if exposure == 3

    Variable |        Obs        Mean    Std. Dev.       Min        Max
-------------+---------------------------------------------------------
total_foll~p |    134,402    1.41e+07           0   1.41e+07   1.41e+07

.         local person_week = r(mean)/7

.         local rate = 1000*(`event'/`person_week')

.         file write tablecontent (`event') _tab %10.0f (`person_week') _tab %3.2f (`rate') _tab

. 
. /* Main Model */ 
. estimates use ./$tempdir/dose_univar 

. lincom 3.exposure, eform

 ( 1)  3.exposure = 0

------------------------------------------------------------------------------
          _t |     exp(b)   Std. Err.      z    P>|z|     [95% Conf. Interval]
-------------+----------------------------------------------------------------
         (1) |   1.895503   .2217192     5.47   0.000     1.507157    2.383913
------------------------------------------------------------------------------

. file write tablecontent %4.2f (r(estimate)) _tab %4.2f (r(lb)) (" - ") %4.2f (r(ub)) _tab 

. 
. estimates use ./$tempdir/dose_multivar1 

. lincom 3.exposure, eform

 ( 1)  3.exposure = 0

------------------------------------------------------------------------------
          _t |     exp(b)   Std. Err.      z    P>|z|     [95% Conf. Interval]
-------------+----------------------------------------------------------------
         (1) |   1.145291   .1343796     1.16   0.248     .9100023    1.441416
------------------------------------------------------------------------------

. file write tablecontent %4.2f (r(estimate)) _tab %4.2f (r(lb)) (" - ") %4.2f (r(ub)) _tab 

. 
. estimates use ./$tempdir/dose_multivar2  

. lincom 3.exposure, eform

 ( 1)  3.exposure = 0

------------------------------------------------------------------------------
          _t |     exp(b)   Std. Err.      z    P>|z|     [95% Conf. Interval]
-------------+----------------------------------------------------------------
         (1) |   1.014322   .1245485     0.12   0.908     .7973647    1.290312
------------------------------------------------------------------------------

. file write tablecontent %4.2f (r(estimate)) _tab %4.2f (r(lb)) (" - ") %4.2f (r(ub)) _n 

. 
. file write tablecontent _n

. file close tablecontent

. 
. 
. * Close log file 
. log close
      name:  <unnamed>
       log:  E:\analyses\nsaids-covid-research\analysis\nsaid_log\Naproxen_06_an_models.log
  log type:  text
 closed on:   7 Oct 2020, 14:21:06
------------------------------------------------------------------------------------------------------------------------------------------------------------------------------------------------------------------------
