----------------------------------------------------------------------------------------------------------------------------------------------------------------------------
      name:  <unnamed>
       log:  E:\alex\nsaids-covid-research\analysis\nsaid_log_sens3\08_an_model_checks.log
  log type:  text
 opened on:  15 Jul 2020, 04:10:18

. 
. * Open Stata dataset
. use $tempdir\analysis_dataset_STSET_$outcome, clear

. 
. /* Quietly run models, perform test and store results in local macro==========*/
. 
. qui stcox i.exposure 

. estat phtest, detail

      Test of proportional-hazards assumption

      Time:  Time
      ----------------------------------------------------------------
                  |       rho            chi2       df       Prob>chi2
      ------------+---------------------------------------------------
      0b.exposure |            .            .        1             .
      1.exposure  |     -0.00500         0.02        1         0.8856
      ------------+---------------------------------------------------
      global test |                      0.02        1         0.8856
      ----------------------------------------------------------------

. local univar_p = round(r(p),0.001)

. di `univar_p'
.886

.  
. estat phtest, plot(1.exposure) ///
>                           graphregion(fcolor(white)) ///
>                           ylabel(, nogrid labsize(small)) ///
>                           xlabel(, labsize(small)) ///
>                           xtitle("Time", size(small)) ///
>                           ytitle("Scaled Schoenfeld Residuals", size(small)) ///
>                           msize(small) ///
>                           mcolor(gs6) ///
>                           msymbol(circle_hollow) ///
>                           scheme(s1mono) ///
>                           title ("Schoenfeld residuals against time, univariable", position(11) size(medsmall)) 

. 
. graph export "$outdir/schoenplot1.svg", as(svg) replace
(file nsaid_output_sens3/schoenplot1.svg written in SVG format)

. 
. * Close window 
. graph close  

.                           
. stcox i.exposure i.male age1 age2 age3 

         failure _d:  onscoviddeath
   analysis time _t:  (stime_onscoviddeath-origin)
             origin:  time enter_date
  enter on or after:  time enter_date
                 id:  patient_id

Iteration 0:   log likelihood = -12180.875
Iteration 1:   log likelihood =  -11512.84
Iteration 2:   log likelihood = -11227.471
Iteration 3:   log likelihood = -11225.845
Iteration 4:   log likelihood = -11225.728
Iteration 5:   log likelihood = -11225.727
Iteration 6:   log likelihood = -11225.727
Refining estimates:
Iteration 0:   log likelihood = -11225.727

Cox regression -- Breslow method for ties

No. of subjects =    2,459,614                  Number of obs    =   2,459,614
No. of failures =          829
Time at risk    =    252524169
                                                LR chi2(5)       =     1910.30
Log likelihood  =   -11225.727                  Prob > chi2      =      0.0000

------------------------------------------------------------------------------------
                _t | Haz. Ratio   Std. Err.      z    P>|z|     [95% Conf. Interval]
-------------------+----------------------------------------------------------------
          exposure |
current NSAID use  |   1.154184   .1006081     1.65   0.100     .9729204    1.369218
            1.male |   2.119579   .1502752    10.60   0.000     1.844593    2.435559
              age1 |   1.177053   .0535126     3.59   0.000     1.076708    1.286751
              age2 |   .8450449   .0727369    -1.96   0.050     .7138598    1.000338
              age3 |    1.74752   .4294611     2.27   0.023     1.079532    2.828843
------------------------------------------------------------------------------------

. estat phtest, detail

      Test of proportional-hazards assumption

      Time:  Time
      ----------------------------------------------------------------
                  |       rho            chi2       df       Prob>chi2
      ------------+---------------------------------------------------
      0b.exposure |            .            .        1             .
      1.exposure  |     -0.00124         0.00        1         0.9715
      0b.male     |            .            .        1             .
      1.male      |     -0.11199        10.38        1         0.0013
      age1        |      0.00142         0.00        1         0.9687
      age2        |     -0.01134         0.10        1         0.7542
      age3        |      0.01930         0.29        1         0.5934
      ------------+---------------------------------------------------
      global test |                     25.95        5         0.0001
      ----------------------------------------------------------------

. local multivar1_p = round(r(phtest)[2,4],0.001)

.  
. estat phtest, plot(1.exposure) ///
>                           graphregion(fcolor(white)) ///
>                           ylabel(, nogrid labsize(small)) ///
>                           xlabel(, labsize(small)) ///
>                           xtitle("Time", size(small)) ///
>                           ytitle("Scaled Schoenfeld Residuals", size(small)) ///
>                           msize(small) ///
>                           mcolor(gs6) ///
>                           msymbol(circle_hollow) ///
>                           scheme(s1mono) ///
>                           title ("Schoenfeld residuals against time, age and sex adjusted", position(11) size(medsmall))                          

. 
. graph export "$outdir/schoenplot2.svg", as(svg) replace
(file nsaid_output_sens3/schoenplot2.svg written in SVG format)

. 
. * Close window 
. graph close

.                   
. stcox i.exposure i.male age1 age2 age3 $varlist, strata(stp)

         failure _d:  onscoviddeath
   analysis time _t:  (stime_onscoviddeath-origin)
             origin:  time enter_date
  enter on or after:  time enter_date
                 id:  patient_id

Iteration 0:   log likelihood = -9513.8021
Iteration 1:   log likelihood = -8585.1626
Iteration 2:   log likelihood = -8338.3692
Iteration 3:   log likelihood = -8319.3756
Iteration 4:   log likelihood = -8315.7394
Iteration 5:   log likelihood = -8315.1981
Iteration 6:   log likelihood = -8315.1803
Iteration 7:   log likelihood = -8315.1803
Refining estimates:
Iteration 0:   log likelihood = -8315.1803

Stratified Cox regr. -- Breslow method for ties

No. of subjects =    2,459,614                  Number of obs    =   2,459,614
No. of failures =          829
Time at risk    =    252524169
                                                LR chi2(33)      =     2397.24
Log likelihood  =   -8315.1803                  Prob > chi2      =      0.0000

----------------------------------------------------------------------------------------
                    _t | Haz. Ratio   Std. Err.      z    P>|z|     [95% Conf. Interval]
-----------------------+----------------------------------------------------------------
              exposure |
    current NSAID use  |   1.027276   .0971044     0.28   0.776     .8535445    1.236368
                1.male |   2.157924   .1569644    10.57   0.000     1.871203    2.488578
                  age1 |   1.162129   .0525125     3.33   0.001     1.063632    1.269747
                  age2 |   .8663105    .075012    -1.66   0.097     .7310883    1.026544
                  age3 |   1.601048   .3982162     1.89   0.058     .9833128    2.606856
                       |
             obese4cat |
    Obese I (30-34.9)  |   1.096339   .1000431     1.01   0.313      .916792    1.311048
   Obese II (35-39.9)  |   1.553292    .191812     3.57   0.000     1.219384    1.978635
      Obese III (40+)  |   1.622865   .2887358     2.72   0.006     1.145088    2.299989
                       |
          smoke_nomiss |
               Former  |   1.046347     .08029     0.59   0.555     .9002439    1.216163
              Current  |   .8118411   .1113047    -1.52   0.128     .6205402    1.062116
                       |
                   imd |
                    2  |   1.505956   .1692869     3.64   0.000     1.208169    1.877143
                    3  |   1.539973    .179224     3.71   0.000     1.225884    1.934537
                    4  |   1.843903   .2176278     5.18   0.000     1.463102    2.323816
      5 most deprived  |   2.381296   .2903336     7.12   0.000     1.875136    3.024085
                       |
                   ckd |
                  CKD  |   1.430308    .135553     3.78   0.000     1.187845    1.722264
        1.hypertension |   1.044712   .0806016     0.57   0.571     .8980996    1.215257
       1.heart_failure |   1.639477   .2752307     2.94   0.003     1.179799    2.278256
 1.other_heart_disease |   1.128381   .1878182     0.73   0.468       .81428    1.563643
                       |
          diab_control |
  Controlled diabetes  |   1.470611   .1412113     4.02   0.000     1.218326    1.775138
Uncontrolled diabetes  |   2.250212   .2981359     6.12   0.000     1.735584    2.917434
                       |
                1.copd |   1.316191   .1630971     2.22   0.027     1.032385    1.678018
   1.other_respiratory |   2.398862   .3227138     6.50   0.000     1.842871    3.122594
       1.immunodef_any |   2.425864   .7108923     3.02   0.002     1.365917    4.308326
              1.cancer |   2.004331   .1672816     8.33   0.000     1.701877    2.360537
          1.rheumatoid |   1.241945   .2402055     1.12   0.263     .8501013    1.814403
      1.osteoarthritis |   .8530359   .0642944    -2.11   0.035     .7358871    .9888342
              1.statin |   .6811882   .0574231    -4.55   0.000     .5774469     .803567
                 1.ppi |   1.382467   .1073149     4.17   0.000     1.187353    1.609644
1.steroid_prednisolone |   1.513949   .1935248     3.24   0.001     1.178431    1.944995
  1.hydroxychloroquine |   1.373717   .4069588     1.07   0.284     .7686554    2.455063
 1.dmards_primary_care |    1.55825   .3353456     2.06   0.039     1.022005    2.375863
         1.flu_vaccine |   1.043693   .0905808     0.49   0.622     .8804362    1.237221
1.pneumococcal_vaccine |   1.056027   .1134874     0.51   0.612     .8554598    1.303619
----------------------------------------------------------------------------------------
                                                             Stratified by stp

. estat phtest, detail

      Test of proportional-hazards assumption

      Time:  Time
      ----------------------------------------------------------------
                  |       rho            chi2       df       Prob>chi2
      ------------+---------------------------------------------------
      0b.exposure |            .            .        1             .
      1.exposure  |     -0.00685         0.04        1         0.8428
      0b.male     |            .            .        1             .
      1.male      |     -0.10624         9.37        1         0.0022
      age1        |     -0.00190         0.00        1         0.9583
      age2        |     -0.00092         0.00        1         0.9796
      age3        |      0.00630         0.03        1         0.8609
      1b.obese4cat|            .            .        1             .
      2.obese4cat |     -0.04415         1.60        1         0.2066
      3.obese4cat |     -0.03733         1.17        1         0.2797
      4.obese4cat |     -0.03036         0.76        1         0.3821
      1b.smoke_n~s|            .            .        1             .
      2.smoke_no~s|     -0.04885         1.99        1         0.1584
      3.smoke_no~s|      0.05938         2.93        1         0.0870
      1b.imd      |            .            .        1             .
      2.imd       |      0.00372         0.01        1         0.9148
      3.imd       |     -0.00074         0.00        1         0.9832
      4.imd       |      0.01719         0.25        1         0.6204
      5.imd       |      0.00326         0.01        1         0.9250
      0b.ckd      |            .            .        1             .
      1.ckd       |     -0.00475         0.02        1         0.8869
      0b.hyperte~n|            .            .        1             .
      1.hyperten~n|     -0.00554         0.03        1         0.8721
      0b.heart_~re|            .            .        1             .
      1.heart_f~re|     -0.06568         3.64        1         0.0563
      0b.other_~se|            .            .        1             .
      1.other_h~se|     -0.00458         0.02        1         0.8956
      1b.diab_co~l|            .            .        1             .
      2.diab_con~l|      0.01444         0.18        1         0.6751
      3.diab_con~l|     -0.00114         0.00        1         0.9741
      0b.copd     |            .            .        1             .
      1.copd      |     -0.01991         0.32        1         0.5700
      0b.other_r~y|            .            .        1             .
      1.other_re~y|      0.00253         0.01        1         0.9421
      0b.immunod~y|            .            .        1             .
      1.immunode~y|     -0.00582         0.03        1         0.8666
      0b.cancer   |            .            .        1             .
      1.cancer    |      0.05911         3.23        1         0.0724
      0b.rheumat~d|            .            .        1             .
      1.rheumatoid|      0.02174         0.47        1         0.4939
      0b.osteoar~s|            .            .        1             .
      1.osteoart~s|     -0.02595         0.57        1         0.4516
      0b.statin   |            .            .        1             .
      1.statin    |     -0.14625        17.28        1         0.0000
      0b.ppi      |            .            .        1             .
      1.ppi       |      0.01040         0.09        1         0.7589
      0b.steroi~ne|            .            .        1             .
      1.steroid~ne|     -0.06416         3.55        1         0.0596
      0b.hydrox~ne|            .            .        1             .
      1.hydroxy~ne|     -0.02545         0.58        1         0.4454
      0b.dmards~re|            .            .        1             .
      1.dmards_~re|     -0.00171         0.00        1         0.9551
      0b.flu_vac~e|            .            .        1             .
      1.flu_vacc~e|      0.02965         0.79        1         0.3730
      0b.pneumoc~e|            .            .        1             .
      1.pneumoco~e|     -0.02833         0.67        1         0.4124
      ------------+---------------------------------------------------
      global test |                     77.10       33         0.0000
      ----------------------------------------------------------------

. local multivar2_p = round(r(phtest)[2,4],0.001)

.  
. estat phtest, plot(1.exposure) ///
>                           graphregion(fcolor(white)) ///
>                           ylabel(, nogrid labsize(small)) ///
>                           xlabel(, labsize(small)) ///
>                           xtitle("Time", size(small)) ///
>                           ytitle("Scaled Schoenfeld Residuals", size(small)) ///
>                           msize(small) ///
>                           mcolor(gs6) ///
>                           msymbol(circle_hollow) ///
>                           scheme(s1mono) ///
>                           title ("Schoenfeld residuals against time, fully adjusted", position(11) size(medsmall))                

.                           
. graph export "$outdir/schoenplot3.svg", as(svg) replace
(file nsaid_output_sens3/schoenplot3.svg written in SVG format)

. 
. * Close window 
. graph close

. 
. * Print table of results======================================================*/        
. 
. 
. cap file close tablecontent

. file open tablecontent using ./$outdir/table4.txt, write text replace

. 
. * Column headings 
. file write tablecontent ("Table 4: Testing the PH assumption - $population Population") _n

. file write tablecontent _tab ("Univariable") _tab ("Age/Sex Adjusted") _tab ///
>                                                 ("Age/Sex and Comorbidity Adjusted") _tab _n

.                                                 
. file write tablecontent _tab ("p-value") _tab ("p-value") _tab ("p-value") _tab _n

. 
. * Row heading and content  
. file write tablecontent ("Treatment Exposure") _tab

. file write tablecontent ("`univar_p'") _tab ("`multivar1_p'") _tab ("`multivar2_p'")

. 
. file write tablecontent _n

. file close tablecontent

. 
. * Close log file 
. log close
      name:  <unnamed>
       log:  E:\alex\nsaids-covid-research\analysis\nsaid_log_sens3\08_an_model_checks.log
  log type:  text
 closed on:  15 Jul 2020, 04:34:53
----------------------------------------------------------------------------------------------------------------------------------------------------------------------------
