------------------------------------------------------------------------------------------------------------------------------------------------------------------------------------------------------------------------
      name:  <unnamed>
       log:  E:\analyses\nsaids-covid-research\analysis\nsaid_log_sens6\S6_01_cr_create_exposure_outcome.log
  log type:  text
 opened on:   7 Oct 2020, 22:10:06

. 
. /*==============================================================================*/
. 
. sort patient_id

. 
. * Date of cohort entry, 1 Mar 2020
. gen enter_date = date("$indexdate", "DMY")

. format enter_date %td

. 
. /* TREATMENT EXPOSURE=========================================================*/        
. 
. *Main analysis: NSAIDs exposure within 4 months before cohort entry
. gen exposure = (nsaid_last_four_months_date     < .) 

. 
. label var exposure "NSAID Treatment Exposure"

. label define exposure 0 "non-current NSAID use" 1 "current NSAID use"

. label values exposure exposure 

. 
. 
. /* OUTCOME AND SURVIVAL TIME==================================================*/
. * Date of data available
. gen onscoviddeathcensor_date    = date("$onscoviddeathcensor",  "DMY")

. gen ecdscensor_date             = date("$ecdscensor", "DMY")

. 
. * Format the dates
. format  enter_date                                      ///
>                 onscoviddeathcensor_date        ///
>                 ecdscensor_date             %td

. 
. /*   Outcomes   */
. 
. * Dates of: ONS any death, ECDS due to covid
. /* Recode to dates from the strings (outcomes and censoring date (subsequent nsaid exposure)
> foreach var of varlist  died_date_ons                   ///
>                                                 aande_attendance_with_covid    ///
>                                                 {
>                                                 
>         confirm string variable `var'
>         rename `var' `var'_dstr
>         gen `var' = date(`var'_dstr, "YMD")
>         drop `var'_dstr
>         format `var' %td 
>         
> }
> */
. *aande_attendance_with_covid variable not ready to be analysed for now
. foreach var of varlist  died_date_ons                   ///
>                                                 {
  2.                                                 
.         confirm string variable `var'
  3.         rename `var' `var'_dstr
  4.         gen `var' = date(`var'_dstr, "YMD")
  5.         drop `var'_dstr
  6.         format `var' %td 
  7.         
. }
(2,456,761 missing values generated)

. 
. * Generate date of Covid death in ONS
. gen died_date_onscovid = died_date_ons if died_ons_covid_flag_any == 1
(2,462,905 missing values generated)

. 
. * Format outcome dates
. format died_date_ons died_date_onscovid %td

. *format aande_attendance_with_covid %td 
. 
. /*  Identify date of end of follow-up
> (first: end data availability (ONS & ECDS), death, outcome) */
. 
. * For looping later, name must be stime_binary_outcome_name
. 
. * Primary outcome: ONS covid-19 death
. gen stime_onscoviddeath = min(onscoviddeathcensor_date, died_date_ons)

. 
. /* Secondary outcome: ECDS due to covid-19
> gen stime_ecds = min(onscoviddeathcensor_date, ecdscensor_date, died_date_ons, aande_attendance_with_covid)
> */
. * Generate variables for follow-up person-days for each outcome
. gen follow_up_ons = stime_onscoviddeath - enter_date

. *gen follow_up_ecds = stime_ecds - enter_date
.  
. * Format date variables
. format stime* %td 

. 
. * Binary indicators for outcomes
. * Primary outcome: ONS covid-19 death
. gen onscoviddeath = 1 if died_date_onscovid!=. & ///
> died_date_onscovid>=enter_date & died_date_onscovid<=stime_onscoviddeath
(2,462,965 missing values generated)

. 
. replace onscoviddeath = 0 if onscoviddeath == .
(2,462,965 real changes made)

.  
. /* Secondary outcome: ECDS due to covid-19
> gen ecdscovid = 1 if aande_attendance_with_covid!=. & ///
> aande_attendance_with_covid>=enter_date & aande_attendance_with_covid<=stime_ecds
> 
> replace ecdscovid = 0 if ecdscovid == .
> */
. /* LABEL VARIABLES============================================================*/
. 
. * Outcomes and follow-up
. label var enter_date                                    "Date of study entry"

. *label var ecdscensor_date                      "Date of admin censoring for ECDS data"
. label var onscoviddeathcensor_date              "Date of admin censoring for ONS deaths"

. 
. *label var ecdscovid                                   "Failure/censoring indicator for outcome: ecds covid"
. label var onscoviddeath                                 "Failure/censoring indicator for outcome: ONS covid death"

. label var died_date_onscovid                    "Date of ONS Death (Covid-19 only)"

. 
. label var died_date_ons                 "ONS death date (any cause)"

. label var nsaid_after_march             "Earliest date of exposure to NSAIDs after cohort entry"

. *label var aande_attendance_with_covid   "AE attendance due to Covid-19"
. 
. * End of follow-up (date)
. label var stime_onscoviddeath                   "End of follow-up: ONS covid death"

. *label var stime_ecds                           "End of follow-up: ecds covid"
. 
. * Duration of follow-up
. label var follow_up_ons                 "Number of days (follow-up) for ONS covid death"

. *label var follow_up_ecds                "Number of days (follow-up) for ecds covid"
. /* ==========================================================================*/
. 
. log close
      name:  <unnamed>
       log:  E:\analyses\nsaids-covid-research\analysis\nsaid_log_sens6\S6_01_cr_create_exposure_outcome.log
  log type:  text
 closed on:   7 Oct 2020, 22:10:09
------------------------------------------------------------------------------------------------------------------------------------------------------------------------------------------------------------------------
