----------------------------------------------------------------------------------------------------------------------------------------------------------------------------
      name:  <unnamed>
       log:  E:\alex\nsaids-covid-research\analysis\arthritis_log_sens4\08_an_model_checks.log
  log type:  text
 opened on:  15 Jul 2020, 14:25:31

. 
. * Open Stata dataset
. use $tempdir\analysis_dataset_STSET_$outcome, clear

. 
. /* Quietly run models, perform test and store results in local macro==========*/
. 
. qui stcox i.exposure 

. estat phtest, detail

      Test of proportional-hazards assumption

      Time:  Time
      ----------------------------------------------------------------
                  |       rho            chi2       df       Prob>chi2
      ------------+---------------------------------------------------
      0b.exposure |            .            .        1             .
      1.exposure  |     -0.02177         1.22        1         0.2703
      ------------+---------------------------------------------------
      global test |                      1.22        1         0.2703
      ----------------------------------------------------------------

. local univar_p = round(r(p),0.001)

. di `univar_p'
.27

.  
. estat phtest, plot(1.exposure) ///
>                           graphregion(fcolor(white)) ///
>                           ylabel(, nogrid labsize(small)) ///
>                           xlabel(, labsize(small)) ///
>                           xtitle("Time", size(small)) ///
>                           ytitle("Scaled Schoenfeld Residuals", size(small)) ///
>                           msize(small) ///
>                           mcolor(gs6) ///
>                           msymbol(circle_hollow) ///
>                           scheme(s1mono) ///
>                           title ("Schoenfeld residuals against time, univariable", position(11) size(medsmall)) 

. 
. graph export "$outdir/schoenplot1.svg", as(svg) replace
(file arthritis_output_sens4/schoenplot1.svg written in SVG format)

. 
. * Close window 
. graph close  

.                           
. stcox i.exposure i.male age1 age2 age3 

         failure _d:  onscoviddeath
   analysis time _t:  (stime_onscoviddeath-origin)
             origin:  time enter_date
  enter on or after:  time enter_date
                 id:  patient_id

Iteration 0:   log likelihood = -36742.039
Iteration 1:   log likelihood = -34937.709
Iteration 2:   log likelihood =  -34456.09
Iteration 3:   log likelihood = -34451.421
Iteration 4:   log likelihood = -34451.118
Iteration 5:   log likelihood = -34451.115
Iteration 6:   log likelihood = -34451.115
Refining estimates:
Iteration 0:   log likelihood = -34451.115

Cox regression -- Breslow method for ties

No. of subjects =    1,709,502                  Number of obs    =   1,709,502
No. of failures =        2,563
Time at risk    =    176657648
                                                LR chi2(5)       =     4581.85
Log likelihood  =   -34451.115                  Prob > chi2      =      0.0000

------------------------------------------------------------------------------------
                _t | Haz. Ratio   Std. Err.      z    P>|z|     [95% Conf. Interval]
-------------------+----------------------------------------------------------------
          exposure |
current NSAID use  |   .8373691   .0784043    -1.90   0.058     .6969755    1.006043
            1.male |   1.665921   .0671905    12.65   0.000       1.5393    1.802957
              age1 |   1.077468   .0206128     3.90   0.000     1.037815    1.118635
              age2 |   1.043571   .0386101     1.15   0.249     .9705749    1.122056
              age3 |   .9541236    .115982    -0.39   0.699     .7518543    1.210809
------------------------------------------------------------------------------------

. estat phtest, detail

      Test of proportional-hazards assumption

      Time:  Time
      ----------------------------------------------------------------
                  |       rho            chi2       df       Prob>chi2
      ------------+---------------------------------------------------
      0b.exposure |            .            .        1             .
      1.exposure  |      0.00011         0.00        1         0.9955
      0b.male     |            .            .        1             .
      1.male      |     -0.06917        12.18        1         0.0005
      age1        |     -0.02012         0.83        1         0.3628
      age2        |      0.02397         1.24        1         0.2651
      age3        |     -0.01658         0.61        1         0.4334
      ------------+---------------------------------------------------
      global test |                     85.64        5         0.0000
      ----------------------------------------------------------------

. local multivar1_p = round(r(phtest)[2,4],0.001)

.  
. estat phtest, plot(1.exposure) ///
>                           graphregion(fcolor(white)) ///
>                           ylabel(, nogrid labsize(small)) ///
>                           xlabel(, labsize(small)) ///
>                           xtitle("Time", size(small)) ///
>                           ytitle("Scaled Schoenfeld Residuals", size(small)) ///
>                           msize(small) ///
>                           mcolor(gs6) ///
>                           msymbol(circle_hollow) ///
>                           scheme(s1mono) ///
>                           title ("Schoenfeld residuals against time, age and sex adjusted", position(11) size(medsmall))                          

. 
. graph export "$outdir/schoenplot2.svg", as(svg) replace
(file arthritis_output_sens4/schoenplot2.svg written in SVG format)

. 
. * Close window 
. graph close

.                   
. stcox i.exposure i.male age1 age2 age3 $varlist, strata(stp)

         failure _d:  onscoviddeath
   analysis time _t:  (stime_onscoviddeath-origin)
             origin:  time enter_date
  enter on or after:  time enter_date
                 id:  patient_id

Iteration 0:   log likelihood = -28499.386
Iteration 1:   log likelihood = -26337.379
Iteration 2:   log likelihood = -25746.483
Iteration 3:   log likelihood = -25738.154
Iteration 4:   log likelihood = -25737.957
Iteration 5:   log likelihood = -25737.957
Iteration 6:   log likelihood = -25737.957
Refining estimates:
Iteration 0:   log likelihood = -25737.957

Stratified Cox regr. -- Breslow method for ties

No. of subjects =    1,709,502                  Number of obs    =   1,709,502
No. of failures =        2,563
Time at risk    =    176657648
                                                LR chi2(33)      =     5522.86
Log likelihood  =   -25737.957                  Prob > chi2      =      0.0000

----------------------------------------------------------------------------------------
                    _t | Haz. Ratio   Std. Err.      z    P>|z|     [95% Conf. Interval]
-----------------------+----------------------------------------------------------------
              exposure |
    current NSAID use  |   .7828563   .0756459    -2.53   0.011     .6477867    .9460892
                1.male |   1.658995   .0689146    12.19   0.000     1.529277    1.799716
                  age1 |   1.084988   .0211683     4.18   0.000     1.044282    1.127281
                  age2 |   1.032448   .0389503     0.85   0.397     .9588606    1.111682
                  age3 |   .9684733   .1201216    -0.26   0.796     .7594716    1.234991
                       |
             obese4cat |
    Obese I (30-34.9)  |   .9842702   .0554442    -0.28   0.778     .8813855    1.099165
   Obese II (35-39.9)  |   1.356429   .1085445     3.81   0.000      1.15953    1.586764
      Obese III (40+)  |   1.992389   .2073606     6.62   0.000     1.624741    2.443229
                       |
          smoke_nomiss |
               Former  |   1.172492   .0508126     3.67   0.000     1.077014    1.276435
              Current  |    1.07232    .101908     0.73   0.463     .8900825    1.291868
                       |
                   imd |
                    2  |   1.204848   .0818903     2.74   0.006     1.054577    1.376531
                    3  |    1.28998   .0876036     3.75   0.000     1.129216    1.473631
                    4  |   1.536657   .1021726     6.46   0.000     1.348902    1.750546
      5 most deprived  |   1.915402   .1273447     9.78   0.000     1.681389    2.181985
                       |
                   ckd |
                  CKD  |   1.239685   .0569382     4.68   0.000     1.132964    1.356459
        1.hypertension |   1.063958   .0468547     1.41   0.159     .9759763    1.159871
       1.heart_failure |   1.446238   .0979214     5.45   0.000     1.266505    1.651478
 1.other_heart_disease |   1.107275   .0803943     1.40   0.160     .9604032    1.276608
                       |
          diab_control |
  Controlled diabetes  |   1.391917   .0733466     6.28   0.000     1.255335     1.54336
Uncontrolled diabetes  |   2.131151   .1605273    10.05   0.000     1.838646    2.470189
                       |
                1.copd |    1.18296   .0791667     2.51   0.012     1.037542     1.34876
   1.other_respiratory |   1.858428   .1356603     8.49   0.000     1.610684    2.144279
       1.immunodef_any |   1.596002   .3434802     2.17   0.030     1.046753    2.433453
              1.cancer |   1.295349   .0626242     5.35   0.000     1.178244    1.424094
                       |
        arthritis_type |
       Osteoarthritis  |   .6380699   .0778994    -3.68   0.000     .5022829    .8105653
         Both RA & OA  |   .8467362   .1201749    -1.17   0.241     .6411202    1.118296
                       |
              1.statin |   .6485496   .0310303    -9.05   0.000     .5904959    .7123108
                 1.ppi |   1.253774   .0537716     5.27   0.000     1.152692    1.363721
1.steroid_prednisolone |   1.529824     .10633     6.12   0.000     1.334993     1.75309
  1.hydroxychloroquine |   1.172337   .2194193     0.85   0.396     .8123407    1.691869
 1.dmards_primary_care |   1.182529   .1444607     1.37   0.170      .930737    1.502439
         1.flu_vaccine |   .9895962   .0485553    -0.21   0.831     .8988624    1.089489
1.pneumococcal_vaccine |   1.038902   .0730904     0.54   0.587     .9050857    1.192504
----------------------------------------------------------------------------------------
                                                             Stratified by stp

. estat phtest, detail

      Test of proportional-hazards assumption

      Time:  Time
      ----------------------------------------------------------------
                  |       rho            chi2       df       Prob>chi2
      ------------+---------------------------------------------------
      0b.exposure |            .            .        1             .
      1.exposure  |      0.00375         0.04        1         0.8492
      0b.male     |            .            .        1             .
      1.male      |     -0.07076        12.82        1         0.0003
      age1        |     -0.01449         0.44        1         0.5057
      age2        |      0.02390         1.28        1         0.2585
      age3        |     -0.01960         0.89        1         0.3455
      1b.obese4cat|            .            .        1             .
      2.obese4cat |     -0.03767         3.56        1         0.0593
      3.obese4cat |     -0.02625         1.74        1         0.1869
      4.obese4cat |     -0.02171         1.17        1         0.2789
      1b.smoke_n~s|            .            .        1             .
      2.smoke_no~s|     -0.00184         0.01        1         0.9264
      3.smoke_no~s|      0.05009         6.36        1         0.0117
      1b.imd      |            .            .        1             .
      2.imd       |      0.01106         0.31        1         0.5754
      3.imd       |      0.01885         0.91        1         0.3409
      4.imd       |     -0.00566         0.08        1         0.7744
      5.imd       |     -0.01530         0.60        1         0.4402
      0b.ckd      |            .            .        1             .
      1.ckd       |     -0.01073         0.32        1         0.5738
      0b.hyperte~n|            .            .        1             .
      1.hyperten~n|      0.02706         1.95        1         0.1625
      0b.heart_~re|            .            .        1             .
      1.heart_f~re|     -0.00532         0.07        1         0.7853
      0b.other_~se|            .            .        1             .
      1.other_h~se|     -0.01750         0.79        1         0.3730
      1b.diab_co~l|            .            .        1             .
      2.diab_con~l|      0.00171         0.01        1         0.9310
      3.diab_con~l|     -0.01973         0.97        1         0.3235
      0b.copd     |            .            .        1             .
      1.copd      |     -0.02483         1.46        1         0.2275
      0b.other_r~y|            .            .        1             .
      1.other_re~y|     -0.01505         0.55        1         0.4572
      0b.immunod~y|            .            .        1             .
      1.immunode~y|     -0.01881         0.90        1         0.3426
      0b.cancer   |            .            .        1             .
      1.cancer    |      0.03283         2.84        1         0.0918
      1b.arthrit~e|            .            .        1             .
      2.arthriti~e|     -0.01302         0.46        1         0.4960
      3.arthriti~e|     -0.02175         1.21        1         0.2704
      0b.statin   |            .            .        1             .
      1.statin    |     -0.05784         8.41        1         0.0037
      0b.ppi      |            .            .        1             .
      1.ppi       |     -0.01367         0.48        1         0.4883
      0b.steroi~ne|            .            .        1             .
      1.steroid~ne|     -0.03327         2.78        1         0.0955
      0b.hydrox~ne|            .            .        1             .
      1.hydroxy~ne|     -0.00608         0.10        1         0.7545
      0b.dmards~re|            .            .        1             .
      1.dmards_~re|     -0.00425         0.05        1         0.8173
      0b.flu_vac~e|            .            .        1             .
      1.flu_vacc~e|     -0.03149         2.75        1         0.0976
      0b.pneumoc~e|            .            .        1             .
      1.pneumoco~e|     -0.03281         2.75        1         0.0971
      ------------+---------------------------------------------------
      global test |                    152.96       33         0.0000
      ----------------------------------------------------------------

. local multivar2_p = round(r(phtest)[2,4],0.001)

.  
. estat phtest, plot(1.exposure) ///
>                           graphregion(fcolor(white)) ///
>                           ylabel(, nogrid labsize(small)) ///
>                           xlabel(, labsize(small)) ///
>                           xtitle("Time", size(small)) ///
>                           ytitle("Scaled Schoenfeld Residuals", size(small)) ///
>                           msize(small) ///
>                           mcolor(gs6) ///
>                           msymbol(circle_hollow) ///
>                           scheme(s1mono) ///
>                           title ("Schoenfeld residuals against time, fully adjusted", position(11) size(medsmall))                

.                           
. graph export "$outdir/schoenplot3.svg", as(svg) replace
(file arthritis_output_sens4/schoenplot3.svg written in SVG format)

. 
. * Close window 
. graph close

. 
. * Print table of results======================================================*/        
. 
. 
. cap file close tablecontent

. file open tablecontent using ./$outdir/table4.txt, write text replace

. 
. * Column headings 
. file write tablecontent ("Table 4: Testing the PH assumption - $population Population") _n

. file write tablecontent _tab ("Univariable") _tab ("Age/Sex Adjusted") _tab ///
>                                                 ("Age/Sex and Comorbidity Adjusted") _tab _n

.                                                 
. file write tablecontent _tab ("p-value") _tab ("p-value") _tab ("p-value") _tab _n

. 
. * Row heading and content  
. file write tablecontent ("Treatment Exposure") _tab

. file write tablecontent ("`univar_p'") _tab ("`multivar1_p'") _tab ("`multivar2_p'")

. 
. file write tablecontent _n

. file close tablecontent

. 
. * Close log file 
. log close
      name:  <unnamed>
       log:  E:\alex\nsaids-covid-research\analysis\arthritis_log_sens4\08_an_model_checks.log
  log type:  text
 closed on:  15 Jul 2020, 14:41:45
----------------------------------------------------------------------------------------------------------------------------------------------------------------------------
