----------------------------------------------------------------------------------------------------------------------------------------------------------------------------
      name:  <unnamed>
       log:  E:\alex\nsaids-covid-research\analysis\arthritis_log\06b_an_models_arthritis.log
  log type:  text
 opened on:  15 Jul 2020, 09:16:23

. 
. * Open Stata dataset
. use $tempdir\analysis_dataset_STSET_$outcome, clear

. 
. /* Sense check outcomes=======================================================*/ 
. 
. tab exposure $outcome, missing row

+----------------+
| Key            |
|----------------|
|   frequency    |
| row percentage |
+----------------+

                      |   Failure/censoring
                      |     indicator for
                      |  outcome: ONS covid
      NSAID Treatment |         death
             Exposure |         0          1 |     Total
----------------------+----------------------+----------
non-current NSAID use | 1,532,980      2,441 | 1,535,421 
                      |     99.84       0.16 |    100.00 
----------------------+----------------------+----------
    current NSAID use |   175,508        123 |   175,631 
                      |     99.93       0.07 |    100.00 
----------------------+----------------------+----------
                Total | 1,708,488      2,564 | 1,711,052 
                      |     99.85       0.15 |    100.00 

. 
. /* Main Model=================================================================*/
. 
. /* Univariable model */ 
. 
. stcox i.exposure 

         failure _d:  onscoviddeath
   analysis time _t:  (stime_onscoviddeath-origin)
             origin:  time enter_date
  enter on or after:  time enter_date
                 id:  patient_id

Iteration 0:   log likelihood = -36758.737
Iteration 1:   log likelihood = -36709.112
Iteration 2:   log likelihood = -36705.707
Iteration 3:   log likelihood = -36705.677
Iteration 4:   log likelihood = -36705.677
Refining estimates:
Iteration 0:   log likelihood = -36705.677

Cox regression -- Breslow method for ties

No. of subjects =    1,711,052                  Number of obs    =   1,711,052
No. of failures =        2,564
Time at risk    =    176820188
                                                LR chi2(1)       =      106.12
Log likelihood  =   -36705.677                  Prob > chi2      =      0.0000

------------------------------------------------------------------------------------
                _t | Haz. Ratio   Std. Err.      z    P>|z|     [95% Conf. Interval]
-------------------+----------------------------------------------------------------
          exposure |
current NSAID use  |   .4335864   .0400681    -9.04   0.000     .3617557    .5196798
------------------------------------------------------------------------------------

. estimates save ./$tempdir/univar, replace 
file ./arthritis_tempdata/univar.ster saved

. 
. /* Multivariable models */ 
. 
. * Age and Gender 
. * Age fit as spline in first instance, categorical below 
. 
. stcox i.exposure i.male age1 age2 age3 

         failure _d:  onscoviddeath
   analysis time _t:  (stime_onscoviddeath-origin)
             origin:  time enter_date
  enter on or after:  time enter_date
                 id:  patient_id

Iteration 0:   log likelihood = -36758.737
Iteration 1:   log likelihood = -34953.643
Iteration 2:   log likelihood = -34470.817
Iteration 3:   log likelihood = -34466.162
Iteration 4:   log likelihood = -34465.861
Iteration 5:   log likelihood = -34465.859
Iteration 6:   log likelihood = -34465.859
Refining estimates:
Iteration 0:   log likelihood = -34465.859

Cox regression -- Breslow method for ties

No. of subjects =    1,711,052                  Number of obs    =   1,711,052
No. of failures =        2,564
Time at risk    =    176820188
                                                LR chi2(5)       =     4585.76
Log likelihood  =   -34465.859                  Prob > chi2      =      0.0000

------------------------------------------------------------------------------------
                _t | Haz. Ratio   Std. Err.      z    P>|z|     [95% Conf. Interval]
-------------------+----------------------------------------------------------------
          exposure |
current NSAID use  |    .835113   .0778942    -1.93   0.053     .6955853    1.002629
            1.male |   1.666354   .0671919    12.66   0.000      1.53973    1.803391
              age1 |   1.077286   .0205996     3.89   0.000     1.037658    1.118426
              age2 |   1.044101   .0386157     1.17   0.243     .9710938    1.122597
              age3 |   .9523647   .1157329    -0.40   0.688     .7505229    1.208489
------------------------------------------------------------------------------------

. estimates save ./$tempdir/multivar1, replace 
file ./arthritis_tempdata/multivar1.ster saved

. 
. * Age, Gender and Comorbidities (note: diabetes variable is diabcat)
. stcox i.exposure i.male age1 age2 age3  i.obese4cat                                     ///
>                                                                                 i.smoke_nomiss                          ///
>                                                                                 i.imd                                           ///
>                                                                                 i.ckd                                           ///             
>                                                                                 i.hypertension                          ///             
>                                                                                 i.heart_failure                         ///             
>                                                                                 i.other_heart_disease           ///             
>                                                                                 i.diabcat                                       ///     
>                                                                                 i.copd                      ///
>                                                                                 i.other_respiratory         ///
>                                                                                 i.immunodef_any                         ///
>                                                                                 i.cancer                                ///     
>                                                                             i.arthritis_type                    ///     
>                                                                                 i.statin                                        ///     
>                                                                                 i.ppi                       ///
>                                                                                 i.steroid_prednisolone      ///
>                                                                                 i.hydroxychloroquine        ///
>                                                                                 i.dmards_primary_care       ///
>                                                                                 i.flu_vaccine                           ///     
>                                                                                 i.pneumococcal_vaccine, strata(stp)                             

         failure _d:  onscoviddeath
   analysis time _t:  (stime_onscoviddeath-origin)
             origin:  time enter_date
  enter on or after:  time enter_date
                 id:  patient_id

Iteration 0:   log likelihood = -28512.712
Iteration 1:   log likelihood = -26344.469
Iteration 2:   log likelihood = -25753.487
Iteration 3:   log likelihood = -25745.137
Iteration 4:   log likelihood = -25744.941
Iteration 5:   log likelihood =  -25744.94
Iteration 6:   log likelihood =  -25744.94
Refining estimates:
Iteration 0:   log likelihood =  -25744.94

Stratified Cox regr. -- Breslow method for ties

No. of subjects =    1,711,052                  Number of obs    =   1,711,052
No. of failures =        2,564
Time at risk    =    176820188
                                                LR chi2(34)      =     5535.54
Log likelihood  =    -25744.94                  Prob > chi2      =      0.0000

---------------------------------------------------------------------------------------------
                         _t | Haz. Ratio   Std. Err.      z    P>|z|     [95% Conf. Interval]
----------------------------+----------------------------------------------------------------
                   exposure |
         current NSAID use  |   .7800267     .07509    -2.58   0.010     .6459036    .9420007
                     1.male |   1.657516   .0688423    12.17   0.000     1.527933    1.798088
                       age1 |   1.084921    .021163     4.18   0.000     1.044225    1.127203
                       age2 |   1.032896   .0389609     0.86   0.391     .9592883    1.112151
                       age3 |    .967174   .1199423    -0.27   0.788     .7584805    1.233289
                            |
                  obese4cat |
         Obese I (30-34.9)  |   .9818962   .0553227    -0.32   0.746     .8792382     1.09654
        Obese II (35-39.9)  |   1.350849   .1081307     3.76   0.000     1.154706    1.580311
           Obese III (40+)  |   1.980969   .2062416     6.57   0.000     1.615317    2.429391
                            |
               smoke_nomiss |
                    Former  |   1.171591   .0507719     3.65   0.000     1.076189     1.27545
                   Current  |   1.071597   .1018378     0.73   0.467      .889485    1.290994
                            |
                        imd |
                         2  |   1.206104   .0819352     2.76   0.006     1.055746    1.377876
                         3  |   1.288858   .0875272     3.74   0.000     1.128235    1.472349
                         4  |   1.534903   .1020522     6.44   0.000     1.347369    1.748539
           5 most deprived  |   1.914621   .1272887     9.77   0.000      1.68071    2.181086
                            |
                        ckd |
                       CKD  |   1.234714   .0567331     4.59   0.000     1.128379     1.35107
             1.hypertension |   1.062318   .0467644     1.37   0.170      .974504    1.158045
            1.heart_failure |   1.444203   .0977935     5.43   0.000     1.264706    1.649176
      1.other_heart_disease |   1.107571   .0804119     1.41   0.159     .9606666     1.27694
                            |
                    diabcat |
       Controlled diabetes  |   1.395318   .0735308     6.32   0.000     1.258393    1.547141
     Uncontrolled diabetes  |   2.238242   .1713939    10.52   0.000     1.926309    2.600686
Diabetes, no hba1c measure  |   .8429468   .3452456    -0.42   0.677     .3777232    1.881164
                            |
                     1.copd |   1.182963   .0791555     2.51   0.012     1.037563    1.348738
        1.other_respiratory |   1.858511   .1356627     8.49   0.000     1.610762    2.144366
            1.immunodef_any |   1.592162   .3426602     2.16   0.031     1.044225    2.427617
                   1.cancer |   1.297905   .0627048     5.40   0.000     1.180645    1.426811
                            |
             arthritis_type |
            Osteoarthritis  |   .6349229   .0772517    -3.73   0.000     .5002125    .8059117
              Both RA & OA  |   .8391045   .1187438    -1.24   0.215     .6358584    1.107316
                            |
                   1.statin |   .6457158   .0309204    -9.13   0.000     .5878698    .7092537
                      1.ppi |   1.253223   .0537364     5.26   0.000     1.152205    1.363096
     1.steroid_prednisolone |   1.525544   .1060217     6.08   0.000     1.331277    1.748161
       1.hydroxychloroquine |   1.206664   .2229359     1.02   0.309      .840086    1.733202
      1.dmards_primary_care |   1.189893   .1449212     1.43   0.153     .9372103    1.510701
              1.flu_vaccine |   .9885859   .0484941    -0.23   0.815     .8979653    1.088352
     1.pneumococcal_vaccine |   1.038997   .0730911     0.54   0.587     .9051782    1.192599
---------------------------------------------------------------------------------------------
                                                             Stratified by stp

.                                                                                 
. estimates save ./$tempdir/multivar2, replace 
file ./arthritis_tempdata/multivar2.ster saved

. 
. * Age, Gender and Comorbidities (note: changed diabetes category: grouped no HbA1c to uncontrolled DM after first run because diab causing the model not to converge)
. stcox i.exposure i.male age1 age2 age3  $varlist, strata(stp)

         failure _d:  onscoviddeath
   analysis time _t:  (stime_onscoviddeath-origin)
             origin:  time enter_date
  enter on or after:  time enter_date
                 id:  patient_id

Iteration 0:   log likelihood = -28512.712
Iteration 1:   log likelihood = -26349.353
Iteration 2:   log likelihood = -25757.338
Iteration 3:   log likelihood = -25748.949
Iteration 4:   log likelihood = -25748.753
Iteration 5:   log likelihood = -25748.752
Iteration 6:   log likelihood = -25748.752
Refining estimates:
Iteration 0:   log likelihood = -25748.752

Stratified Cox regr. -- Breslow method for ties

No. of subjects =    1,711,052                  Number of obs    =   1,711,052
No. of failures =        2,564
Time at risk    =    176820188
                                                LR chi2(33)      =     5527.92
Log likelihood  =   -25748.752                  Prob > chi2      =      0.0000

----------------------------------------------------------------------------------------
                    _t | Haz. Ratio   Std. Err.      z    P>|z|     [95% Conf. Interval]
-----------------------+----------------------------------------------------------------
              exposure |
    current NSAID use  |   .7791063    .075003    -2.59   0.010     .6451389    .9408929
                1.male |     1.6592   .0689057    12.19   0.000     1.529497    1.799901
                  age1 |   1.084879   .0211546     4.18   0.000     1.044199    1.127144
                  age2 |   1.032886   .0389503     0.86   0.391     .9592982     1.11212
                  age3 |   .9669854   .1198938    -0.27   0.787     .7583711    1.232986
                       |
             obese4cat |
    Obese I (30-34.9)  |   .9840796   .0554306    -0.28   0.776       .88122    1.098945
   Obese II (35-39.9)  |   1.356204   .1085237     3.81   0.000     1.159342    1.586494
      Obese III (40+)  |   1.992525    .207369     6.62   0.000     1.624861    2.443382
                       |
          smoke_nomiss |
               Former  |   1.173004   .0508274     3.68   0.000     1.077497    1.276976
              Current  |   1.072313   .1019042     0.73   0.463     .8900824    1.291853
                       |
                   imd |
                    2  |   1.207367   .0820205     2.77   0.006     1.056852    1.379318
                    3  |   1.289594   .0875771     3.75   0.000     1.128879     1.47319
                    4  |   1.536908    .102188     6.46   0.000     1.349124    1.750829
      5 most deprived  |   1.916282      .1274     9.78   0.000     1.682167     2.18298
                       |
                   ckd |
                  CKD  |   1.238633   .0568793     4.66   0.000     1.132021    1.355285
        1.hypertension |   1.062769   .0467847     1.38   0.167      .974917    1.158537
       1.heart_failure |    1.44606   .0979058     5.45   0.000     1.266356    1.651267
 1.other_heart_disease |   1.107269   .0803917     1.40   0.160     .9604016    1.276596
                       |
          diab_control |
  Controlled diabetes  |   1.391923   .0733401     6.28   0.000     1.255352    1.543351
Uncontrolled diabetes  |   2.131855   .1605731    10.05   0.000     1.839266    2.470989
                       |
                1.copd |   1.183087   .0791588     2.51   0.012     1.037681    1.348868
   1.other_respiratory |   1.856697   .1355219     8.48   0.000     1.609204    2.142254
       1.immunodef_any |   1.593809   .3430049     2.17   0.030     1.045318    2.430099
              1.cancer |   1.297858   .0627021     5.40   0.000     1.180604    1.426759
                       |
        arthritis_type |
       Osteoarthritis  |    .635286   .0772925    -3.73   0.000     .5005037    .8063642
         Both RA & OA  |   .8383684   .1186397    -1.25   0.213     .6353004    1.106345
                       |
              1.statin |   .6483092   .0310151    -9.06   0.000     .5902837    .7120387
                 1.ppi |   1.254242   .0537804     5.28   0.000     1.153142    1.364205
1.steroid_prednisolone |   1.526952   .1061236     6.09   0.000     1.332498    1.749783
  1.hydroxychloroquine |   1.205877   .2227843     1.01   0.311     .8395462    1.732054
 1.dmards_primary_care |   1.189398   .1448705     1.42   0.154     .9368056    1.510097
         1.flu_vaccine |   .9898793   .0485631    -0.21   0.836     .8991303    1.089788
1.pneumococcal_vaccine |   1.038168   .0730362     0.53   0.594     .9044503    1.191655
----------------------------------------------------------------------------------------
                                                             Stratified by stp

. 
. estimates save ./$tempdir/multivar3, replace 
file ./arthritis_tempdata/multivar3.ster saved

. 
. /* Print table================================================================*/ 
. *  Print the results for the main model 
. 
. cap file close tablecontent

. file open tablecontent using ./$outdir/table2.txt, write text replace

. 
. * Column headings 
. file write tablecontent ("Table 2: Association between current NSAID use and $tableoutcome - $population Population") _n

. file write tablecontent _tab ("Number of events") _tab ("Total person-weeks") _tab ("Rate per 1,000") _tab ("Univariable") _tab _tab ("Age/Sex Adjusted") _tab _tab ///
>                                                 ("Age/Sex and Comorbidity Adjusted") _tab _tab ///
>                                                 ("Age/Sex and Comorbidity (diabetes regroup)") _tab _tab _n

. file write tablecontent _tab _tab _tab _tab ("HR") _tab ("95% CI") _tab ("HR") _tab ///
>                                                 ("95% CI") _tab ("HR") _tab ("95% CI") _tab ("HR") _tab ("95% CI") _n

. file write tablecontent ("Main Analysis") _n                                    

. 
. * Row headings 
. local lab0: label exposure 0

. local lab1: label exposure 1

.  
. /* Counts */
.  
. * First row, exposure = 0 (reference)
. 
.         safecount if exposure == 0 & $outcome == 1
  2,441

.         local event = r(N)

.     bysort exposure: egen total_follow_up = total(_t)

.         su total_follow_up if exposure == 0

    Variable |        Obs        Mean    Std. Dev.       Min        Max
-------------+---------------------------------------------------------
total_foll~p |  1,535,421    1.58e+08           0   1.58e+08   1.58e+08

.         local person_week = r(mean)/7

.         local rate = 1000*(`event'/`person_week')

.         
.         file write tablecontent ("`lab0'") _tab

.         file write tablecontent (`event') _tab %10.0f (`person_week') _tab %3.2f (`rate') _tab

.         file write tablecontent ("1.00 (ref)") _tab _tab ("1.00 (ref)") _tab _tab ("1.00 (ref)") _n

.         
. * Second row, exposure = 1 (NSAID)
. 
. file write tablecontent ("`lab1'") _tab  

. 
.         safecount if exposure == 1 & $outcome == 1
  123

.         local event = r(N)

.         su total_follow_up if exposure == 1

    Variable |        Obs        Mean    Std. Dev.       Min        Max
-------------+---------------------------------------------------------
total_foll~p |    175,631    1.84e+07           0   1.84e+07   1.84e+07

.         local person_week = r(mean)/7

.         local rate = 1000*(`event'/`person_week')

.         file write tablecontent (`event') _tab %10.0f (`person_week') _tab %3.2f (`rate') _tab

. 
. /* Main Model */ 
. estimates use ./$tempdir/univar 

. lincom 1.exposure, eform

 ( 1)  1.exposure = 0

------------------------------------------------------------------------------
          _t |     exp(b)   Std. Err.      z    P>|z|     [95% Conf. Interval]
-------------+----------------------------------------------------------------
         (1) |   .4335864   .0400681    -9.04   0.000     .3617557    .5196798
------------------------------------------------------------------------------

. file write tablecontent %4.2f (r(estimate)) _tab %4.2f (r(lb)) (" - ") %4.2f (r(ub)) _tab 

. 
. estimates use ./$tempdir/multivar1 

. lincom 1.exposure, eform

 ( 1)  1.exposure = 0

------------------------------------------------------------------------------
          _t |     exp(b)   Std. Err.      z    P>|z|     [95% Conf. Interval]
-------------+----------------------------------------------------------------
         (1) |    .835113   .0778942    -1.93   0.053     .6955853    1.002629
------------------------------------------------------------------------------

. file write tablecontent %4.2f (r(estimate)) _tab %4.2f (r(lb)) (" - ") %4.2f (r(ub)) _tab 

. 
. estimates use ./$tempdir/multivar2  

. lincom 1.exposure, eform

 ( 1)  1.exposure = 0

------------------------------------------------------------------------------
          _t |     exp(b)   Std. Err.      z    P>|z|     [95% Conf. Interval]
-------------+----------------------------------------------------------------
         (1) |   .7800267     .07509    -2.58   0.010     .6459036    .9420007
------------------------------------------------------------------------------

. file write tablecontent %4.2f (r(estimate)) _tab %4.2f (r(lb)) (" - ") %4.2f (r(ub)) _tab 

. 
. estimates use ./$tempdir/multivar3

. lincom 1.exposure, eform

 ( 1)  1.exposure = 0

------------------------------------------------------------------------------
          _t |     exp(b)   Std. Err.      z    P>|z|     [95% Conf. Interval]
-------------+----------------------------------------------------------------
         (1) |   .7791063    .075003    -2.59   0.010     .6451389    .9408929
------------------------------------------------------------------------------

. file write tablecontent %4.2f (r(estimate)) _tab %4.2f (r(lb)) (" - ") %4.2f (r(ub)) _n 

. 
. file write tablecontent _n

. file close tablecontent

. 
. 
. * Close log file 
. log close
      name:  <unnamed>
       log:  E:\alex\nsaids-covid-research\analysis\arthritis_log\06b_an_models_arthritis.log
  log type:  text
 closed on:  15 Jul 2020, 09:24:16
----------------------------------------------------------------------------------------------------------------------------------------------------------------------------
