--------------------------------------------------------------------------------------------------------------------------------
      name:  <unnamed>
       log:  E:\alex\nsaids-covid-research\analysis\arthritis_log\Cox2_06_an_models.log
  log type:  text
 opened on:  15 Jul 2020, 11:37:35

. 
. * Open Stata dataset
. use $tempdir\analysis_dataset_STSET_$outcome, clear

. 
. /* Sense check outcomes=======================================================*/ 
. drop exposure

. rename cox_nsaid exposure

. safetab exposure $outcome, missing row
23

+----------------+
| Key            |
|----------------|
|   frequency    |
| row percentage |
+----------------+

                      |   Failure/censoring
                      |     indicator for
                      |  outcome: ONS covid
    Cox-2 specific vs |         death
other specific NSAIDs |         0          1 |     Total
----------------------+----------------------+----------
no current use of NSA | 1,532,980      2,441 | 1,535,421 
                      |     99.84       0.16 |    100.00 
----------------------+----------------------+----------
Cox-2 specific NSAIDs |    12,532          6 |    12,538 
                      |     99.95       0.05 |    100.00 
----------------------+----------------------+----------
Other specific NSAIDs |   162,976        117 |   163,093 
                      |     99.93       0.07 |    100.00 
----------------------+----------------------+----------
                Total | 1,708,488      2,564 | 1,711,052 
                      |     99.85       0.15 |    100.00 

. 
. /* Main Model=================================================================*/
. 
. /* Univariable model */ 
. 
. stcox i.exposure 

         failure _d:  onscoviddeath
   analysis time _t:  (stime_onscoviddeath-origin)
             origin:  time enter_date
  enter on or after:  time enter_date
                 id:  patient_id

Iteration 0:   log likelihood = -36758.737
Iteration 1:   log likelihood = -36708.795
Iteration 2:   log likelihood = -36705.194
Iteration 3:   log likelihood = -36705.147
Iteration 4:   log likelihood = -36705.146
Refining estimates:
Iteration 0:   log likelihood = -36705.146

Cox regression -- Breslow method for ties

No. of subjects =    1,711,052                  Number of obs    =   1,711,052
No. of failures =        2,564
Time at risk    =    176820188
                                                LR chi2(2)       =      107.18
Log likelihood  =   -36705.146                  Prob > chi2      =      0.0000

----------------------------------------------------------------------------------------
                    _t | Haz. Ratio   Std. Err.      z    P>|z|     [95% Conf. Interval]
-----------------------+----------------------------------------------------------------
              exposure |
Cox-2 specific NSAIDs  |   .2962062   .1210742    -2.98   0.003     .1329431    .6599674
Other specific NSAIDs  |   .4441503   .0420343    -8.58   0.000     .3689542     .534672
----------------------------------------------------------------------------------------

. estimates save ./$tempdir/cox_univar, replace 
file ./arthritis_tempdata/cox_univar.ster saved

. 
. /* Multivariable models */ 
. 
. * Age and Gender 
. * Age fit as spline in first instance, categorical below 
. 
. stcox i.exposure i.male age1 age2 age3 

         failure _d:  onscoviddeath
   analysis time _t:  (stime_onscoviddeath-origin)
             origin:  time enter_date
  enter on or after:  time enter_date
                 id:  patient_id

Iteration 0:   log likelihood = -36758.737
Iteration 1:   log likelihood = -34953.469
Iteration 2:   log likelihood = -34470.283
Iteration 3:   log likelihood = -34465.612
Iteration 4:   log likelihood = -34465.311
Iteration 5:   log likelihood = -34465.309
Iteration 6:   log likelihood = -34465.309
Refining estimates:
Iteration 0:   log likelihood = -34465.309

Cox regression -- Breslow method for ties

No. of subjects =    1,711,052                  Number of obs    =   1,711,052
No. of failures =        2,564
Time at risk    =    176820188
                                                LR chi2(6)       =     4586.86
Log likelihood  =   -34465.309                  Prob > chi2      =      0.0000

----------------------------------------------------------------------------------------
                    _t | Haz. Ratio   Std. Err.      z    P>|z|     [95% Conf. Interval]
-----------------------+----------------------------------------------------------------
              exposure |
Cox-2 specific NSAIDs  |   .5667331   .2317364    -1.39   0.165     .2542866    1.263088
Other specific NSAIDs  |   .8559716   .0817489    -1.63   0.103     .7098491    1.032174
                       |
                1.male |   1.665762   .0671715    12.65   0.000     1.539177    1.802759
                  age1 |    1.07722   .0205985     3.89   0.000     1.037595    1.118358
                  age2 |   1.044233   .0386211     1.17   0.242     .9712158     1.12274
                  age3 |   .9519956   .1156892    -0.40   0.686     .7502301    1.208024
----------------------------------------------------------------------------------------

. estimates save ./$tempdir/cox_multivar1, replace 
file ./arthritis_tempdata/cox_multivar1.ster saved

. 
. * Age, Gender and Comorbidities 
. stcox i.exposure i.male age1 age2 age3  $varlist , strata(stp)                          

         failure _d:  onscoviddeath
   analysis time _t:  (stime_onscoviddeath-origin)
             origin:  time enter_date
  enter on or after:  time enter_date
                 id:  patient_id

Iteration 0:   log likelihood = -28512.712
Iteration 1:   log likelihood = -26348.984
Iteration 2:   log likelihood = -25756.507
Iteration 3:   log likelihood =  -25748.11
Iteration 4:   log likelihood = -25747.913
Iteration 5:   log likelihood = -25747.912
Iteration 6:   log likelihood = -25747.912
Refining estimates:
Iteration 0:   log likelihood = -25747.912

Stratified Cox regr. -- Breslow method for ties

No. of subjects =    1,711,052                  Number of obs    =   1,711,052
No. of failures =        2,564
Time at risk    =    176820188
                                                LR chi2(34)      =     5529.60
Log likelihood  =   -25747.912                  Prob > chi2      =      0.0000

----------------------------------------------------------------------------------------
                    _t | Haz. Ratio   Std. Err.      z    P>|z|     [95% Conf. Interval]
-----------------------+----------------------------------------------------------------
              exposure |
Cox-2 specific NSAIDs  |   .4864686   .1993434    -1.76   0.079     .2178976    1.086068
Other specific NSAIDs  |   .8040725   .0791695    -2.21   0.027     .6629569    .9752255
                       |
                1.male |    1.65867    .068887    12.18   0.000     1.529003    1.799333
                  age1 |   1.084781   .0211522     4.17   0.000     1.044105     1.12704
                  age2 |   1.033071   .0389571     0.86   0.388     .9594702    1.112318
                  age3 |   .9664506   .1198277    -0.28   0.783     .7579515    1.232304
                       |
             obese4cat |
    Obese I (30-34.9)  |   .9840299   .0554278    -0.29   0.775     .8811753     1.09889
   Obese II (35-39.9)  |   1.356325   .1085332     3.81   0.000     1.159446    1.586634
      Obese III (40+)  |    1.99242   .2073561     6.62   0.000     1.624779    2.443249
                       |
          smoke_nomiss |
               Former  |   1.173011   .0508282     3.68   0.000     1.077503    1.276985
              Current  |   1.072088   .1018826     0.73   0.464      .889896    1.291582
                       |
                   imd |
                    2  |   1.207413   .0820236     2.77   0.006     1.056892     1.37937
                    3  |     1.2897   .0875849     3.75   0.000      1.12897    1.473312
                    4  |    1.53675   .1021776     6.46   0.000     1.348986    1.750649
      5 most deprived  |   1.916439   .1274113     9.78   0.000     1.682303    2.183161
                       |
                   ckd |
                  CKD  |   1.239183   .0569082     4.67   0.000     1.132517    1.355895
        1.hypertension |   1.062879   .0467897     1.39   0.166     .9750175    1.158657
       1.heart_failure |      1.446   .0979032     5.45   0.000     1.266301    1.651202
 1.other_heart_disease |   1.107346   .0803976     1.40   0.160     .9604683    1.276686
                       |
          diab_control |
  Controlled diabetes  |   1.391893   .0733393     6.28   0.000     1.255324     1.54332
Uncontrolled diabetes  |   2.132108   .1605928    10.05   0.000     1.839483    2.471284
                       |
                1.copd |   1.182898   .0791528     2.51   0.012     1.037503    1.348667
   1.other_respiratory |   1.857296   .1355763     8.48   0.000     1.609705    2.142969
       1.immunodef_any |   1.596093   .3434877     2.17   0.030     1.046828    2.433556
              1.cancer |   1.297831   .0627016     5.40   0.000     1.180577     1.42673
                       |
        arthritis_type |
       Osteoarthritis  |   .6350329   .0772629    -3.73   0.000     .5003024    .8060461
         Both RA & OA  |   .8398422   .1188511    -1.23   0.217     .6364131    1.108297
                       |
              1.statin |   .6481765   .0310097    -9.06   0.000      .590161    .7118951
                 1.ppi |   1.253543   .0537599     5.27   0.000     1.152483    1.363466
1.steroid_prednisolone |   1.528105   .1062103     6.10   0.000     1.333494    1.751119
  1.hydroxychloroquine |   1.207605   .2231225     1.02   0.307     .8407231    1.734589
 1.dmards_primary_care |   1.191708   .1451632     1.44   0.150     .9386078    1.513058
         1.flu_vaccine |   .9901491   .0485774    -0.20   0.840     .8993734    1.090087
1.pneumococcal_vaccine |   1.038348   .0730465     0.53   0.593     .9046114    1.191857
----------------------------------------------------------------------------------------
                                                             Stratified by stp

.                                                                                 
. estimates save ./$tempdir/cox_multivar2, replace 
file ./arthritis_tempdata/cox_multivar2.ster saved

. 
. /* Print table================================================================*/ 
. *  Print the results for the main model 
. 
. cap file close tablecontent

. file open tablecontent using ./$outdir/table13.txt, write text replace

. 
. * Column headings 
. file write tablecontent ("Table 13: Association between current NSAID use according to Cox2 and $tableoutcome - $population Po
> pulation") _n

. file write tablecontent _tab ("Number of events") _tab ("Total person-weeks") _tab ("Rate per 1,000") _tab ("Univariable") _ta
> b _tab ("Age/Sex Adjusted") _tab _tab ///
>                                                 ("Age/Sex and Comorbidity Adjusted") _tab _tab _n

. file write tablecontent _tab _tab _tab _tab ("HR") _tab ("95% CI") _tab ("HR") _tab ///
>                                                 ("95% CI") _tab ("HR") _tab ("95% CI") _n

. file write tablecontent ("Main Analysis") _n                                    

. 
. * Row headings 
. local lab0: label nsaid_type 0

. local lab1: label nsaid_type 1

. local lab2: label nsaid_type 2

.  
. /* Counts */
.  
. * First row, exposure = 0 (reference)
. 
.         safecount if exposure == 0 & $outcome == 1
  2,441

.         local event = r(N)

.     bysort exposure: egen total_follow_up = total(_t)

.         su total_follow_up if exposure == 0

    Variable |        Obs        Mean    Std. Dev.       Min        Max
-------------+---------------------------------------------------------
total_foll~p |  1,535,421    1.58e+08           0   1.58e+08   1.58e+08

.         local person_week = r(mean)/7

.         local rate = 1000*(`event'/`person_week')

.         
.         file write tablecontent ("`lab0'") _tab

.         file write tablecontent (`event') _tab %10.0f (`person_week') _tab %3.2f (`rate') _tab

.         file write tablecontent ("1.00 (ref)") _tab _tab ("1.00 (ref)") _tab _tab ("1.00 (ref)") _n

.         
. * Second row, exposure = 1 (Cox-2)
. 
. file write tablecontent ("`lab1'") _tab  

. 
.         safecount if exposure == 1 & $outcome == 1
  6

.         local event = r(N)

.         su total_follow_up if exposure == 1

    Variable |        Obs        Mean    Std. Dev.       Min        Max
-------------+---------------------------------------------------------
total_foll~p |     12,538     1314341           0    1314341    1314341

.         local person_week = r(mean)/7

.         local rate = 1000*(`event'/`person_week')

.         file write tablecontent (`event') _tab %10.0f (`person_week') _tab %3.2f (`rate') _tab

. 
. /* Main Model */ 
. estimates use ./$tempdir/cox_univar 

. lincom 1.exposure, eform

 ( 1)  1.exposure = 0

------------------------------------------------------------------------------
          _t |     exp(b)   Std. Err.      z    P>|z|     [95% Conf. Interval]
-------------+----------------------------------------------------------------
         (1) |   .2962062   .1210742    -2.98   0.003     .1329431    .6599674
------------------------------------------------------------------------------

. file write tablecontent %4.2f (r(estimate)) _tab %4.2f (r(lb)) (" - ") %4.2f (r(ub)) _tab 

. 
. estimates use ./$tempdir/cox_multivar1 

. lincom 1.exposure, eform

 ( 1)  1.exposure = 0

------------------------------------------------------------------------------
          _t |     exp(b)   Std. Err.      z    P>|z|     [95% Conf. Interval]
-------------+----------------------------------------------------------------
         (1) |   .5667331   .2317364    -1.39   0.165     .2542866    1.263088
------------------------------------------------------------------------------

. file write tablecontent %4.2f (r(estimate)) _tab %4.2f (r(lb)) (" - ") %4.2f (r(ub)) _tab 

. 
. estimates use ./$tempdir/cox_multivar2  

. lincom 1.exposure, eform

 ( 1)  1.exposure = 0

------------------------------------------------------------------------------
          _t |     exp(b)   Std. Err.      z    P>|z|     [95% Conf. Interval]
-------------+----------------------------------------------------------------
         (1) |   .4864686   .1993434    -1.76   0.079     .2178976    1.086068
------------------------------------------------------------------------------

. file write tablecontent %4.2f (r(estimate)) _tab %4.2f (r(lb)) (" - ") %4.2f (r(ub)) _n 

. 
. * Third row, exposure = 2 (Non Cox-2)
. 
. file write tablecontent ("`lab2'") _tab  

. 
.         safecount if exposure == 2 & $outcome == 1
  117

.         local event = r(N)

.         su total_follow_up if exposure == 2

    Variable |        Obs        Mean    Std. Dev.       Min        Max
-------------+---------------------------------------------------------
total_foll~p |    163,093    1.71e+07           0   1.71e+07   1.71e+07

.         local person_week = r(mean)/7

.         local rate = 1000*(`event'/`person_week')

.         file write tablecontent (`event') _tab %10.0f (`person_week') _tab %3.2f (`rate') _tab

.         
. /* Main Model */ 
. estimates use ./$tempdir/cox_univar 

. lincom 2.exposure, eform

 ( 1)  2.exposure = 0

------------------------------------------------------------------------------
          _t |     exp(b)   Std. Err.      z    P>|z|     [95% Conf. Interval]
-------------+----------------------------------------------------------------
         (1) |   .4441503   .0420343    -8.58   0.000     .3689542     .534672
------------------------------------------------------------------------------

. file write tablecontent %4.2f (r(estimate)) _tab %4.2f (r(lb)) (" - ") %4.2f (r(ub)) _tab 

. 
. estimates use ./$tempdir/cox_multivar1 

. lincom 2.exposure, eform

 ( 1)  2.exposure = 0

------------------------------------------------------------------------------
          _t |     exp(b)   Std. Err.      z    P>|z|     [95% Conf. Interval]
-------------+----------------------------------------------------------------
         (1) |   .8559716   .0817489    -1.63   0.103     .7098491    1.032174
------------------------------------------------------------------------------

. file write tablecontent %4.2f (r(estimate)) _tab %4.2f (r(lb)) (" - ") %4.2f (r(ub)) _tab 

. 
. estimates use ./$tempdir/cox_multivar2  

. lincom 2.exposure, eform

 ( 1)  2.exposure = 0

------------------------------------------------------------------------------
          _t |     exp(b)   Std. Err.      z    P>|z|     [95% Conf. Interval]
-------------+----------------------------------------------------------------
         (1) |   .8040725   .0791695    -2.21   0.027     .6629569    .9752255
------------------------------------------------------------------------------

. file write tablecontent %4.2f (r(estimate)) _tab %4.2f (r(lb)) (" - ") %4.2f (r(ub)) _n 

. 
. file write tablecontent _n

. file close tablecontent

. 
. 
. * Close log file 
. log close
      name:  <unnamed>
       log:  E:\alex\nsaids-covid-research\analysis\arthritis_log\Cox2_06_an_models.log
  log type:  text
 closed on:  15 Jul 2020, 11:42:10
--------------------------------------------------------------------------------------------------------------------------------
