------------------------------------------------------------------------------------------------------------------------------------------------------------------------------------------------------------------------
      name:  <unnamed>
       log:  E:\analyses\nsaids-covid-research\analysis\arthritis_log\Cox2_06_an_models.log
  log type:  text
 opened on:   8 Oct 2020, 03:16:36

. 
. * Open Stata dataset
. use $tempdir\analysis_dataset_STSET_$outcome, clear

. 
. /* Sense check outcomes=======================================================*/ 
. drop exposure

. rename cox_nsaid exposure

. safetab exposure $outcome, missing row
23

+----------------+
| Key            |
|----------------|
|   frequency    |
| row percentage |
+----------------+

                      |   Failure/censoring
                      |     indicator for
                      |  outcome: ONS covid
    Cox-2 specific vs |         death
other specific NSAIDs |         0          1 |     Total
----------------------+----------------------+----------
no current use of NSA | 1,530,836      2,450 | 1,533,286 
                      |     99.84       0.16 |    100.00 
----------------------+----------------------+----------
Cox-2 specific NSAIDs |    12,553          6 |    12,559 
                      |     99.95       0.05 |    100.00 
----------------------+----------------------+----------
Other specific NSAIDs |   162,819        117 |   162,936 
                      |     99.93       0.07 |    100.00 
----------------------+----------------------+----------
                Total | 1,706,208      2,573 | 1,708,781 
                      |     99.85       0.15 |    100.00 

. 
. /* Main Model=================================================================*/
. 
. /* Univariable model */ 
. 
. stcox i.exposure 

         failure _d:  onscoviddeath
   analysis time _t:  (stime_onscoviddeath-origin)
             origin:  time enter_date
  enter on or after:  time enter_date
                 id:  patient_id

Iteration 0:   log likelihood = -36884.255
Iteration 1:   log likelihood = -36833.743
Iteration 2:   log likelihood = -36830.072
Iteration 3:   log likelihood = -36830.023
Iteration 4:   log likelihood = -36830.023
Refining estimates:
Iteration 0:   log likelihood = -36830.023

Cox regression -- Breslow method for ties

No. of subjects =    1,708,781                  Number of obs    =   1,708,781
No. of failures =        2,573
Time at risk    =    176580629
                                                LR chi2(2)       =      108.46
Log likelihood  =   -36830.023                  Prob > chi2      =      0.0000

----------------------------------------------------------------------------------------
                    _t | Haz. Ratio   Std. Err.      z    P>|z|     [95% Conf. Interval]
-----------------------+----------------------------------------------------------------
              exposure |
Cox-2 specific NSAIDs  |   .2942089   .1202573    -2.99   0.003     .1320471    .6555151
Other specific NSAIDs  |   .4423377   .0418592    -8.62   0.000     .3674542    .5324818
----------------------------------------------------------------------------------------

. estimates save ./$tempdir/cox_univar, replace 
(note: file ./arthritis_tempdata/cox_univar.ster not found)
file ./arthritis_tempdata/cox_univar.ster saved

. 
. /* Multivariable models */ 
. 
. * Age and Gender 
. * Age fit as spline in first instance, categorical below 
. 
. stcox i.exposure i.male age1 age2 age3 

         failure _d:  onscoviddeath
   analysis time _t:  (stime_onscoviddeath-origin)
             origin:  time enter_date
  enter on or after:  time enter_date
                 id:  patient_id

Iteration 0:   log likelihood = -36884.255
Iteration 1:   log likelihood = -35070.824
Iteration 2:   log likelihood = -34580.193
Iteration 3:   log likelihood = -34575.661
Iteration 4:   log likelihood = -34575.374
Iteration 5:   log likelihood = -34575.373
Iteration 6:   log likelihood = -34575.373
Refining estimates:
Iteration 0:   log likelihood = -34575.373

Cox regression -- Breslow method for ties

No. of subjects =    1,708,781                  Number of obs    =   1,708,781
No. of failures =        2,573
Time at risk    =    176580629
                                                LR chi2(6)       =     4617.77
Log likelihood  =   -34575.373                  Prob > chi2      =      0.0000

----------------------------------------------------------------------------------------
                    _t | Haz. Ratio   Std. Err.      z    P>|z|     [95% Conf. Interval]
-----------------------+----------------------------------------------------------------
              exposure |
Cox-2 specific NSAIDs  |   .5641742     .23069    -1.40   0.162     .2531384    1.257385
Other specific NSAIDs  |   .8532899   .0814872    -1.66   0.097     .7076342    1.028927
                       |
                1.male |   1.658337   .0667933    12.56   0.000     1.532458    1.794555
                  age1 |   1.079265   .0206725     3.98   0.000     1.039499    1.120553
                  age2 |   1.037956   .0384044     1.01   0.314      .965349    1.116023
                  age3 |   .9748499   .1184237    -0.21   0.834     .7683068    1.236918
----------------------------------------------------------------------------------------

. estimates save ./$tempdir/cox_multivar1, replace 
(note: file ./arthritis_tempdata/cox_multivar1.ster not found)
file ./arthritis_tempdata/cox_multivar1.ster saved

. 
. * Age, Gender and Comorbidities 
. stcox i.exposure i.male age1 age2 age3  $varlist , strata(stp)                          

         failure _d:  onscoviddeath
   analysis time _t:  (stime_onscoviddeath-origin)
             origin:  time enter_date
  enter on or after:  time enter_date
                 id:  patient_id

Iteration 0:   log likelihood = -28600.388
Iteration 1:   log likelihood = -26434.068
Iteration 2:   log likelihood = -25830.411
Iteration 3:   log likelihood = -25821.696
Iteration 4:   log likelihood = -25821.508
Iteration 5:   log likelihood = -25821.508
Iteration 6:   log likelihood = -25821.508
Refining estimates:
Iteration 0:   log likelihood = -25821.508

Stratified Cox regr. -- Breslow method for ties

No. of subjects =    1,708,781                  Number of obs    =   1,708,781
No. of failures =        2,573
Time at risk    =    176580629
                                                LR chi2(34)      =     5557.76
Log likelihood  =   -25821.508                  Prob > chi2      =      0.0000

----------------------------------------------------------------------------------------
                    _t | Haz. Ratio   Std. Err.      z    P>|z|     [95% Conf. Interval]
-----------------------+----------------------------------------------------------------
              exposure |
Cox-2 specific NSAIDs  |   .4817537   .1974104    -1.78   0.075     .2157865    1.075538
Other specific NSAIDs  |   .8018619   .0789431    -2.24   0.025     .6611485    .9725237
                       |
                1.male |   1.649448   .0684194    12.06   0.000     1.520655     1.78915
                  age1 |   1.086974   .0212208     4.27   0.000     1.046168    1.129372
                  age2 |   1.027743   .0387589     0.73   0.468     .9545169    1.106587
                  age3 |   .9865193   .1222402    -0.11   0.913     .7738071    1.257704
                       |
             obese4cat |
    Obese I (30-34.9)  |   .9848266   .0555433    -0.27   0.786     .8817649    1.099934
   Obese II (35-39.9)  |   1.359642   .1090214     3.83   0.000     1.161908    1.591026
      Obese III (40+)  |   2.006742   .2088395     6.69   0.000     1.636469    2.460793
                       |
          smoke_nomiss |
               Former  |   1.179609   .0509887     3.82   0.000      1.08379    1.283901
              Current  |   1.065222   .1014901     0.66   0.507     .8837732    1.283923
                       |
                   imd |
                    2  |   1.226424   .0828345     3.02   0.003     1.074358    1.400013
                    3  |   1.296524   .0877952     3.83   0.000     1.135379    1.480541
                    4  |   1.534225    .102216     6.42   0.000     1.346414    1.748233
      5 most deprived  |   1.898953    .125876     9.67   0.000     1.667595    2.162409
                       |
                   ckd |
                  CKD  |   1.221443   .0560747     4.36   0.000     1.116338    1.336443
        1.hypertension |   1.057275   .0464115     1.27   0.205     .9701134    1.152268
       1.heart_failure |   1.455071   .0981943     5.56   0.000     1.274798    1.660836
 1.other_heart_disease |   1.113013   .0805096     1.48   0.139      .965892    1.282542
                       |
          diab_control |
  Controlled diabetes  |   1.372471   .0723966     6.00   0.000     1.237664     1.52196
Uncontrolled diabetes  |   2.137532   .1606357    10.11   0.000     1.844781     2.47674
                       |
                1.copd |   1.180802   .0790158     2.48   0.013      1.03566    1.346285
   1.other_respiratory |    1.86505   .1357225     8.56   0.000     1.617139    2.150967
       1.immunodef_any |   1.537828     .33858     1.95   0.051     .9988512    2.367635
              1.cancer |   1.289954   .0623298     5.27   0.000     1.173397     1.41809
                       |
        arthritis_type |
       Osteoarthritis  |   .6209575   .0747381    -3.96   0.000     .4904693    .7861619
         Both RA & OA  |   .8345409   .1171837    -1.29   0.198     .6337595    1.098932
                       |
              1.statin |     .65182   .0311806    -8.95   0.000     .5934847    .7158894
                 1.ppi |     1.2528   .0536592     5.26   0.000     1.151924    1.362511
1.steroid_prednisolone |   1.537108   .1065397     6.20   0.000     1.341857    1.760771
  1.hydroxychloroquine |   1.237843   .2257451     1.17   0.242     .8658286    1.769697
 1.dmards_primary_care |   1.152701   .1404779     1.17   0.244     .9077832    1.463698
         1.flu_vaccine |   .9785045   .0477876    -0.44   0.656     .8891855    1.076796
1.pneumococcal_vaccine |   1.039467   .0729594     0.55   0.581     .9058697    1.192768
----------------------------------------------------------------------------------------
                                                             Stratified by stp

.                                                                                 
. estimates save ./$tempdir/cox_multivar2, replace 
(note: file ./arthritis_tempdata/cox_multivar2.ster not found)
file ./arthritis_tempdata/cox_multivar2.ster saved

. 
. /* Print table================================================================*/ 
. *  Print the results for the main model 
. 
. cap file close tablecontent

. file open tablecontent using ./$outdir/table13.txt, write text replace
(note: file ./arthritis_output/table13.txt not found)

. 
. * Column headings 
. file write tablecontent ("Table 13: Association between current NSAID use according to Cox2 and $tableoutcome - $population Population") _n

. file write tablecontent _tab ("Number of events") _tab ("Total person-weeks") _tab ("Rate per 1,000") _tab ("Univariable") _tab _tab ("Age/Sex Adjusted") _tab _tab ///
>                                                 ("Age/Sex and Comorbidity Adjusted") _tab _tab _n

. file write tablecontent _tab _tab _tab _tab ("HR") _tab ("95% CI") _tab ("HR") _tab ///
>                                                 ("95% CI") _tab ("HR") _tab ("95% CI") _n

. file write tablecontent ("Main Analysis") _n                                    

. 
. * Row headings 
. local lab0: label nsaid_type 0

. local lab1: label nsaid_type 1

. local lab2: label nsaid_type 2

.  
. /* Counts */
.  
. * First row, exposure = 0 (reference)
. 
.         safecount if exposure == 0 & $outcome == 1
  2,450

.         local event = r(N)

.     bysort exposure: egen total_follow_up = total(_t)

.         su total_follow_up if exposure == 0

    Variable |        Obs        Mean    Std. Dev.       Min        Max
-------------+---------------------------------------------------------
total_foll~p |  1,533,286    1.58e+08           0   1.58e+08   1.58e+08

.         local person_week = r(mean)/7

.         local rate = 1000*(`event'/`person_week')

.         
.         file write tablecontent ("`lab0'") _tab

.         file write tablecontent (`event') _tab %10.0f (`person_week') _tab %3.2f (`rate') _tab

.         file write tablecontent ("1.00 (ref)") _tab _tab ("1.00 (ref)") _tab _tab ("1.00 (ref)") _n

.         
. * Second row, exposure = 1 (Cox-2)
. 
. file write tablecontent ("`lab1'") _tab  

. 
.         safecount if exposure == 1 & $outcome == 1
  6

.         local event = r(N)

.         su total_follow_up if exposure == 1

    Variable |        Obs        Mean    Std. Dev.       Min        Max
-------------+---------------------------------------------------------
total_foll~p |     12,559     1316511           0    1316511    1316511

.         local person_week = r(mean)/7

.         local rate = 1000*(`event'/`person_week')

.         file write tablecontent (`event') _tab %10.0f (`person_week') _tab %3.2f (`rate') _tab

. 
. /* Main Model */ 
. estimates use ./$tempdir/cox_univar 

. lincom 1.exposure, eform

 ( 1)  1.exposure = 0

------------------------------------------------------------------------------
          _t |     exp(b)   Std. Err.      z    P>|z|     [95% Conf. Interval]
-------------+----------------------------------------------------------------
         (1) |   .2942089   .1202573    -2.99   0.003     .1320471    .6555151
------------------------------------------------------------------------------

. file write tablecontent %4.2f (r(estimate)) _tab %4.2f (r(lb)) (" - ") %4.2f (r(ub)) _tab 

. 
. estimates use ./$tempdir/cox_multivar1 

. lincom 1.exposure, eform

 ( 1)  1.exposure = 0

------------------------------------------------------------------------------
          _t |     exp(b)   Std. Err.      z    P>|z|     [95% Conf. Interval]
-------------+----------------------------------------------------------------
         (1) |   .5641742     .23069    -1.40   0.162     .2531384    1.257385
------------------------------------------------------------------------------

. file write tablecontent %4.2f (r(estimate)) _tab %4.2f (r(lb)) (" - ") %4.2f (r(ub)) _tab 

. 
. estimates use ./$tempdir/cox_multivar2  

. lincom 1.exposure, eform

 ( 1)  1.exposure = 0

------------------------------------------------------------------------------
          _t |     exp(b)   Std. Err.      z    P>|z|     [95% Conf. Interval]
-------------+----------------------------------------------------------------
         (1) |   .4817537   .1974104    -1.78   0.075     .2157865    1.075538
------------------------------------------------------------------------------

. file write tablecontent %4.2f (r(estimate)) _tab %4.2f (r(lb)) (" - ") %4.2f (r(ub)) _n 

. 
. * Third row, exposure = 2 (Non Cox-2)
. 
. file write tablecontent ("`lab2'") _tab  

. 
.         safecount if exposure == 2 & $outcome == 1
  117

.         local event = r(N)

.         su total_follow_up if exposure == 2

    Variable |        Obs        Mean    Std. Dev.       Min        Max
-------------+---------------------------------------------------------
total_foll~p |    162,936    1.71e+07           0   1.71e+07   1.71e+07

.         local person_week = r(mean)/7

.         local rate = 1000*(`event'/`person_week')

.         file write tablecontent (`event') _tab %10.0f (`person_week') _tab %3.2f (`rate') _tab

.         
. /* Main Model */ 
. estimates use ./$tempdir/cox_univar 

. lincom 2.exposure, eform

 ( 1)  2.exposure = 0

------------------------------------------------------------------------------
          _t |     exp(b)   Std. Err.      z    P>|z|     [95% Conf. Interval]
-------------+----------------------------------------------------------------
         (1) |   .4423377   .0418592    -8.62   0.000     .3674542    .5324818
------------------------------------------------------------------------------

. file write tablecontent %4.2f (r(estimate)) _tab %4.2f (r(lb)) (" - ") %4.2f (r(ub)) _tab 

. 
. estimates use ./$tempdir/cox_multivar1 

. lincom 2.exposure, eform

 ( 1)  2.exposure = 0

------------------------------------------------------------------------------
          _t |     exp(b)   Std. Err.      z    P>|z|     [95% Conf. Interval]
-------------+----------------------------------------------------------------
         (1) |   .8532899   .0814872    -1.66   0.097     .7076342    1.028927
------------------------------------------------------------------------------

. file write tablecontent %4.2f (r(estimate)) _tab %4.2f (r(lb)) (" - ") %4.2f (r(ub)) _tab 

. 
. estimates use ./$tempdir/cox_multivar2  

. lincom 2.exposure, eform

 ( 1)  2.exposure = 0

------------------------------------------------------------------------------
          _t |     exp(b)   Std. Err.      z    P>|z|     [95% Conf. Interval]
-------------+----------------------------------------------------------------
         (1) |   .8018619   .0789431    -2.24   0.025     .6611485    .9725237
------------------------------------------------------------------------------

. file write tablecontent %4.2f (r(estimate)) _tab %4.2f (r(lb)) (" - ") %4.2f (r(ub)) _n 

. 
. file write tablecontent _n

. file close tablecontent

. 
. 
. * Close log file 
. log close
      name:  <unnamed>
       log:  E:\analyses\nsaids-covid-research\analysis\arthritis_log\Cox2_06_an_models.log
  log type:  text
 closed on:   8 Oct 2020, 03:21:25
------------------------------------------------------------------------------------------------------------------------------------------------------------------------------------------------------------------------
