------------------------------------------------------------------------------------------------------------------------------------------------------------------------------------------------------------------------
      name:  <unnamed>
       log:  E:\analyses\nsaids-covid-research\analysis\arthritis_log\Ibuprofen_06_an_models.log
  log type:  text
 opened on:   8 Oct 2020, 04:11:51

. 
. * Open Stata dataset
. use $tempdir\analysis_dataset_STSET_$outcome, clear

. 
. /* Sense check outcomes=======================================================*/ 
. drop exposure

. rename ibuprofen exposure

. safetab exposure $outcome, missing row
23

+----------------+
| Key            |
|----------------|
|   frequency    |
| row percentage |
+----------------+

                      |   Failure/censoring
                      |     indicator for
                      |  outcome: ONS covid
   ibuprofen vs other |         death
               NSAIDs |         0          1 |     Total
----------------------+----------------------+----------
no current use of NSA | 1,530,836      2,450 | 1,533,286 
                      |     99.84       0.16 |    100.00 
----------------------+----------------------+----------
            ibuprofen |    21,853         24 |    21,877 
                      |     99.89       0.11 |    100.00 
----------------------+----------------------+----------
         other NSAIDs |   153,519         99 |   153,618 
                      |     99.94       0.06 |    100.00 
----------------------+----------------------+----------
                Total | 1,706,208      2,573 | 1,708,781 
                      |     99.85       0.15 |    100.00 

. 
. /* Main Model=================================================================*/
. 
. /* Univariable model */ 
. 
. stcox i.exposure 

         failure _d:  onscoviddeath
   analysis time _t:  (stime_onscoviddeath-origin)
             origin:  time enter_date
  enter on or after:  time enter_date
                 id:  patient_id

Iteration 0:   log likelihood = -36884.255
Iteration 1:   log likelihood = -36832.276
Iteration 2:   log likelihood = -36828.151
Iteration 3:   log likelihood = -36828.098
Iteration 4:   log likelihood = -36828.098
Refining estimates:
Iteration 0:   log likelihood = -36828.098

Cox regression -- Breslow method for ties

No. of subjects =    1,708,781                  Number of obs    =   1,708,781
No. of failures =        2,573
Time at risk    =    176580629
                                                LR chi2(2)       =      112.32
Log likelihood  =   -36828.098                  Prob > chi2      =      0.0000

-------------------------------------------------------------------------------
           _t | Haz. Ratio   Std. Err.      z    P>|z|     [95% Conf. Interval]
--------------+----------------------------------------------------------------
     exposure |
   ibuprofen  |    .677008   .1388689    -1.90   0.057     .4528914     1.01203
other NSAIDs  |   .3968773   .0406856    -9.01   0.000     .3246355    .4851954
-------------------------------------------------------------------------------

. estimates save ./$tempdir/ibu_univar, replace 
(note: file ./arthritis_tempdata/ibu_univar.ster not found)
file ./arthritis_tempdata/ibu_univar.ster saved

. 
. /* Multivariable models */ 
. 
. * Age and Gender 
. * Age fit as spline in first instance, categorical below 
. 
. stcox i.exposure i.male age1 age2 age3 

         failure _d:  onscoviddeath
   analysis time _t:  (stime_onscoviddeath-origin)
             origin:  time enter_date
  enter on or after:  time enter_date
                 id:  patient_id

Iteration 0:   log likelihood = -36884.255
Iteration 1:   log likelihood = -35070.972
Iteration 2:   log likelihood = -34580.729
Iteration 3:   log likelihood = -34576.211
Iteration 4:   log likelihood = -34575.925
Iteration 5:   log likelihood = -34575.923
Iteration 6:   log likelihood = -34575.923
Refining estimates:
Iteration 0:   log likelihood = -34575.923

Cox regression -- Breslow method for ties

No. of subjects =    1,708,781                  Number of obs    =   1,708,781
No. of failures =        2,573
Time at risk    =    176580629
                                                LR chi2(6)       =     4616.66
Log likelihood  =   -34575.923                  Prob > chi2      =      0.0000

-------------------------------------------------------------------------------
           _t | Haz. Ratio   Std. Err.      z    P>|z|     [95% Conf. Interval]
--------------+----------------------------------------------------------------
     exposure |
   ibuprofen  |   .8462885   .1736846    -0.81   0.416     .5660119    1.265352
other NSAIDs  |   .8290757   .0858238    -1.81   0.070     .6768306    1.015567
              |
       1.male |   1.658967   .0668171    12.57   0.000     1.533043    1.795233
         age1 |    1.07933   .0206736     3.99   0.000     1.039562     1.12062
         age2 |   1.037794   .0383992     1.00   0.316     .9651973    1.115852
         age3 |   .9753474   .1184897    -0.21   0.837     .7686903    1.237563
-------------------------------------------------------------------------------

. estimates save ./$tempdir/ibu_multivar1, replace 
(note: file ./arthritis_tempdata/ibu_multivar1.ster not found)
file ./arthritis_tempdata/ibu_multivar1.ster saved

. 
. * Age, Gender and Comorbidities 
. stcox i.exposure i.male age1 age2 age3  $varlist , strata(stp)                          

         failure _d:  onscoviddeath
   analysis time _t:  (stime_onscoviddeath-origin)
             origin:  time enter_date
  enter on or after:  time enter_date
                 id:  patient_id

Iteration 0:   log likelihood = -28600.388
Iteration 1:   log likelihood = -26434.446
Iteration 2:   log likelihood = -25831.202
Iteration 3:   log likelihood = -25822.489
Iteration 4:   log likelihood = -25822.302
Iteration 5:   log likelihood = -25822.301
Iteration 6:   log likelihood = -25822.301
Refining estimates:
Iteration 0:   log likelihood = -25822.301

Stratified Cox regr. -- Breslow method for ties

No. of subjects =    1,708,781                  Number of obs    =   1,708,781
No. of failures =        2,573
Time at risk    =    176580629
                                                LR chi2(34)      =     5556.17
Log likelihood  =   -25822.301                  Prob > chi2      =      0.0000

----------------------------------------------------------------------------------------
                    _t | Haz. Ratio   Std. Err.      z    P>|z|     [95% Conf. Interval]
-----------------------+----------------------------------------------------------------
              exposure |
            ibuprofen  |   .8329652   .1719119    -0.89   0.376     .5558419    1.248253
         other NSAIDs  |   .7637085   .0812163    -2.53   0.011     .6200217    .9406938
                       |
                1.male |   1.650149    .068447    12.08   0.000     1.521304    1.789907
                  age1 |   1.087057   .0212222     4.28   0.000     1.046249    1.129458
                  age2 |   1.027452   .0387479     0.72   0.473     .9542459    1.106273
                  age3 |   .9875314   .1223687    -0.10   0.919     .7745963    1.259002
                       |
             obese4cat |
    Obese I (30-34.9)  |   .9849037   .0555478    -0.27   0.787     .8818336    1.100021
   Obese II (35-39.9)  |   1.359532   .1090124     3.83   0.000     1.161814    1.590896
      Obese III (40+)  |   2.006742   .2088418     6.69   0.000     1.636466    2.460799
                       |
          smoke_nomiss |
               Former  |   1.179654   .0509904     3.82   0.000     1.083831    1.283949
              Current  |   1.065469   .1015138     0.67   0.506     .8839781    1.284222
                       |
                   imd |
                    2  |   1.226409   .0828338     3.02   0.003     1.074345    1.399997
                    3  |   1.296422   .0877879     3.83   0.000      1.13529    1.480424
                    4  |   1.534391   .1022274     6.43   0.000      1.34656    1.748423
      5 most deprived  |   1.898802    .125866     9.67   0.000     1.667462    2.162237
                       |
                   ckd |
                  CKD  |   1.220999    .056052     4.35   0.000     1.115937    1.335953
        1.hypertension |   1.057207   .0464091     1.27   0.205     .9700497    1.152194
       1.heart_failure |   1.455145    .098197     5.56   0.000     1.274867    1.660916
 1.other_heart_disease |   1.112965   .0805058     1.48   0.139     .9658516    1.282487
                       |
          diab_control |
  Controlled diabetes  |   1.372511   .0723983     6.00   0.000     1.237701    1.522003
Uncontrolled diabetes  |   2.137225   .1606125    10.11   0.000     1.844516    2.476384
                       |
                1.copd |   1.180908   .0790158     2.49   0.013     1.035765     1.34639
   1.other_respiratory |   1.864345   .1356595     8.56   0.000     1.616547    2.150128
       1.immunodef_any |   1.535631   .3381046     1.95   0.051     .9974138    2.364278
              1.cancer |   1.289871   .0623255     5.27   0.000     1.173321    1.417998
                       |
        arthritis_type |
       Osteoarthritis  |   .6211307   .0747598    -3.96   0.000     .4906048    .7863833
         Both RA & OA  |   .8330134   .1169677    -1.30   0.193     .6326018    1.096917
                       |
              1.statin |   .6519399   .0311854    -8.94   0.000     .5935953    .7160192
                 1.ppi |   1.253699   .0536877     5.28   0.000     1.152768    1.363467
1.steroid_prednisolone |   1.535871   .1064482     6.19   0.000     1.340786     1.75934
  1.hydroxychloroquine |   1.236317   .2254516     1.16   0.245     .8647826    1.767473
 1.dmards_primary_care |   1.150821   .1402432     1.15   0.249     .9063116    1.461297
         1.flu_vaccine |    .978227   .0477729    -0.45   0.652     .8889353    1.076488
1.pneumococcal_vaccine |   1.039397   .0729572     0.55   0.582     .9058036    1.192694
----------------------------------------------------------------------------------------
                                                             Stratified by stp

.                                                                                 
. estimates save ./$tempdir/ibu_multivar2, replace 
(note: file ./arthritis_tempdata/ibu_multivar2.ster not found)
file ./arthritis_tempdata/ibu_multivar2.ster saved

. 
. /* Print table================================================================*/ 
. *  Print the results for the main model 
. 
. cap file close tablecontent

. file open tablecontent using ./$outdir/table17.txt, write text replace
(note: file ./arthritis_output/table17.txt not found)

. 
. * Column headings 
. file write tablecontent ("Table 17: Association between current NSAID use according to ibuprofen and $tableoutcome - $population Population") _n

. file write tablecontent _tab ("Number of events") _tab ("Total person-weeks") _tab ("Rate per 1,000") _tab ("Univariable") _tab _tab ("Age/Sex Adjusted") _tab _tab ///
>                                                 ("Age/Sex and Comorbidity Adjusted") _tab _tab _n

. file write tablecontent _tab _tab _tab _tab ("HR") _tab ("95% CI") _tab ("HR") _tab ///
>                                                 ("95% CI") _tab ("HR") _tab ("95% CI") _n

. file write tablecontent ("Main Analysis") _n                                    

. 
. * Row headings 
. local lab0: label nsaid_ibu 0

. local lab1: label nsaid_ibu 1

. local lab2: label nsaid_ibu 2

.  
. /* Counts */
.  
. * First row, exposure = 0 (reference)
. 
.         safecount if exposure == 0 & $outcome == 1
  2,450

.         local event = r(N)

.     bysort exposure: egen total_follow_up = total(_t)

.         su total_follow_up if exposure == 0

    Variable |        Obs        Mean    Std. Dev.       Min        Max
-------------+---------------------------------------------------------
total_foll~p |  1,533,286    1.58e+08           0   1.58e+08   1.58e+08

.         local person_week = r(mean)/7

.         local rate = 1000*(`event'/`person_week')

.         
.         file write tablecontent ("`lab0'") _tab

.         file write tablecontent (`event') _tab %10.0f (`person_week') _tab %3.2f (`rate') _tab

.         file write tablecontent ("1.00 (ref)") _tab _tab ("1.00 (ref)") _tab _tab ("1.00 (ref)") _n

.         
. * Second row, exposure = 1 (ibuprofen)
. 
. file write tablecontent ("`lab1'") _tab  

. 
.         safecount if exposure == 1 & $outcome == 1
  24

.         local event = r(N)

.         su total_follow_up if exposure == 1

    Variable |        Obs        Mean    Std. Dev.       Min        Max
-------------+---------------------------------------------------------
total_foll~p |     21,877     2288777           0    2288777    2288777

.         local person_week = r(mean)/7

.         local rate = 1000*(`event'/`person_week')

.         file write tablecontent (`event') _tab %10.0f (`person_week') _tab %3.2f (`rate') _tab

. 
. /* Main Model */ 
. estimates use ./$tempdir/ibu_univar 

. lincom 1.exposure, eform

 ( 1)  1.exposure = 0

------------------------------------------------------------------------------
          _t |     exp(b)   Std. Err.      z    P>|z|     [95% Conf. Interval]
-------------+----------------------------------------------------------------
         (1) |    .677008   .1388689    -1.90   0.057     .4528914     1.01203
------------------------------------------------------------------------------

. file write tablecontent %4.2f (r(estimate)) _tab %4.2f (r(lb)) (" - ") %4.2f (r(ub)) _tab 

. 
. estimates use ./$tempdir/ibu_multivar1 

. lincom 1.exposure, eform

 ( 1)  1.exposure = 0

------------------------------------------------------------------------------
          _t |     exp(b)   Std. Err.      z    P>|z|     [95% Conf. Interval]
-------------+----------------------------------------------------------------
         (1) |   .8462885   .1736846    -0.81   0.416     .5660119    1.265352
------------------------------------------------------------------------------

. file write tablecontent %4.2f (r(estimate)) _tab %4.2f (r(lb)) (" - ") %4.2f (r(ub)) _tab 

. 
. estimates use ./$tempdir/ibu_multivar2  

. lincom 1.exposure, eform

 ( 1)  1.exposure = 0

------------------------------------------------------------------------------
          _t |     exp(b)   Std. Err.      z    P>|z|     [95% Conf. Interval]
-------------+----------------------------------------------------------------
         (1) |   .8329652   .1719119    -0.89   0.376     .5558419    1.248253
------------------------------------------------------------------------------

. file write tablecontent %4.2f (r(estimate)) _tab %4.2f (r(lb)) (" - ") %4.2f (r(ub)) _n

.         
. * Third row, exposure = 2 (Non ibuprofen)
. 
. file write tablecontent ("`lab2'") _tab  

. 
.         safecount if exposure == 2 & $outcome == 1
  99

.         local event = r(N)

.         su total_follow_up if exposure == 2

    Variable |        Obs        Mean    Std. Dev.       Min        Max
-------------+---------------------------------------------------------
total_foll~p |    153,618    1.61e+07           0   1.61e+07   1.61e+07

.         local person_week = r(mean)/7

.         local rate = 1000*(`event'/`person_week')

.         file write tablecontent (`event') _tab %10.0f (`person_week') _tab %3.2f (`rate') _tab

.         
. /* Main Model */ 
. estimates use ./$tempdir/ibu_univar 

. lincom 2.exposure, eform

 ( 1)  2.exposure = 0

------------------------------------------------------------------------------
          _t |     exp(b)   Std. Err.      z    P>|z|     [95% Conf. Interval]
-------------+----------------------------------------------------------------
         (1) |   .3968773   .0406856    -9.01   0.000     .3246355    .4851954
------------------------------------------------------------------------------

. file write tablecontent %4.2f (r(estimate)) _tab %4.2f (r(lb)) (" - ") %4.2f (r(ub)) _tab 

. 
. estimates use ./$tempdir/ibu_multivar1 

. lincom 2.exposure, eform

 ( 1)  2.exposure = 0

------------------------------------------------------------------------------
          _t |     exp(b)   Std. Err.      z    P>|z|     [95% Conf. Interval]
-------------+----------------------------------------------------------------
         (1) |   .8290757   .0858238    -1.81   0.070     .6768306    1.015567
------------------------------------------------------------------------------

. file write tablecontent %4.2f (r(estimate)) _tab %4.2f (r(lb)) (" - ") %4.2f (r(ub)) _tab 

. 
. estimates use ./$tempdir/ibu_multivar2  

. lincom 2.exposure, eform

 ( 1)  2.exposure = 0

------------------------------------------------------------------------------
          _t |     exp(b)   Std. Err.      z    P>|z|     [95% Conf. Interval]
-------------+----------------------------------------------------------------
         (1) |   .7637085   .0812163    -2.53   0.011     .6200217    .9406938
------------------------------------------------------------------------------

. file write tablecontent %4.2f (r(estimate)) _tab %4.2f (r(lb)) (" - ") %4.2f (r(ub)) _n

. 
. file write tablecontent _n

. file close tablecontent

. 
. 
. * Close log file 
. log close
      name:  <unnamed>
       log:  E:\analyses\nsaids-covid-research\analysis\arthritis_log\Ibuprofen_06_an_models.log
  log type:  text
 closed on:   8 Oct 2020, 04:16:30
------------------------------------------------------------------------------------------------------------------------------------------------------------------------------------------------------------------------
